{"level":"info","message":"success: Samyok.js","timestamp":"2018-03-11T21:59:36.014Z"}
{"level":"silly","message":"Imports done.","timestamp":"2018-03-11T21:59:36.135Z"}
{"level":"info","message":"Started English Memory Match's socket server.","timestamp":"2018-03-11T21:59:36.148Z"}
{"level":"info","message":"Started English Memory Match's express server. Listening to port 4000.","timestamp":"2018-03-11T21:59:36.150Z"}
{"level":"info","message":"+1 user! Key: xlxL7pnD4OB15vEzAAAA Total: 1","timestamp":"2018-03-11T21:59:36.989Z"}
{"xlxL7pnD4OB15vEzAAAA":{"logged_in":false},"level":"silly","message":"","timestamp":"2018-03-11T21:59:36.989Z"}
{"level":"info","message":"+1 user! Key: Kc7xIGvjGY-_4TlcAAAB Total: 2","timestamp":"2018-03-11T21:59:37.335Z"}
{"xlxL7pnD4OB15vEzAAAA":{"logged_in":false},"Kc7xIGvjGY-_4TlcAAAB":{"logged_in":false},"level":"silly","message":"","timestamp":"2018-03-11T21:59:37.335Z"}
{"level":"info","message":"+1 user! Key: T2GHkfvXSHupGBomAAAC Total: 3","timestamp":"2018-03-11T21:59:37.347Z"}
{"xlxL7pnD4OB15vEzAAAA":{"logged_in":false},"Kc7xIGvjGY-_4TlcAAAB":{"logged_in":false},"T2GHkfvXSHupGBomAAAC":{"logged_in":false},"level":"silly","message":"","timestamp":"2018-03-11T21:59:37.348Z"}
{"level":"info","message":"+1 user! Key: t16JZBP18MiEki-dAAAD Total: 4","timestamp":"2018-03-11T21:59:37.608Z"}
{"xlxL7pnD4OB15vEzAAAA":{"logged_in":false},"Kc7xIGvjGY-_4TlcAAAB":{"logged_in":false},"T2GHkfvXSHupGBomAAAC":{"logged_in":false},"t16JZBP18MiEki-dAAAD":{"logged_in":false},"level":"silly","message":"","timestamp":"2018-03-11T21:59:37.608Z"}
{"level":"error","message":"Deleted room clean, the room's info was undefined or no other player was in it. ","timestamp":"2018-03-11T21:59:39.292Z"}
{"level":"silly","message":"","timestamp":"2018-03-11T21:59:39.292Z"}
{"level":"info","message":"-1 user. Key: T2GHkfvXSHupGBomAAAC Total: 4","timestamp":"2018-03-11T21:59:39.292Z"}
{"level":"info","message":"Removed user undefined from lobby clean","timestamp":"2018-03-11T21:59:39.292Z"}
{"level":"info","message":"Deleting undefined","timestamp":"2018-03-11T21:59:39.293Z"}
{"level":"info","message":"+1 user! Key: S6YhrJzmO3ZDbLhnAAAE Total: 4","timestamp":"2018-03-11T21:59:39.535Z"}
{"xlxL7pnD4OB15vEzAAAA":{"logged_in":false},"Kc7xIGvjGY-_4TlcAAAB":{"logged_in":false},"t16JZBP18MiEki-dAAAD":{"logged_in":false},"S6YhrJzmO3ZDbLhnAAAE":{"logged_in":false},"level":"silly","message":"","timestamp":"2018-03-11T21:59:39.535Z"}
{"level":"info","message":"-1 user. Key: xlxL7pnD4OB15vEzAAAA Total: 4","timestamp":"2018-03-11T21:59:41.970Z"}
{"level":"info","message":"Removed user undefined from lobby clean","timestamp":"2018-03-11T21:59:41.971Z"}
{"level":"info","message":"Deleting undefined","timestamp":"2018-03-11T21:59:41.971Z"}
{"level":"info","message":"+1 user! Key: v0jercmEYWcqpAnkAAAF Total: 4","timestamp":"2018-03-11T21:59:42.494Z"}
{"Kc7xIGvjGY-_4TlcAAAB":{"logged_in":false},"t16JZBP18MiEki-dAAAD":{"logged_in":false},"S6YhrJzmO3ZDbLhnAAAE":{"logged_in":false},"v0jercmEYWcqpAnkAAAF":{"logged_in":false},"level":"silly","message":"","timestamp":"2018-03-11T21:59:42.494Z"}
{"level":"info","message":"-1 user. Key: Kc7xIGvjGY-_4TlcAAAB Total: 4","timestamp":"2018-03-11T21:59:43.561Z"}
{"level":"info","message":"Removed user undefined from lobby clean","timestamp":"2018-03-11T21:59:43.562Z"}
{"level":"info","message":"Deleting undefined","timestamp":"2018-03-11T21:59:43.562Z"}
{"level":"info","message":"+1 user! Key: kJD-FKnpYxi2nTSuAAAG Total: 4","timestamp":"2018-03-11T21:59:43.797Z"}
{"t16JZBP18MiEki-dAAAD":{"logged_in":false},"S6YhrJzmO3ZDbLhnAAAE":{"logged_in":false},"v0jercmEYWcqpAnkAAAF":{"logged_in":false},"kJD-FKnpYxi2nTSuAAAG":{"logged_in":false},"level":"silly","message":"","timestamp":"2018-03-11T21:59:43.797Z"}
{"t16JZBP18MiEki-dAAAD":{"logged_in":false},"S6YhrJzmO3ZDbLhnAAAE":{"logged_in":true,"username":"asd"},"v0jercmEYWcqpAnkAAAF":{"logged_in":false},"kJD-FKnpYxi2nTSuAAAG":{"logged_in":false},"level":"silly","message":"","timestamp":"2018-03-11T21:59:46.527Z"}
{"level":"info","message":"Login: asd","timestamp":"2018-03-11T21:59:46.528Z"}
{"level":"info","message":"Move asd to lobby 'main'.","timestamp":"2018-03-11T21:59:46.529Z"}
{"main":{"S6YhrJzmO3ZDbLhnAAAE":"asd"},"level":"silly","message":"","timestamp":"2018-03-11T21:59:46.529Z"}
{"t16JZBP18MiEki-dAAAD":{"logged_in":true,"username":"a"},"S6YhrJzmO3ZDbLhnAAAE":{"logged_in":true,"username":"asd"},"v0jercmEYWcqpAnkAAAF":{"logged_in":false},"kJD-FKnpYxi2nTSuAAAG":{"logged_in":false},"level":"silly","message":"","timestamp":"2018-03-11T21:59:49.440Z"}
{"level":"info","message":"Login: a","timestamp":"2018-03-11T21:59:49.441Z"}
{"level":"info","message":"Move a to lobby 'main'.","timestamp":"2018-03-11T21:59:49.442Z"}
{"main":{"S6YhrJzmO3ZDbLhnAAAE":"asd","t16JZBP18MiEki-dAAAD":"a"},"level":"silly","message":"","timestamp":"2018-03-11T21:59:49.442Z"}
{"t16JZBP18MiEki-dAAAD":{"logged_in":true,"username":"a"},"S6YhrJzmO3ZDbLhnAAAE":{"logged_in":true,"username":"asd"},"v0jercmEYWcqpAnkAAAF":{"logged_in":false},"kJD-FKnpYxi2nTSuAAAG":{"logged_in":true,"username":"as"},"level":"silly","message":"","timestamp":"2018-03-11T21:59:51.296Z"}
{"level":"info","message":"Login: as","timestamp":"2018-03-11T21:59:51.297Z"}
{"level":"info","message":"Move as to lobby 'main'.","timestamp":"2018-03-11T21:59:51.297Z"}
{"main":{"S6YhrJzmO3ZDbLhnAAAE":"asd","t16JZBP18MiEki-dAAAD":"a","kJD-FKnpYxi2nTSuAAAG":"as"},"level":"silly","message":"","timestamp":"2018-03-11T21:59:51.298Z"}
{"t16JZBP18MiEki-dAAAD":{"logged_in":true,"username":"a"},"S6YhrJzmO3ZDbLhnAAAE":{"logged_in":true,"username":"asd"},"v0jercmEYWcqpAnkAAAF":{"logged_in":true,"username":"d"},"kJD-FKnpYxi2nTSuAAAG":{"logged_in":true,"username":"as"},"level":"silly","message":"","timestamp":"2018-03-11T21:59:53.752Z"}
{"level":"info","message":"Login: d","timestamp":"2018-03-11T21:59:53.754Z"}
{"level":"info","message":"Move d to lobby 'main'.","timestamp":"2018-03-11T21:59:53.755Z"}
{"main":{"S6YhrJzmO3ZDbLhnAAAE":"asd","t16JZBP18MiEki-dAAAD":"a","kJD-FKnpYxi2nTSuAAAG":"as","v0jercmEYWcqpAnkAAAF":"d"},"level":"silly","message":"","timestamp":"2018-03-11T21:59:53.755Z"}
{"room9":{"type":"double","gameInfo":{"leader":"v0jercmEYWcqpAnkAAAF","player2":null},"game":{},"ready":{"leader":false,"player2":false},"started":false,"abandoned":false},"level":"silly","message":"","timestamp":"2018-03-11T21:59:55.461Z"}
{"room9":{"type":"double","gameInfo":{"leader":"v0jercmEYWcqpAnkAAAF","player2":null},"game":{},"ready":{"leader":false,"player2":false},"started":false,"abandoned":false},"room28":{"type":"double","gameInfo":{"leader":"kJD-FKnpYxi2nTSuAAAG","player2":null},"game":{},"ready":{"leader":false,"player2":false},"started":false,"abandoned":false},"level":"silly","message":"","timestamp":"2018-03-11T21:59:57.765Z"}
{"room9":{"type":"double","gameInfo":{"leader":"v0jercmEYWcqpAnkAAAF","player2":null},"game":{},"ready":{"leader":false,"player2":false},"started":false,"abandoned":false},"room28":{"type":"double","gameInfo":{"leader":"kJD-FKnpYxi2nTSuAAAG","player2":"t16JZBP18MiEki-dAAAD"},"game":{},"ready":{"leader":false,"player2":false},"started":false,"abandoned":false},"level":"silly","message":"","timestamp":"2018-03-11T22:00:02.890Z"}
{"level":"info","message":"Marked as as ready to play in room room28.","timestamp":"2018-03-11T22:00:02.892Z"}
{"room9":{"type":"double","gameInfo":{"leader":"v0jercmEYWcqpAnkAAAF","player2":null},"game":{},"ready":{"leader":false,"player2":false},"started":false,"abandoned":false},"room28":{"type":"double","gameInfo":{"leader":"kJD-FKnpYxi2nTSuAAAG","player2":"t16JZBP18MiEki-dAAAD"},"game":{},"ready":{"leader":true,"player2":false},"started":false,"abandoned":false},"level":"silly","message":"","timestamp":"2018-03-11T22:00:02.892Z"}
[{"question":"Main character","answer":"Guy Montag"},{"question":"Montag's wife","answer":"Mildred"},{"question":"Last Person killed by Montag","answer":"Captain Beatty"},{"question":"A machine that tries to kill Montag","answer":"The Hound"},{"question":"The book Montag memorized","answer":"Book of Ecclesiastes"},{"question":"Poem that Montag reads","answer":"Dover Beach"},{"question":"Temperature at which paper burns","answer":"451 degrees Farenheit"},{"question":"Most important girl in the story","answer":"Clarisse McClellan"},{"question":"Author of Fahrenheit 451 ","answer":"Ray Bradbury"},{"question":"Number of walls in Mildred's \"family\"","answer":"3"},{"question":"Clarisse makes Montag question this feeling","answer":"Happiness"},{"question":"Mildred ___, so techies were called. ","answer":"Ate too many sleeping pills"},{"question":"Leader of so-called \"criminals\" ","answer":"Granger"},{"question":"Montag original thoughts on burning","answer":"Pleasing"},{"question":"Montag convinced Faber to help him by...","answer":"Ripping pages out of the Bible"},{"question":"The Hound's weapon","answer":"A procaine needle"},{"question":"Name of fireman that Montag reported","answer":"Black"},{"question":"A(n) ___ man is killed instead of Montag","answer":"Innocent"}]
{"level":"info","message":"Marked a as ready to play in room room28.","timestamp":"2018-03-11T22:00:03.509Z"}
{"room9":{"type":"double","gameInfo":{"leader":"v0jercmEYWcqpAnkAAAF","player2":null},"game":{},"ready":{"leader":false,"player2":false},"started":false,"abandoned":false},"room28":{"type":"double","gameInfo":{"leader":"kJD-FKnpYxi2nTSuAAAG","player2":"t16JZBP18MiEki-dAAAD"},"game":{},"ready":{"leader":true,"player2":true},"started":false,"abandoned":false},"level":"silly","message":"","timestamp":"2018-03-11T22:00:03.509Z"}
[{"question":"Main character","answer":"Guy Montag"},{"question":"Montag's wife","answer":"Mildred"},{"question":"Last Person killed by Montag","answer":"Captain Beatty"},{"question":"A machine that tries to kill Montag","answer":"The Hound"},{"question":"The book Montag memorized","answer":"Book of Ecclesiastes"},{"question":"Poem that Montag reads","answer":"Dover Beach"},{"question":"Temperature at which paper burns","answer":"451 degrees Farenheit"},{"question":"Most important girl in the story","answer":"Clarisse McClellan"},{"question":"Author of Fahrenheit 451 ","answer":"Ray Bradbury"},{"question":"Number of walls in Mildred's \"family\"","answer":"3"},{"question":"Clarisse makes Montag question this feeling","answer":"Happiness"},{"question":"Mildred ___, so techies were called. ","answer":"Ate too many sleeping pills"},{"question":"Leader of so-called \"criminals\" ","answer":"Granger"},{"question":"Montag original thoughts on burning","answer":"Pleasing"},{"question":"Montag convinced Faber to help him by...","answer":"Ripping pages out of the Bible"},{"question":"The Hound's weapon","answer":"A procaine needle"},{"question":"Name of fireman that Montag reported","answer":"Black"},{"question":"A(n) ___ man is killed instead of Montag","answer":"Innocent"}]
{"level":"info","message":"Started game in room room28.","timestamp":"2018-03-11T22:00:03.512Z"}
{"room9":{"type":"double","gameInfo":{"leader":"v0jercmEYWcqpAnkAAAF","player2":null},"game":{},"ready":{"leader":false,"player2":false},"started":false,"abandoned":false},"room28":{"type":"double","gameInfo":{"leader":"kJD-FKnpYxi2nTSuAAAG","player2":"t16JZBP18MiEki-dAAAD"},"game":{},"ready":{"leader":true,"player2":true},"started":1,"abandoned":false,"cards":["A procaine needle","The book Montag memorized","Mildred ___, so techies were called. ","Ray Bradbury","Captain Beatty","Number of walls in Mildred's \"family\"","Leader of so-called \"criminals\" ","Black","Pleasing","Guy Montag","The Hound's weapon","Montag's wife","The Hound","Mildred","Last Person killed by Montag","Name of fireman that Montag reported","Happiness","Montag original thoughts on burning","Temperature at which paper burns","Main character","3","451 degrees Farenheit","A(n) ___ man is killed instead of Montag","Granger","A machine that tries to kill Montag","Author of Fahrenheit 451 ","Most important girl in the story","Poem that Montag reads","Dover Beach","Innocent","Ripping pages out of the Bible","Book of Ecclesiastes","Ate too many sleeping pills","Montag convinced Faber to help him by...","Clarisse McClellan","Clarisse makes Montag question this feeling"]},"level":"silly","message":"","timestamp":"2018-03-11T22:00:03.514Z"}
{"room9":{"type":"double","gameInfo":{"leader":"v0jercmEYWcqpAnkAAAF","player2":"S6YhrJzmO3ZDbLhnAAAE"},"game":{},"ready":{"leader":false,"player2":false},"started":false,"abandoned":false},"room28":{"type":"double","gameInfo":{"leader":"kJD-FKnpYxi2nTSuAAAG","player2":"t16JZBP18MiEki-dAAAD"},"game":{},"ready":{"leader":true,"player2":true},"started":1,"abandoned":false,"cards":["A procaine needle","The book Montag memorized","Mildred ___, so techies were called. ","Ray Bradbury","Captain Beatty","Number of walls in Mildred's \"family\"","Leader of so-called \"criminals\" ","Black","Pleasing","Guy Montag","The Hound's weapon","Montag's wife","The Hound","Mildred","Last Person killed by Montag","Name of fireman that Montag reported","Happiness","Montag original thoughts on burning","Temperature at which paper burns","Main character","3","451 degrees Farenheit","A(n) ___ man is killed instead of Montag","Granger","A machine that tries to kill Montag","Author of Fahrenheit 451 ","Most important girl in the story","Poem that Montag reads","Dover Beach","Innocent","Ripping pages out of the Bible","Book of Ecclesiastes","Ate too many sleeping pills","Montag convinced Faber to help him by...","Clarisse McClellan","Clarisse makes Montag question this feeling"]},"level":"silly","message":"","timestamp":"2018-03-11T22:00:10.131Z"}
{"level":"info","message":"Marked d as ready to play in room room9.","timestamp":"2018-03-11T22:00:10.134Z"}
{"room9":{"type":"double","gameInfo":{"leader":"v0jercmEYWcqpAnkAAAF","player2":"S6YhrJzmO3ZDbLhnAAAE"},"game":{},"ready":{"leader":true,"player2":false},"started":false,"abandoned":false},"room28":{"type":"double","gameInfo":{"leader":"kJD-FKnpYxi2nTSuAAAG","player2":"t16JZBP18MiEki-dAAAD"},"game":{},"ready":{"leader":true,"player2":true},"started":1,"abandoned":false,"cards":["A procaine needle","The book Montag memorized","Mildred ___, so techies were called. ","Ray Bradbury","Captain Beatty","Number of walls in Mildred's \"family\"","Leader of so-called \"criminals\" ","Black","Pleasing","Guy Montag","The Hound's weapon","Montag's wife","The Hound","Mildred","Last Person killed by Montag","Name of fireman that Montag reported","Happiness","Montag original thoughts on burning","Temperature at which paper burns","Main character","3","451 degrees Farenheit","A(n) ___ man is killed instead of Montag","Granger","A machine that tries to kill Montag","Author of Fahrenheit 451 ","Most important girl in the story","Poem that Montag reads","Dover Beach","Innocent","Ripping pages out of the Bible","Book of Ecclesiastes","Ate too many sleeping pills","Montag convinced Faber to help him by...","Clarisse McClellan","Clarisse makes Montag question this feeling"]},"level":"silly","message":"","timestamp":"2018-03-11T22:00:10.135Z"}
[]
{"level":"info","message":"Marked asd as ready to play in room room9.","timestamp":"2018-03-11T22:00:10.737Z"}
{"room9":{"type":"double","gameInfo":{"leader":"v0jercmEYWcqpAnkAAAF","player2":"S6YhrJzmO3ZDbLhnAAAE"},"game":{},"ready":{"leader":true,"player2":true},"started":false,"abandoned":false},"room28":{"type":"double","gameInfo":{"leader":"kJD-FKnpYxi2nTSuAAAG","player2":"t16JZBP18MiEki-dAAAD"},"game":{},"ready":{"leader":true,"player2":true},"started":1,"abandoned":false,"cards":["A procaine needle","The book Montag memorized","Mildred ___, so techies were called. ","Ray Bradbury","Captain Beatty","Number of walls in Mildred's \"family\"","Leader of so-called \"criminals\" ","Black","Pleasing","Guy Montag","The Hound's weapon","Montag's wife","The Hound","Mildred","Last Person killed by Montag","Name of fireman that Montag reported","Happiness","Montag original thoughts on burning","Temperature at which paper burns","Main character","3","451 degrees Farenheit","A(n) ___ man is killed instead of Montag","Granger","A machine that tries to kill Montag","Author of Fahrenheit 451 ","Most important girl in the story","Poem that Montag reads","Dover Beach","Innocent","Ripping pages out of the Bible","Book of Ecclesiastes","Ate too many sleeping pills","Montag convinced Faber to help him by...","Clarisse McClellan","Clarisse makes Montag question this feeling"]},"level":"silly","message":"","timestamp":"2018-03-11T22:00:10.737Z"}
[]
{"level":"info","message":"Started game in room room9.","timestamp":"2018-03-11T22:00:10.739Z"}
{"room9":{"type":"double","gameInfo":{"leader":"v0jercmEYWcqpAnkAAAF","player2":"S6YhrJzmO3ZDbLhnAAAE"},"game":{},"ready":{"leader":true,"player2":true},"started":1,"abandoned":false,"cards":[]},"room28":{"type":"double","gameInfo":{"leader":"kJD-FKnpYxi2nTSuAAAG","player2":"t16JZBP18MiEki-dAAAD"},"game":{},"ready":{"leader":true,"player2":true},"started":1,"abandoned":false,"cards":["A procaine needle","The book Montag memorized","Mildred ___, so techies were called. ","Ray Bradbury","Captain Beatty","Number of walls in Mildred's \"family\"","Leader of so-called \"criminals\" ","Black","Pleasing","Guy Montag","The Hound's weapon","Montag's wife","The Hound","Mildred","Last Person killed by Montag","Name of fireman that Montag reported","Happiness","Montag original thoughts on burning","Temperature at which paper burns","Main character","3","451 degrees Farenheit","A(n) ___ man is killed instead of Montag","Granger","A machine that tries to kill Montag","Author of Fahrenheit 451 ","Most important girl in the story","Poem that Montag reads","Dover Beach","Innocent","Ripping pages out of the Bible","Book of Ecclesiastes","Ate too many sleeping pills","Montag convinced Faber to help him by...","Clarisse McClellan","Clarisse makes Montag question this feeling"]},"level":"silly","message":"","timestamp":"2018-03-11T22:00:10.740Z"}
{"level":"warn","message":"Restart code Requested by t16JZBP18MiEki-dAAAD","timestamp":"2018-03-11T22:02:50.512Z"}
{"level":"error","message":"/restart HIT! RESTART NOOoOooOOOOO","timestamp":"2018-03-11T22:02:50.531Z"}
