{"level":"info","message":"success: Samyok.js","timestamp":"2018-03-11T22:02:50.667Z"}
{"level":"silly","message":"Imports done.","timestamp":"2018-03-11T22:02:50.778Z"}
{"level":"info","message":"Started English Memory Match's socket server.","timestamp":"2018-03-11T22:02:50.792Z"}
{"level":"info","message":"Started English Memory Match's express server. Listening to port 4000.","timestamp":"2018-03-11T22:02:50.793Z"}
{"level":"info","message":"+1 user! Key: AATb7CyLzLtm0zQpAAAA Total: 1","timestamp":"2018-03-11T22:02:51.355Z"}
{"AATb7CyLzLtm0zQpAAAA":{"logged_in":false},"level":"silly","message":"","timestamp":"2018-03-11T22:02:51.355Z"}
{"level":"info","message":"+1 user! Key: ipgp7cpvd2-GMMbOAAAB Total: 2","timestamp":"2018-03-11T22:02:51.521Z"}
{"AATb7CyLzLtm0zQpAAAA":{"logged_in":false},"ipgp7cpvd2-GMMbOAAAB":{"logged_in":false},"level":"silly","message":"","timestamp":"2018-03-11T22:02:51.521Z"}
{"level":"info","message":"+1 user! Key: xK_bsU1rL5cJ0yIaAAAC Total: 3","timestamp":"2018-03-11T22:02:51.538Z"}
{"AATb7CyLzLtm0zQpAAAA":{"logged_in":false},"ipgp7cpvd2-GMMbOAAAB":{"logged_in":false},"xK_bsU1rL5cJ0yIaAAAC":{"logged_in":false},"level":"silly","message":"","timestamp":"2018-03-11T22:02:51.538Z"}
{"level":"info","message":"+1 user! Key: H81cTcajnldWCp49AAAD Total: 4","timestamp":"2018-03-11T22:02:52.601Z"}
{"AATb7CyLzLtm0zQpAAAA":{"logged_in":false},"ipgp7cpvd2-GMMbOAAAB":{"logged_in":false},"xK_bsU1rL5cJ0yIaAAAC":{"logged_in":false},"H81cTcajnldWCp49AAAD":{"logged_in":false},"level":"silly","message":"","timestamp":"2018-03-11T22:02:52.601Z"}
{"level":"error","message":"Deleted room clean, the room's info was undefined or no other player was in it. ","timestamp":"2018-03-11T22:02:52.691Z"}
{"level":"silly","message":"","timestamp":"2018-03-11T22:02:52.691Z"}
{"level":"info","message":"-1 user. Key: xK_bsU1rL5cJ0yIaAAAC Total: 4","timestamp":"2018-03-11T22:02:52.691Z"}
{"level":"info","message":"Removed user undefined from lobby clean","timestamp":"2018-03-11T22:02:52.691Z"}
{"level":"info","message":"Deleting undefined","timestamp":"2018-03-11T22:02:52.692Z"}
{"level":"info","message":"+1 user! Key: RoDnd155a3iFWNK2AAAE Total: 4","timestamp":"2018-03-11T22:02:52.983Z"}
{"AATb7CyLzLtm0zQpAAAA":{"logged_in":false},"ipgp7cpvd2-GMMbOAAAB":{"logged_in":false},"H81cTcajnldWCp49AAAD":{"logged_in":false},"RoDnd155a3iFWNK2AAAE":{"logged_in":false},"level":"silly","message":"","timestamp":"2018-03-11T22:02:52.984Z"}
{"level":"info","message":"-1 user. Key: ipgp7cpvd2-GMMbOAAAB Total: 4","timestamp":"2018-03-11T22:02:55.477Z"}
{"level":"info","message":"Removed user undefined from lobby clean","timestamp":"2018-03-11T22:02:55.477Z"}
{"level":"info","message":"Deleting undefined","timestamp":"2018-03-11T22:02:55.478Z"}
{"level":"info","message":"+1 user! Key: qlECgpaRSULmI4udAAAF Total: 4","timestamp":"2018-03-11T22:02:55.982Z"}
{"AATb7CyLzLtm0zQpAAAA":{"logged_in":false},"H81cTcajnldWCp49AAAD":{"logged_in":false},"RoDnd155a3iFWNK2AAAE":{"logged_in":false},"qlECgpaRSULmI4udAAAF":{"logged_in":false},"level":"silly","message":"","timestamp":"2018-03-11T22:02:55.982Z"}
{"level":"info","message":"-1 user. Key: AATb7CyLzLtm0zQpAAAA Total: 4","timestamp":"2018-03-11T22:02:56.819Z"}
{"level":"info","message":"Removed user undefined from lobby clean","timestamp":"2018-03-11T22:02:56.820Z"}
{"level":"info","message":"Deleting undefined","timestamp":"2018-03-11T22:02:56.820Z"}
{"level":"info","message":"+1 user! Key: vIORxFCRmvi3jY4dAAAG Total: 4","timestamp":"2018-03-11T22:02:57.058Z"}
{"H81cTcajnldWCp49AAAD":{"logged_in":false},"RoDnd155a3iFWNK2AAAE":{"logged_in":false},"qlECgpaRSULmI4udAAAF":{"logged_in":false},"vIORxFCRmvi3jY4dAAAG":{"logged_in":false},"level":"silly","message":"","timestamp":"2018-03-11T22:02:57.058Z"}
{"H81cTcajnldWCp49AAAD":{"logged_in":false},"RoDnd155a3iFWNK2AAAE":{"logged_in":false},"qlECgpaRSULmI4udAAAF":{"logged_in":true,"username":"asd"},"vIORxFCRmvi3jY4dAAAG":{"logged_in":false},"level":"silly","message":"","timestamp":"2018-03-11T22:02:59.522Z"}
{"level":"info","message":"Login: asd","timestamp":"2018-03-11T22:02:59.524Z"}
{"level":"info","message":"Move asd to lobby 'main'.","timestamp":"2018-03-11T22:02:59.525Z"}
{"main":{"qlECgpaRSULmI4udAAAF":"asd"},"level":"silly","message":"","timestamp":"2018-03-11T22:02:59.525Z"}
{"H81cTcajnldWCp49AAAD":{"logged_in":false},"RoDnd155a3iFWNK2AAAE":{"logged_in":false},"qlECgpaRSULmI4udAAAF":{"logged_in":true,"username":"asd"},"vIORxFCRmvi3jY4dAAAG":{"logged_in":true,"username":"a "},"level":"silly","message":"","timestamp":"2018-03-11T22:03:01.763Z"}
{"level":"info","message":"Login: a ","timestamp":"2018-03-11T22:03:01.764Z"}
{"level":"info","message":"Move a  to lobby 'main'.","timestamp":"2018-03-11T22:03:01.765Z"}
{"main":{"qlECgpaRSULmI4udAAAF":"asd","vIORxFCRmvi3jY4dAAAG":"a "},"level":"silly","message":"","timestamp":"2018-03-11T22:03:01.765Z"}
{"H81cTcajnldWCp49AAAD":{"logged_in":false},"RoDnd155a3iFWNK2AAAE":{"logged_in":true,"username":"s"},"qlECgpaRSULmI4udAAAF":{"logged_in":true,"username":"asd"},"vIORxFCRmvi3jY4dAAAG":{"logged_in":true,"username":"a "},"level":"silly","message":"","timestamp":"2018-03-11T22:03:03.653Z"}
{"level":"info","message":"Login: s","timestamp":"2018-03-11T22:03:03.655Z"}
{"level":"info","message":"Move s to lobby 'main'.","timestamp":"2018-03-11T22:03:03.656Z"}
{"main":{"qlECgpaRSULmI4udAAAF":"asd","vIORxFCRmvi3jY4dAAAG":"a ","RoDnd155a3iFWNK2AAAE":"s"},"level":"silly","message":"","timestamp":"2018-03-11T22:03:03.656Z"}
{"H81cTcajnldWCp49AAAD":{"logged_in":true,"username":"d"},"RoDnd155a3iFWNK2AAAE":{"logged_in":true,"username":"s"},"qlECgpaRSULmI4udAAAF":{"logged_in":true,"username":"asd"},"vIORxFCRmvi3jY4dAAAG":{"logged_in":true,"username":"a "},"level":"silly","message":"","timestamp":"2018-03-11T22:03:06.116Z"}
{"level":"info","message":"Login: d","timestamp":"2018-03-11T22:03:06.118Z"}
{"level":"info","message":"Move d to lobby 'main'.","timestamp":"2018-03-11T22:03:06.119Z"}
{"main":{"qlECgpaRSULmI4udAAAF":"asd","vIORxFCRmvi3jY4dAAAG":"a ","RoDnd155a3iFWNK2AAAE":"s","H81cTcajnldWCp49AAAD":"d"},"level":"silly","message":"","timestamp":"2018-03-11T22:03:06.119Z"}
{"room19":{"type":"double","gameInfo":{"leader":"H81cTcajnldWCp49AAAD","player2":null},"game":{},"ready":{"leader":false,"player2":false},"started":false,"abandoned":false},"level":"silly","message":"","timestamp":"2018-03-11T22:03:07.233Z"}
{"room19":{"type":"double","gameInfo":{"leader":"H81cTcajnldWCp49AAAD","player2":"RoDnd155a3iFWNK2AAAE"},"game":{},"ready":{"leader":false,"player2":false},"started":false,"abandoned":false},"level":"silly","message":"","timestamp":"2018-03-11T22:03:12.589Z"}
{"level":"info","message":"Marked d as ready to play in room room19.","timestamp":"2018-03-11T22:03:12.593Z"}
{"room19":{"type":"double","gameInfo":{"leader":"H81cTcajnldWCp49AAAD","player2":"RoDnd155a3iFWNK2AAAE"},"game":{},"ready":{"leader":true,"player2":false},"started":false,"abandoned":false},"level":"silly","message":"","timestamp":"2018-03-11T22:03:12.594Z"}
[{"question":"Main character","answer":"Guy Montag"},{"question":"Montag's wife","answer":"Mildred"},{"question":"Last Person killed by Montag","answer":"Captain Beatty"},{"question":"A machine that tries to kill Montag","answer":"The Hound"},{"question":"The book Montag memorized","answer":"Book of Ecclesiastes"},{"question":"Poem that Montag reads","answer":"Dover Beach"},{"question":"Temperature at which paper burns","answer":"451 degrees Farenheit"},{"question":"Most important girl in the story","answer":"Clarisse McClellan"},{"question":"Author of Fahrenheit 451 ","answer":"Ray Bradbury"},{"question":"Number of walls in Mildred's \"family\"","answer":"3"},{"question":"Clarisse makes Montag question this feeling","answer":"Happiness"},{"question":"Mildred ___, so techies were called. ","answer":"Ate too many sleeping pills"},{"question":"Leader of so-called \"criminals\" ","answer":"Granger"},{"question":"Montag original thoughts on burning","answer":"Pleasing"},{"question":"Montag convinced Faber to help him by...","answer":"Ripping pages out of the Bible"},{"question":"The Hound's weapon","answer":"A procaine needle"},{"question":"Name of fireman that Montag reported","answer":"Black"},{"question":"A(n) ___ man is killed instead of Montag","answer":"Innocent"}]
{"level":"info","message":"Marked s as ready to play in room room19.","timestamp":"2018-03-11T22:03:13.211Z"}
{"room19":{"type":"double","gameInfo":{"leader":"H81cTcajnldWCp49AAAD","player2":"RoDnd155a3iFWNK2AAAE"},"game":{},"ready":{"leader":true,"player2":true},"started":false,"abandoned":false},"level":"silly","message":"","timestamp":"2018-03-11T22:03:13.212Z"}
[{"question":"Main character","answer":"Guy Montag"},{"question":"Montag's wife","answer":"Mildred"},{"question":"Last Person killed by Montag","answer":"Captain Beatty"},{"question":"A machine that tries to kill Montag","answer":"The Hound"},{"question":"The book Montag memorized","answer":"Book of Ecclesiastes"},{"question":"Poem that Montag reads","answer":"Dover Beach"},{"question":"Temperature at which paper burns","answer":"451 degrees Farenheit"},{"question":"Most important girl in the story","answer":"Clarisse McClellan"},{"question":"Author of Fahrenheit 451 ","answer":"Ray Bradbury"},{"question":"Number of walls in Mildred's \"family\"","answer":"3"},{"question":"Clarisse makes Montag question this feeling","answer":"Happiness"},{"question":"Mildred ___, so techies were called. ","answer":"Ate too many sleeping pills"},{"question":"Leader of so-called \"criminals\" ","answer":"Granger"},{"question":"Montag original thoughts on burning","answer":"Pleasing"},{"question":"Montag convinced Faber to help him by...","answer":"Ripping pages out of the Bible"},{"question":"The Hound's weapon","answer":"A procaine needle"},{"question":"Name of fireman that Montag reported","answer":"Black"},{"question":"A(n) ___ man is killed instead of Montag","answer":"Innocent"}]
{"level":"info","message":"Started game in room room19.","timestamp":"2018-03-11T22:03:13.219Z"}
{"room19":{"type":"double","gameInfo":{"leader":"H81cTcajnldWCp49AAAD","player2":"RoDnd155a3iFWNK2AAAE"},"game":{},"ready":{"leader":true,"player2":true},"started":1,"abandoned":false,"cards":["Happiness","Guy Montag","Clarisse makes Montag question this feeling","Most important girl in the story","Ate too many sleeping pills","Number of walls in Mildred's \"family\"","Mildred ___, so techies were called. ","Poem that Montag reads","Montag original thoughts on burning","Book of Ecclesiastes","Author of Fahrenheit 451 ","3","451 degrees Farenheit","Ripping pages out of the Bible","Montag's wife","Black","Ray Bradbury","Captain Beatty","Temperature at which paper burns","Main character","Dover Beach","Innocent","Montag convinced Faber to help him by...","The Hound's weapon","Last Person killed by Montag","Mildred","Name of fireman that Montag reported","A machine that tries to kill Montag","Leader of so-called \"criminals\" ","A(n) ___ man is killed instead of Montag","A procaine needle","The book Montag memorized","The Hound","Clarisse McClellan","Pleasing","Granger"]},"level":"silly","message":"","timestamp":"2018-03-11T22:03:13.222Z"}
{"room19":{"type":"double","gameInfo":{"leader":"H81cTcajnldWCp49AAAD","player2":"RoDnd155a3iFWNK2AAAE"},"game":{},"ready":{"leader":true,"player2":true},"started":1,"abandoned":false,"cards":["Happiness","Guy Montag","Clarisse makes Montag question this feeling","Most important girl in the story","Ate too many sleeping pills","Number of walls in Mildred's \"family\"","Mildred ___, so techies were called. ","Poem that Montag reads","Montag original thoughts on burning","Book of Ecclesiastes","Author of Fahrenheit 451 ","3","451 degrees Farenheit","Ripping pages out of the Bible","Montag's wife","Black","Ray Bradbury","Captain Beatty","Temperature at which paper burns","Main character","Dover Beach","Innocent","Montag convinced Faber to help him by...","The Hound's weapon","Last Person killed by Montag","Mildred","Name of fireman that Montag reported","A machine that tries to kill Montag","Leader of so-called \"criminals\" ","A(n) ___ man is killed instead of Montag","A procaine needle","The book Montag memorized","The Hound","Clarisse McClellan","Pleasing","Granger"]},"room29":{"type":"double","gameInfo":{"leader":"vIORxFCRmvi3jY4dAAAG","player2":null},"game":{},"ready":{"leader":false,"player2":false},"started":false,"abandoned":false},"level":"silly","message":"","timestamp":"2018-03-11T22:03:14.690Z"}
{"room19":{"type":"double","gameInfo":{"leader":"H81cTcajnldWCp49AAAD","player2":"RoDnd155a3iFWNK2AAAE"},"game":{},"ready":{"leader":true,"player2":true},"started":1,"abandoned":false,"cards":["Happiness","Guy Montag","Clarisse makes Montag question this feeling","Most important girl in the story","Ate too many sleeping pills","Number of walls in Mildred's \"family\"","Mildred ___, so techies were called. ","Poem that Montag reads","Montag original thoughts on burning","Book of Ecclesiastes","Author of Fahrenheit 451 ","3","451 degrees Farenheit","Ripping pages out of the Bible","Montag's wife","Black","Ray Bradbury","Captain Beatty","Temperature at which paper burns","Main character","Dover Beach","Innocent","Montag convinced Faber to help him by...","The Hound's weapon","Last Person killed by Montag","Mildred","Name of fireman that Montag reported","A machine that tries to kill Montag","Leader of so-called \"criminals\" ","A(n) ___ man is killed instead of Montag","A procaine needle","The book Montag memorized","The Hound","Clarisse McClellan","Pleasing","Granger"]},"room29":{"type":"double","gameInfo":{"leader":"vIORxFCRmvi3jY4dAAAG","player2":"qlECgpaRSULmI4udAAAF"},"game":{},"ready":{"leader":false,"player2":false},"started":false,"abandoned":false},"level":"silly","message":"","timestamp":"2018-03-11T22:03:19.452Z"}
{"level":"info","message":"Marked a  as ready to play in room room29.","timestamp":"2018-03-11T22:03:19.456Z"}
{"room19":{"type":"double","gameInfo":{"leader":"H81cTcajnldWCp49AAAD","player2":"RoDnd155a3iFWNK2AAAE"},"game":{},"ready":{"leader":true,"player2":true},"started":1,"abandoned":false,"cards":["Happiness","Guy Montag","Clarisse makes Montag question this feeling","Most important girl in the story","Ate too many sleeping pills","Number of walls in Mildred's \"family\"","Mildred ___, so techies were called. ","Poem that Montag reads","Montag original thoughts on burning","Book of Ecclesiastes","Author of Fahrenheit 451 ","3","451 degrees Farenheit","Ripping pages out of the Bible","Montag's wife","Black","Ray Bradbury","Captain Beatty","Temperature at which paper burns","Main character","Dover Beach","Innocent","Montag convinced Faber to help him by...","The Hound's weapon","Last Person killed by Montag","Mildred","Name of fireman that Montag reported","A machine that tries to kill Montag","Leader of so-called \"criminals\" ","A(n) ___ man is killed instead of Montag","A procaine needle","The book Montag memorized","The Hound","Clarisse McClellan","Pleasing","Granger"]},"room29":{"type":"double","gameInfo":{"leader":"vIORxFCRmvi3jY4dAAAG","player2":"qlECgpaRSULmI4udAAAF"},"game":{},"ready":{"leader":true,"player2":false},"started":false,"abandoned":false},"level":"silly","message":"","timestamp":"2018-03-11T22:03:19.456Z"}
[]
{"level":"info","message":"Marked asd as ready to play in room room29.","timestamp":"2018-03-11T22:03:20.074Z"}
{"room19":{"type":"double","gameInfo":{"leader":"H81cTcajnldWCp49AAAD","player2":"RoDnd155a3iFWNK2AAAE"},"game":{},"ready":{"leader":true,"player2":true},"started":1,"abandoned":false,"cards":["Happiness","Guy Montag","Clarisse makes Montag question this feeling","Most important girl in the story","Ate too many sleeping pills","Number of walls in Mildred's \"family\"","Mildred ___, so techies were called. ","Poem that Montag reads","Montag original thoughts on burning","Book of Ecclesiastes","Author of Fahrenheit 451 ","3","451 degrees Farenheit","Ripping pages out of the Bible","Montag's wife","Black","Ray Bradbury","Captain Beatty","Temperature at which paper burns","Main character","Dover Beach","Innocent","Montag convinced Faber to help him by...","The Hound's weapon","Last Person killed by Montag","Mildred","Name of fireman that Montag reported","A machine that tries to kill Montag","Leader of so-called \"criminals\" ","A(n) ___ man is killed instead of Montag","A procaine needle","The book Montag memorized","The Hound","Clarisse McClellan","Pleasing","Granger"]},"room29":{"type":"double","gameInfo":{"leader":"vIORxFCRmvi3jY4dAAAG","player2":"qlECgpaRSULmI4udAAAF"},"game":{},"ready":{"leader":true,"player2":true},"started":false,"abandoned":false},"level":"silly","message":"","timestamp":"2018-03-11T22:03:20.075Z"}
[]
{"level":"info","message":"Started game in room room29.","timestamp":"2018-03-11T22:03:20.078Z"}
{"room19":{"type":"double","gameInfo":{"leader":"H81cTcajnldWCp49AAAD","player2":"RoDnd155a3iFWNK2AAAE"},"game":{},"ready":{"leader":true,"player2":true},"started":1,"abandoned":false,"cards":["Happiness","Guy Montag","Clarisse makes Montag question this feeling","Most important girl in the story","Ate too many sleeping pills","Number of walls in Mildred's \"family\"","Mildred ___, so techies were called. ","Poem that Montag reads","Montag original thoughts on burning","Book of Ecclesiastes","Author of Fahrenheit 451 ","3","451 degrees Farenheit","Ripping pages out of the Bible","Montag's wife","Black","Ray Bradbury","Captain Beatty","Temperature at which paper burns","Main character","Dover Beach","Innocent","Montag convinced Faber to help him by...","The Hound's weapon","Last Person killed by Montag","Mildred","Name of fireman that Montag reported","A machine that tries to kill Montag","Leader of so-called \"criminals\" ","A(n) ___ man is killed instead of Montag","A procaine needle","The book Montag memorized","The Hound","Clarisse McClellan","Pleasing","Granger"]},"room29":{"type":"double","gameInfo":{"leader":"vIORxFCRmvi3jY4dAAAG","player2":"qlECgpaRSULmI4udAAAF"},"game":{},"ready":{"leader":true,"player2":true},"started":1,"abandoned":false,"cards":[]},"level":"silly","message":"","timestamp":"2018-03-11T22:03:20.079Z"}
{"level":"warn","message":"Restart code Requested by RoDnd155a3iFWNK2AAAE","timestamp":"2018-03-11T22:05:09.645Z"}
{"level":"error","message":"/restart HIT! RESTART NOOoOooOOOOO","timestamp":"2018-03-11T22:05:09.662Z"}
