{"level":"info","message":"success: Samyok.js","timestamp":"2018-03-12T03:33:49.991Z"}
{"level":"silly","message":"Imports done.","timestamp":"2018-03-12T03:33:50.088Z"}
{"level":"info","message":"Started English Memory Match's socket server.","timestamp":"2018-03-12T03:33:50.100Z"}
{"level":"info","message":"Started English Memory Match's express server. Listening to port 4000.","timestamp":"2018-03-12T03:33:50.101Z"}
{"level":"info","message":"+1 user! Key: _6aX5IbMSh3ispK1AAAA Total: 1","timestamp":"2018-03-12T03:33:53.105Z"}
{"_6aX5IbMSh3ispK1AAAA":{"logged_in":false},"level":"silly","message":"","timestamp":"2018-03-12T03:33:53.106Z"}
{"level":"info","message":"+1 user! Key: 2SLa70A5-WFXQHSAAAAB Total: 2","timestamp":"2018-03-12T03:33:53.611Z"}
{"_6aX5IbMSh3ispK1AAAA":{"logged_in":false},"2SLa70A5-WFXQHSAAAAB":{"logged_in":false},"level":"silly","message":"","timestamp":"2018-03-12T03:33:53.611Z"}
{"level":"info","message":"-1 user. Key: 2SLa70A5-WFXQHSAAAAB Total: 2","timestamp":"2018-03-12T03:34:00.680Z"}
{"level":"info","message":"Removed user undefined from lobby clean","timestamp":"2018-03-12T03:34:00.680Z"}
{"level":"info","message":"Deleting undefined","timestamp":"2018-03-12T03:34:00.681Z"}
{"level":"info","message":"+1 user! Key: WbIFnWoWKjm_WqaiAAAC Total: 2","timestamp":"2018-03-12T03:34:01.339Z"}
{"_6aX5IbMSh3ispK1AAAA":{"logged_in":false},"WbIFnWoWKjm_WqaiAAAC":{"logged_in":false},"level":"silly","message":"","timestamp":"2018-03-12T03:34:01.339Z"}
{"level":"info","message":"-1 user. Key: _6aX5IbMSh3ispK1AAAA Total: 2","timestamp":"2018-03-12T03:34:11.015Z"}
{"level":"info","message":"Removed user undefined from lobby clean","timestamp":"2018-03-12T03:34:11.015Z"}
{"level":"info","message":"Deleting undefined","timestamp":"2018-03-12T03:34:11.015Z"}
{"level":"info","message":"+1 user! Key: oTmPmXPrqw9B0dfXAAAD Total: 2","timestamp":"2018-03-12T03:34:11.540Z"}
{"WbIFnWoWKjm_WqaiAAAC":{"logged_in":false},"oTmPmXPrqw9B0dfXAAAD":{"logged_in":false},"level":"silly","message":"","timestamp":"2018-03-12T03:34:11.540Z"}
{"WbIFnWoWKjm_WqaiAAAC":{"logged_in":true,"username":"ada"},"oTmPmXPrqw9B0dfXAAAD":{"logged_in":false},"level":"silly","message":"","timestamp":"2018-03-12T03:34:12.505Z"}
{"level":"info","message":"Login: ada","timestamp":"2018-03-12T03:34:12.507Z"}
{"level":"info","message":"Move ada to lobby 'main'.","timestamp":"2018-03-12T03:34:12.508Z"}
{"main":{"WbIFnWoWKjm_WqaiAAAC":"ada"},"level":"silly","message":"","timestamp":"2018-03-12T03:34:12.508Z"}
{"room9":{"type":"double","gameInfo":{"leader":"WbIFnWoWKjm_WqaiAAAC","player2":null},"game":{},"ready":{"leader":false,"player2":false},"started":false,"abandoned":false},"level":"silly","message":"","timestamp":"2018-03-12T03:34:14.660Z"}
{"WbIFnWoWKjm_WqaiAAAC":{"logged_in":true,"username":"ada"},"oTmPmXPrqw9B0dfXAAAD":{"logged_in":true,"username":"sadad"},"level":"silly","message":"","timestamp":"2018-03-12T03:34:16.133Z"}
{"level":"info","message":"Login: sadad","timestamp":"2018-03-12T03:34:16.134Z"}
{"level":"info","message":"Move sadad to lobby 'main'.","timestamp":"2018-03-12T03:34:16.134Z"}
{"main":{"oTmPmXPrqw9B0dfXAAAD":"sadad"},"level":"silly","message":"","timestamp":"2018-03-12T03:34:16.135Z"}
{"room9":{"type":"double","gameInfo":{"leader":"WbIFnWoWKjm_WqaiAAAC","player2":"oTmPmXPrqw9B0dfXAAAD"},"game":{},"ready":{"leader":false,"player2":false},"started":false,"abandoned":false},"level":"silly","message":"","timestamp":"2018-03-12T03:34:20.733Z"}
{"level":"error","message":"Deleted room clean, the room's info was undefined.","timestamp":"2018-03-12T03:34:20.737Z"}
{"room9":{"type":"double","gameInfo":{"leader":"WbIFnWoWKjm_WqaiAAAC","player2":"oTmPmXPrqw9B0dfXAAAD"},"game":{},"ready":{"leader":false,"player2":false},"started":false,"abandoned":false},"level":"silly","message":"","timestamp":"2018-03-12T03:34:20.737Z"}
{"level":"info","message":"Marked ada as ready to play in room room9.","timestamp":"2018-03-12T03:34:20.737Z"}
{"room9":{"type":"double","gameInfo":{"leader":"WbIFnWoWKjm_WqaiAAAC","player2":"oTmPmXPrqw9B0dfXAAAD"},"game":{},"ready":{"leader":true,"player2":false},"started":false,"abandoned":false},"level":"silly","message":"","timestamp":"2018-03-12T03:34:20.737Z"}
[{"question":"Main character","answer":"Guy Montag"},{"question":"Montag's wife","answer":"Mildred"},{"question":"Last Person killed by Montag","answer":"Captain Beatty"},{"question":"A machine that tries to kill Montag","answer":"The Hound"},{"question":"The book Montag memorized","answer":"Book of Ecclesiastes"},{"question":"Poem that Montag reads","answer":"Dover Beach"},{"question":"Temperature at which paper burns","answer":"451 degrees Farenheit"},{"question":"Most important girl in the story","answer":"Clarisse McClellan"},{"question":"Author of Fahrenheit 451 ","answer":"Ray Bradbury"},{"question":"Number of walls in Mildred's \"family\"","answer":"3"},{"question":"Clarisse makes Montag question this feeling","answer":"Happiness"},{"question":"Mildred ___, so techies were called. ","answer":"Ate too many sleeping pills"},{"question":"Leader of so-called \"criminals\" ","answer":"Granger"},{"question":"Montag original thoughts on burning","answer":"Pleasing"},{"question":"Montag convinced Faber to help him by...","answer":"Ripping pages out of the Bible"},{"question":"The Hound's weapon","answer":"A procaine needle"},{"question":"Name of fireman that Montag reported","answer":"Black"},{"question":"A(n) ___ man is killed instead of Montag","answer":"Innocent"}]
{"level":"info","message":"Marked sadad as ready to play in room room9.","timestamp":"2018-03-12T03:34:21.350Z"}
{"room9":{"type":"double","gameInfo":{"leader":"WbIFnWoWKjm_WqaiAAAC","player2":"oTmPmXPrqw9B0dfXAAAD"},"game":{},"ready":{"leader":true,"player2":true},"started":false,"abandoned":false},"level":"silly","message":"","timestamp":"2018-03-12T03:34:21.350Z"}
[{"question":"Main character","answer":"Guy Montag"},{"question":"Montag's wife","answer":"Mildred"},{"question":"Last Person killed by Montag","answer":"Captain Beatty"},{"question":"A machine that tries to kill Montag","answer":"The Hound"},{"question":"The book Montag memorized","answer":"Book of Ecclesiastes"},{"question":"Poem that Montag reads","answer":"Dover Beach"},{"question":"Temperature at which paper burns","answer":"451 degrees Farenheit"},{"question":"Most important girl in the story","answer":"Clarisse McClellan"},{"question":"Author of Fahrenheit 451 ","answer":"Ray Bradbury"},{"question":"Number of walls in Mildred's \"family\"","answer":"3"},{"question":"Clarisse makes Montag question this feeling","answer":"Happiness"},{"question":"Mildred ___, so techies were called. ","answer":"Ate too many sleeping pills"},{"question":"Leader of so-called \"criminals\" ","answer":"Granger"},{"question":"Montag original thoughts on burning","answer":"Pleasing"},{"question":"Montag convinced Faber to help him by...","answer":"Ripping pages out of the Bible"},{"question":"The Hound's weapon","answer":"A procaine needle"},{"question":"Name of fireman that Montag reported","answer":"Black"},{"question":"A(n) ___ man is killed instead of Montag","answer":"Innocent"}]
{"level":"info","message":"Started game in room room9.","timestamp":"2018-03-12T03:34:21.360Z"}
{"room9":{"type":"double","gameInfo":{"leader":"WbIFnWoWKjm_WqaiAAAC","player2":"oTmPmXPrqw9B0dfXAAAD"},"game":{"turn":"leader","card1":null,"card2":null},"ready":{"leader":true,"player2":true},"started":1,"abandoned":false,"cards":["Name of fireman that Montag reported","Last Person killed by Montag","451 degrees Farenheit","The Hound","A machine that tries to kill Montag","Leader of so-called \"criminals\" ","Mildred ___, so techies were called. ","Granger","Mildred","Montag convinced Faber to help him by...","Guy Montag","Ate too many sleeping pills","Main character","Number of walls in Mildred's \"family\"","Innocent","Ripping pages out of the Bible","Temperature at which paper burns","Clarisse McClellan","Book of Ecclesiastes","Black","Pleasing","3","Captain Beatty","Happiness","Author of Fahrenheit 451 ","Montag's wife","Poem that Montag reads","Ray Bradbury","Clarisse makes Montag question this feeling","The book Montag memorized","A(n) ___ man is killed instead of Montag","Dover Beach","The Hound's weapon","Most important girl in the story","Montag original thoughts on burning","A procaine needle"]},"level":"silly","message":"","timestamp":"2018-03-12T03:34:21.362Z"}
{"level":"silly","message":"card click in room room9","timestamp":"2018-03-12T03:34:21.855Z"}
{"room9":{"type":"double","gameInfo":{"leader":"WbIFnWoWKjm_WqaiAAAC","player2":"oTmPmXPrqw9B0dfXAAAD"},"game":{"turn":"leader","card1":null,"card2":null},"ready":{"leader":true,"player2":true},"started":1,"abandoned":false,"cards":["Name of fireman that Montag reported","Last Person killed by Montag","451 degrees Farenheit","The Hound","A machine that tries to kill Montag","Leader of so-called \"criminals\" ","Mildred ___, so techies were called. ","Granger","Mildred","Montag convinced Faber to help him by...","Guy Montag","Ate too many sleeping pills","Main character","Number of walls in Mildred's \"family\"","Innocent","Ripping pages out of the Bible","Temperature at which paper burns","Clarisse McClellan","Book of Ecclesiastes","Black","Pleasing","3","Captain Beatty","Happiness","Author of Fahrenheit 451 ","Montag's wife","Poem that Montag reads","Ray Bradbury","Clarisse makes Montag question this feeling","The book Montag memorized","A(n) ___ man is killed instead of Montag","Dover Beach","The Hound's weapon","Most important girl in the story","Montag original thoughts on burning","A procaine needle"]},"level":"silly","message":"","timestamp":"2018-03-12T03:34:21.856Z"}
{"level":"silly","message":"card click in room room9","timestamp":"2018-03-12T03:34:24.365Z"}
{"room9":{"type":"double","gameInfo":{"leader":"WbIFnWoWKjm_WqaiAAAC","player2":"oTmPmXPrqw9B0dfXAAAD"},"game":{"turn":"leader","card1":"A machine that tries to kill Montag","card2":null},"ready":{"leader":true,"player2":true},"started":1,"abandoned":false,"cards":["Name of fireman that Montag reported","Last Person killed by Montag","451 degrees Farenheit","The Hound","A machine that tries to kill Montag","Leader of so-called \"criminals\" ","Mildred ___, so techies were called. ","Granger","Mildred","Montag convinced Faber to help him by...","Guy Montag","Ate too many sleeping pills","Main character","Number of walls in Mildred's \"family\"","Innocent","Ripping pages out of the Bible","Temperature at which paper burns","Clarisse McClellan","Book of Ecclesiastes","Black","Pleasing","3","Captain Beatty","Happiness","Author of Fahrenheit 451 ","Montag's wife","Poem that Montag reads","Ray Bradbury","Clarisse makes Montag question this feeling","The book Montag memorized","A(n) ___ man is killed instead of Montag","Dover Beach","The Hound's weapon","Most important girl in the story","Montag original thoughts on burning","A procaine needle"]},"level":"silly","message":"","timestamp":"2018-03-12T03:34:24.366Z"}
{"level":"silly","message":"card click in room room9","timestamp":"2018-03-12T03:34:25.316Z"}
{"room9":{"type":"double","gameInfo":{"leader":"WbIFnWoWKjm_WqaiAAAC","player2":"oTmPmXPrqw9B0dfXAAAD"},"game":{"turn":"leader","card1":"A machine that tries to kill Montag","card2":"Guy Montag"},"ready":{"leader":true,"player2":true},"started":1,"abandoned":false,"cards":["Name of fireman that Montag reported","Last Person killed by Montag","451 degrees Farenheit","The Hound","A machine that tries to kill Montag","Leader of so-called \"criminals\" ","Mildred ___, so techies were called. ","Granger","Mildred","Montag convinced Faber to help him by...","Guy Montag","Ate too many sleeping pills","Main character","Number of walls in Mildred's \"family\"","Innocent","Ripping pages out of the Bible","Temperature at which paper burns","Clarisse McClellan","Book of Ecclesiastes","Black","Pleasing","3","Captain Beatty","Happiness","Author of Fahrenheit 451 ","Montag's wife","Poem that Montag reads","Ray Bradbury","Clarisse makes Montag question this feeling","The book Montag memorized","A(n) ___ man is killed instead of Montag","Dover Beach","The Hound's weapon","Most important girl in the story","Montag original thoughts on burning","A procaine needle"]},"level":"silly","message":"","timestamp":"2018-03-12T03:34:25.318Z"}
{"level":"silly","message":"card click in room room9","timestamp":"2018-03-12T03:34:26.108Z"}
{"room9":{"type":"double","gameInfo":{"leader":"WbIFnWoWKjm_WqaiAAAC","player2":"oTmPmXPrqw9B0dfXAAAD"},"game":{"turn":"player2","card1":null,"card2":null},"ready":{"leader":true,"player2":true},"started":1,"abandoned":false,"cards":["Name of fireman that Montag reported","Last Person killed by Montag","451 degrees Farenheit","The Hound","A machine that tries to kill Montag","Leader of so-called \"criminals\" ","Mildred ___, so techies were called. ","Granger","Mildred","Montag convinced Faber to help him by...","Guy Montag","Ate too many sleeping pills","Main character","Number of walls in Mildred's \"family\"","Innocent","Ripping pages out of the Bible","Temperature at which paper burns","Clarisse McClellan","Book of Ecclesiastes","Black","Pleasing","3","Captain Beatty","Happiness","Author of Fahrenheit 451 ","Montag's wife","Poem that Montag reads","Ray Bradbury","Clarisse makes Montag question this feeling","The book Montag memorized","A(n) ___ man is killed instead of Montag","Dover Beach","The Hound's weapon","Most important girl in the story","Montag original thoughts on burning","A procaine needle"]},"level":"silly","message":"","timestamp":"2018-03-12T03:34:26.110Z"}
{"level":"warn","message":"Restart code Requested by WbIFnWoWKjm_WqaiAAAC","timestamp":"2018-03-12T03:35:24.847Z"}
{"level":"error","message":"/restart HIT! RESTART NOOoOooOOOOO","timestamp":"2018-03-12T03:35:24.867Z"}
