{"level":"info","message":"success: Samyok.js","timestamp":"2018-03-11T21:52:10.814Z"}
{"level":"silly","message":"Imports done.","timestamp":"2018-03-11T21:52:10.931Z"}
{"level":"info","message":"Started English Memory Match's socket server.","timestamp":"2018-03-11T21:52:10.944Z"}
{"level":"info","message":"Started English Memory Match's express server. Listening to port 4000.","timestamp":"2018-03-11T21:52:10.945Z"}
{"level":"info","message":"+1 user! Key: 9GyHq65KK_XoQpS5AAAA Total: 1","timestamp":"2018-03-11T21:52:11.710Z"}
{"9GyHq65KK_XoQpS5AAAA":{"logged_in":false},"level":"silly","message":"","timestamp":"2018-03-11T21:52:11.710Z"}
{"level":"error","message":"Deleted room clean, the room's info was undefined or no other player was in it. ","timestamp":"2018-03-11T21:52:11.954Z"}
{"level":"silly","message":"","timestamp":"2018-03-11T21:52:11.954Z"}
{"level":"info","message":"-1 user. Key: 9GyHq65KK_XoQpS5AAAA Total: 1","timestamp":"2018-03-11T21:52:11.954Z"}
{"level":"info","message":"Removed user undefined from lobby clean","timestamp":"2018-03-11T21:52:11.955Z"}
{"level":"info","message":"Deleting undefined","timestamp":"2018-03-11T21:52:11.955Z"}
{"level":"info","message":"+1 user! Key: QQdFZ56-wYtfvfdKAAAB Total: 1","timestamp":"2018-03-11T21:52:12.199Z"}
{"QQdFZ56-wYtfvfdKAAAB":{"logged_in":false},"level":"silly","message":"","timestamp":"2018-03-11T21:52:12.199Z"}
{"level":"info","message":"+1 user! Key: UPPaRe3AIi47fPF8AAAC Total: 2","timestamp":"2018-03-11T21:52:12.389Z"}
{"QQdFZ56-wYtfvfdKAAAB":{"logged_in":false},"UPPaRe3AIi47fPF8AAAC":{"logged_in":false},"level":"silly","message":"","timestamp":"2018-03-11T21:52:12.390Z"}
{"level":"info","message":"-1 user. Key: UPPaRe3AIi47fPF8AAAC Total: 2","timestamp":"2018-03-11T21:52:13.083Z"}
{"level":"info","message":"Removed user undefined from lobby clean","timestamp":"2018-03-11T21:52:13.084Z"}
{"level":"info","message":"Deleting undefined","timestamp":"2018-03-11T21:52:13.084Z"}
{"level":"info","message":"+1 user! Key: un1GM5GzAI-RDvoKAAAD Total: 2","timestamp":"2018-03-11T21:52:13.316Z"}
{"QQdFZ56-wYtfvfdKAAAB":{"logged_in":false},"un1GM5GzAI-RDvoKAAAD":{"logged_in":false},"level":"silly","message":"","timestamp":"2018-03-11T21:52:13.316Z"}
{"QQdFZ56-wYtfvfdKAAAB":{"logged_in":false},"un1GM5GzAI-RDvoKAAAD":{"logged_in":true,"username":"asd"},"level":"silly","message":"","timestamp":"2018-03-11T21:52:15.575Z"}
{"level":"info","message":"Login: asd","timestamp":"2018-03-11T21:52:15.575Z"}
{"level":"info","message":"Move asd to lobby 'main'.","timestamp":"2018-03-11T21:52:15.575Z"}
{"main":{"un1GM5GzAI-RDvoKAAAD":"asd"},"level":"silly","message":"","timestamp":"2018-03-11T21:52:15.576Z"}
{"QQdFZ56-wYtfvfdKAAAB":{"logged_in":true,"username":"asdasd"},"un1GM5GzAI-RDvoKAAAD":{"logged_in":true,"username":"asd"},"level":"silly","message":"","timestamp":"2018-03-11T21:52:21.466Z"}
{"level":"info","message":"Login: asdasd","timestamp":"2018-03-11T21:52:21.468Z"}
{"level":"info","message":"Move asdasd to lobby 'main'.","timestamp":"2018-03-11T21:52:21.469Z"}
{"main":{"un1GM5GzAI-RDvoKAAAD":"asd","QQdFZ56-wYtfvfdKAAAB":"asdasd"},"level":"silly","message":"","timestamp":"2018-03-11T21:52:21.469Z"}
{"room17":{"type":"double","gameInfo":{"leader":"QQdFZ56-wYtfvfdKAAAB","player2":null},"game":{},"ready":{"leader":false,"player2":false},"started":false,"abandoned":false},"level":"silly","message":"","timestamp":"2018-03-11T21:52:22.794Z"}
{"level":"info","message":"un1GM5GzAI-RDvoKAAAD just tried to go to room room","timestamp":"2018-03-11T21:52:32.039Z"}
{"room17":{"type":"double","gameInfo":{"leader":"QQdFZ56-wYtfvfdKAAAB","player2":null},"game":{},"ready":{"leader":false,"player2":false},"started":false,"abandoned":false},"level":"silly","message":"","timestamp":"2018-03-11T21:52:32.040Z"}
{"room17":{"type":"double","gameInfo":{"leader":"QQdFZ56-wYtfvfdKAAAB","player2":"un1GM5GzAI-RDvoKAAAD"},"game":{},"ready":{"leader":false,"player2":false},"started":false,"abandoned":false},"level":"silly","message":"","timestamp":"2018-03-11T21:52:33.897Z"}
{"level":"info","message":"Marked asdasd as ready to play in room room17.","timestamp":"2018-03-11T21:52:33.902Z"}
{"room17":{"type":"double","gameInfo":{"leader":"QQdFZ56-wYtfvfdKAAAB","player2":"un1GM5GzAI-RDvoKAAAD"},"game":{},"ready":{"leader":true,"player2":false},"started":false,"abandoned":false},"level":"silly","message":"","timestamp":"2018-03-11T21:52:33.903Z"}
{"level":"info","message":"Marked asd as ready to play in room room17.","timestamp":"2018-03-11T21:52:34.510Z"}
{"room17":{"type":"double","gameInfo":{"leader":"QQdFZ56-wYtfvfdKAAAB","player2":"un1GM5GzAI-RDvoKAAAD"},"game":{},"ready":{"leader":true,"player2":true},"started":false,"abandoned":false},"level":"silly","message":"","timestamp":"2018-03-11T21:52:34.511Z"}
{"level":"info","message":"Started game in room room17.","timestamp":"2018-03-11T21:52:34.512Z"}
{"room17":{"type":"double","gameInfo":{"leader":"QQdFZ56-wYtfvfdKAAAB","player2":"un1GM5GzAI-RDvoKAAAD"},"game":{},"ready":{"leader":true,"player2":true},"started":1,"abandoned":false,"cards":["Number of walls in Mildred's \"family\"","Leader of so-called \"criminals\" ","The Hound's weapon","Mildred","Pleasing","Guy Montag","Black","Dover Beach","Mildred ___, so techies were called. ","Ray Bradbury","3","The Hound","Last Person killed by Montag","Granger","Montag original thoughts on burning","Poem that Montag reads","Happiness","The book Montag memorized","Main character","Clarisse McClellan","A(n) ___ man is killed instead of Montag","Montag convinced Faber to help him by...","Temperature at which paper burns","Ripping pages out of the Bible","Montag's wife","451 degrees Farenheit","A procaine needle","Clarisse makes Montag question this feeling","Captain Beatty","Name of fireman that Montag reported","Innocent","Ate too many sleeping pills","Most important girl in the story","Book of Ecclesiastes","A machine that tries to kill Montag","Author of Fahrenheit 451 "]},"level":"silly","message":"","timestamp":"2018-03-11T21:52:34.517Z"}
{"level":"info","message":"+1 user! Key: NFvDeWUrnQImdYkJAAAE Total: 3","timestamp":"2018-03-11T21:52:39.769Z"}
{"QQdFZ56-wYtfvfdKAAAB":{"logged_in":true,"username":"asdasd"},"un1GM5GzAI-RDvoKAAAD":{"logged_in":true,"username":"asd"},"NFvDeWUrnQImdYkJAAAE":{"logged_in":false},"level":"silly","message":"","timestamp":"2018-03-11T21:52:39.769Z"}
{"QQdFZ56-wYtfvfdKAAAB":{"logged_in":true,"username":"asdasd"},"un1GM5GzAI-RDvoKAAAD":{"logged_in":true,"username":"asd"},"NFvDeWUrnQImdYkJAAAE":{"logged_in":true,"username":"asdasdasd"},"level":"silly","message":"","timestamp":"2018-03-11T21:52:45.003Z"}
{"level":"info","message":"Login: asdasdasd","timestamp":"2018-03-11T21:52:45.005Z"}
{"level":"info","message":"Move asdasdasd to lobby 'main'.","timestamp":"2018-03-11T21:52:45.005Z"}
{"main":{"un1GM5GzAI-RDvoKAAAD":"asd","NFvDeWUrnQImdYkJAAAE":"asdasdasd"},"level":"silly","message":"","timestamp":"2018-03-11T21:52:45.006Z"}
{"room17":{"type":"double","gameInfo":{"leader":"QQdFZ56-wYtfvfdKAAAB","player2":"un1GM5GzAI-RDvoKAAAD"},"game":{},"ready":{"leader":true,"player2":true},"started":1,"abandoned":false,"cards":["Number of walls in Mildred's \"family\"","Leader of so-called \"criminals\" ","The Hound's weapon","Mildred","Pleasing","Guy Montag","Black","Dover Beach","Mildred ___, so techies were called. ","Ray Bradbury","3","The Hound","Last Person killed by Montag","Granger","Montag original thoughts on burning","Poem that Montag reads","Happiness","The book Montag memorized","Main character","Clarisse McClellan","A(n) ___ man is killed instead of Montag","Montag convinced Faber to help him by...","Temperature at which paper burns","Ripping pages out of the Bible","Montag's wife","451 degrees Farenheit","A procaine needle","Clarisse makes Montag question this feeling","Captain Beatty","Name of fireman that Montag reported","Innocent","Ate too many sleeping pills","Most important girl in the story","Book of Ecclesiastes","A machine that tries to kill Montag","Author of Fahrenheit 451 "]},"room29":{"type":"double","gameInfo":{"leader":"NFvDeWUrnQImdYkJAAAE","player2":null},"game":{},"ready":{"leader":false,"player2":false},"started":false,"abandoned":false},"level":"silly","message":"","timestamp":"2018-03-11T21:52:46.579Z"}
{"level":"info","message":"+1 user! Key: Zjs20MYStLMTH1uoAAAF Total: 4","timestamp":"2018-03-11T21:52:53.892Z"}
{"QQdFZ56-wYtfvfdKAAAB":{"logged_in":true,"username":"asdasd"},"un1GM5GzAI-RDvoKAAAD":{"logged_in":true,"username":"asd"},"NFvDeWUrnQImdYkJAAAE":{"logged_in":true,"username":"asdasdasd"},"Zjs20MYStLMTH1uoAAAF":{"logged_in":false},"level":"silly","message":"","timestamp":"2018-03-11T21:52:53.892Z"}
{"QQdFZ56-wYtfvfdKAAAB":{"logged_in":true,"username":"asdasd"},"un1GM5GzAI-RDvoKAAAD":{"logged_in":true,"username":"asd"},"NFvDeWUrnQImdYkJAAAE":{"logged_in":true,"username":"asdasdasd"},"Zjs20MYStLMTH1uoAAAF":{"logged_in":true,"username":"a"},"level":"silly","message":"","timestamp":"2018-03-11T21:52:55.910Z"}
{"level":"info","message":"Login: a","timestamp":"2018-03-11T21:52:55.911Z"}
{"level":"info","message":"Move a to lobby 'main'.","timestamp":"2018-03-11T21:52:55.912Z"}
{"main":{"un1GM5GzAI-RDvoKAAAD":"asd","Zjs20MYStLMTH1uoAAAF":"a"},"level":"silly","message":"","timestamp":"2018-03-11T21:52:55.912Z"}
{"room17":{"type":"double","gameInfo":{"leader":"QQdFZ56-wYtfvfdKAAAB","player2":"un1GM5GzAI-RDvoKAAAD"},"game":{},"ready":{"leader":true,"player2":true},"started":1,"abandoned":false,"cards":["Number of walls in Mildred's \"family\"","Leader of so-called \"criminals\" ","The Hound's weapon","Mildred","Pleasing","Guy Montag","Black","Dover Beach","Mildred ___, so techies were called. ","Ray Bradbury","3","The Hound","Last Person killed by Montag","Granger","Montag original thoughts on burning","Poem that Montag reads","Happiness","The book Montag memorized","Main character","Clarisse McClellan","A(n) ___ man is killed instead of Montag","Montag convinced Faber to help him by...","Temperature at which paper burns","Ripping pages out of the Bible","Montag's wife","451 degrees Farenheit","A procaine needle","Clarisse makes Montag question this feeling","Captain Beatty","Name of fireman that Montag reported","Innocent","Ate too many sleeping pills","Most important girl in the story","Book of Ecclesiastes","A machine that tries to kill Montag","Author of Fahrenheit 451 "]},"room29":{"type":"double","gameInfo":{"leader":"NFvDeWUrnQImdYkJAAAE","player2":"Zjs20MYStLMTH1uoAAAF"},"game":{},"ready":{"leader":false,"player2":false},"started":false,"abandoned":false},"level":"silly","message":"","timestamp":"2018-03-11T21:53:01.909Z"}
{"level":"info","message":"Marked asdasdasd as ready to play in room room29.","timestamp":"2018-03-11T21:53:01.913Z"}
{"room17":{"type":"double","gameInfo":{"leader":"QQdFZ56-wYtfvfdKAAAB","player2":"un1GM5GzAI-RDvoKAAAD"},"game":{},"ready":{"leader":true,"player2":true},"started":1,"abandoned":false,"cards":["Number of walls in Mildred's \"family\"","Leader of so-called \"criminals\" ","The Hound's weapon","Mildred","Pleasing","Guy Montag","Black","Dover Beach","Mildred ___, so techies were called. ","Ray Bradbury","3","The Hound","Last Person killed by Montag","Granger","Montag original thoughts on burning","Poem that Montag reads","Happiness","The book Montag memorized","Main character","Clarisse McClellan","A(n) ___ man is killed instead of Montag","Montag convinced Faber to help him by...","Temperature at which paper burns","Ripping pages out of the Bible","Montag's wife","451 degrees Farenheit","A procaine needle","Clarisse makes Montag question this feeling","Captain Beatty","Name of fireman that Montag reported","Innocent","Ate too many sleeping pills","Most important girl in the story","Book of Ecclesiastes","A machine that tries to kill Montag","Author of Fahrenheit 451 "]},"room29":{"type":"double","gameInfo":{"leader":"NFvDeWUrnQImdYkJAAAE","player2":"Zjs20MYStLMTH1uoAAAF"},"game":{},"ready":{"leader":true,"player2":false},"started":false,"abandoned":false},"level":"silly","message":"","timestamp":"2018-03-11T21:53:01.914Z"}
{"level":"info","message":"Marked a as ready to play in room room29.","timestamp":"2018-03-11T21:53:02.526Z"}
{"room17":{"type":"double","gameInfo":{"leader":"QQdFZ56-wYtfvfdKAAAB","player2":"un1GM5GzAI-RDvoKAAAD"},"game":{},"ready":{"leader":true,"player2":true},"started":1,"abandoned":false,"cards":["Number of walls in Mildred's \"family\"","Leader of so-called \"criminals\" ","The Hound's weapon","Mildred","Pleasing","Guy Montag","Black","Dover Beach","Mildred ___, so techies were called. ","Ray Bradbury","3","The Hound","Last Person killed by Montag","Granger","Montag original thoughts on burning","Poem that Montag reads","Happiness","The book Montag memorized","Main character","Clarisse McClellan","A(n) ___ man is killed instead of Montag","Montag convinced Faber to help him by...","Temperature at which paper burns","Ripping pages out of the Bible","Montag's wife","451 degrees Farenheit","A procaine needle","Clarisse makes Montag question this feeling","Captain Beatty","Name of fireman that Montag reported","Innocent","Ate too many sleeping pills","Most important girl in the story","Book of Ecclesiastes","A machine that tries to kill Montag","Author of Fahrenheit 451 "]},"room29":{"type":"double","gameInfo":{"leader":"NFvDeWUrnQImdYkJAAAE","player2":"Zjs20MYStLMTH1uoAAAF"},"game":{},"ready":{"leader":true,"player2":true},"started":false,"abandoned":false},"level":"silly","message":"","timestamp":"2018-03-11T21:53:02.527Z"}
{"level":"info","message":"Started game in room room29.","timestamp":"2018-03-11T21:53:02.528Z"}
{"room17":{"type":"double","gameInfo":{"leader":"QQdFZ56-wYtfvfdKAAAB","player2":"un1GM5GzAI-RDvoKAAAD"},"game":{},"ready":{"leader":true,"player2":true},"started":1,"abandoned":false,"cards":["Number of walls in Mildred's \"family\"","Leader of so-called \"criminals\" ","The Hound's weapon","Mildred","Pleasing","Guy Montag","Black","Dover Beach","Mildred ___, so techies were called. ","Ray Bradbury","3","The Hound","Last Person killed by Montag","Granger","Montag original thoughts on burning","Poem that Montag reads","Happiness","The book Montag memorized","Main character","Clarisse McClellan","A(n) ___ man is killed instead of Montag","Montag convinced Faber to help him by...","Temperature at which paper burns","Ripping pages out of the Bible","Montag's wife","451 degrees Farenheit","A procaine needle","Clarisse makes Montag question this feeling","Captain Beatty","Name of fireman that Montag reported","Innocent","Ate too many sleeping pills","Most important girl in the story","Book of Ecclesiastes","A machine that tries to kill Montag","Author of Fahrenheit 451 "]},"room29":{"type":"double","gameInfo":{"leader":"NFvDeWUrnQImdYkJAAAE","player2":"Zjs20MYStLMTH1uoAAAF"},"game":{},"ready":{"leader":true,"player2":true},"started":1,"abandoned":false,"cards":[]},"level":"silly","message":"","timestamp":"2018-03-11T21:53:02.529Z"}
{"level":"warn","message":"Restart code Requested by NFvDeWUrnQImdYkJAAAE","timestamp":"2018-03-11T21:55:21.196Z"}
{"level":"error","message":"/restart HIT! RESTART NOOoOooOOOOO","timestamp":"2018-03-11T21:55:21.210Z"}
