{"level":"info","message":"success: Samyok.js","timestamp":"2018-03-12T00:16:21.654Z"}
{"level":"silly","message":"Imports done.","timestamp":"2018-03-12T00:16:21.767Z"}
{"level":"info","message":"Started English Memory Match's socket server.","timestamp":"2018-03-12T00:16:21.781Z"}
{"level":"info","message":"Started English Memory Match's express server. Listening to port 4000.","timestamp":"2018-03-12T00:16:21.782Z"}
{"level":"info","message":"+1 user! Key: Hj3t1VuWIoP6gp6_AAAA Total: 1","timestamp":"2018-03-12T00:16:22.323Z"}
{"Hj3t1VuWIoP6gp6_AAAA":{"logged_in":false},"level":"silly","message":"","timestamp":"2018-03-12T00:16:22.324Z"}
{"level":"info","message":"+1 user! Key: YQKup5hYTDLpM86NAAAB Total: 2","timestamp":"2018-03-12T00:16:23.224Z"}
{"Hj3t1VuWIoP6gp6_AAAA":{"logged_in":false},"YQKup5hYTDLpM86NAAAB":{"logged_in":false},"level":"silly","message":"","timestamp":"2018-03-12T00:16:23.225Z"}
{"level":"info","message":"-1 user. Key: Hj3t1VuWIoP6gp6_AAAA Total: 2","timestamp":"2018-03-12T00:16:24.935Z"}
{"level":"info","message":"Removed user undefined from lobby clean","timestamp":"2018-03-12T00:16:24.935Z"}
{"level":"info","message":"Deleting undefined","timestamp":"2018-03-12T00:16:24.936Z"}
{"level":"info","message":"+1 user! Key: tWhkFNxqhN_gjZp-AAAC Total: 2","timestamp":"2018-03-12T00:16:25.435Z"}
{"YQKup5hYTDLpM86NAAAB":{"logged_in":false},"tWhkFNxqhN_gjZp-AAAC":{"logged_in":false},"level":"silly","message":"","timestamp":"2018-03-12T00:16:25.436Z"}
{"YQKup5hYTDLpM86NAAAB":{"logged_in":true,"username":"asd"},"tWhkFNxqhN_gjZp-AAAC":{"logged_in":false},"level":"silly","message":"","timestamp":"2018-03-12T00:16:26.658Z"}
{"level":"info","message":"Login: asd","timestamp":"2018-03-12T00:16:26.660Z"}
{"level":"info","message":"Move asd to lobby 'main'.","timestamp":"2018-03-12T00:16:26.660Z"}
{"main":{"YQKup5hYTDLpM86NAAAB":"asd"},"level":"silly","message":"","timestamp":"2018-03-12T00:16:26.660Z"}
{"YQKup5hYTDLpM86NAAAB":{"logged_in":true,"username":"asd"},"tWhkFNxqhN_gjZp-AAAC":{"logged_in":true,"username":"asddsa"},"level":"silly","message":"","timestamp":"2018-03-12T00:16:28.870Z"}
{"level":"info","message":"Login: asddsa","timestamp":"2018-03-12T00:16:28.871Z"}
{"level":"info","message":"Move asddsa to lobby 'main'.","timestamp":"2018-03-12T00:16:28.872Z"}
{"main":{"YQKup5hYTDLpM86NAAAB":"asd","tWhkFNxqhN_gjZp-AAAC":"asddsa"},"level":"silly","message":"","timestamp":"2018-03-12T00:16:28.872Z"}
{"room14":{"type":"double","gameInfo":{"leader":"tWhkFNxqhN_gjZp-AAAC","player2":null},"game":{},"ready":{"leader":false,"player2":false},"started":false,"abandoned":false},"level":"silly","message":"","timestamp":"2018-03-12T00:16:30.717Z"}
{"room14":{"type":"double","gameInfo":{"leader":"tWhkFNxqhN_gjZp-AAAC","player2":"YQKup5hYTDLpM86NAAAB"},"game":{},"ready":{"leader":false,"player2":false},"started":false,"abandoned":false},"level":"silly","message":"","timestamp":"2018-03-12T00:16:35.255Z"}
{"level":"error","message":"Deleted room clean, the room's info was undefined.","timestamp":"2018-03-12T00:16:35.259Z"}
{"room14":{"type":"double","gameInfo":{"leader":"tWhkFNxqhN_gjZp-AAAC","player2":"YQKup5hYTDLpM86NAAAB"},"game":{},"ready":{"leader":false,"player2":false},"started":false,"abandoned":false},"level":"silly","message":"","timestamp":"2018-03-12T00:16:35.260Z"}
{"level":"info","message":"Marked asddsa as ready to play in room room14.","timestamp":"2018-03-12T00:16:35.261Z"}
{"room14":{"type":"double","gameInfo":{"leader":"tWhkFNxqhN_gjZp-AAAC","player2":"YQKup5hYTDLpM86NAAAB"},"game":{},"ready":{"leader":true,"player2":false},"started":false,"abandoned":false},"level":"silly","message":"","timestamp":"2018-03-12T00:16:35.262Z"}
[{"question":"Main character","answer":"Guy Montag"},{"question":"Montag's wife","answer":"Mildred"},{"question":"Last Person killed by Montag","answer":"Captain Beatty"},{"question":"A machine that tries to kill Montag","answer":"The Hound"},{"question":"The book Montag memorized","answer":"Book of Ecclesiastes"},{"question":"Poem that Montag reads","answer":"Dover Beach"},{"question":"Temperature at which paper burns","answer":"451 degrees Farenheit"},{"question":"Most important girl in the story","answer":"Clarisse McClellan"},{"question":"Author of Fahrenheit 451 ","answer":"Ray Bradbury"},{"question":"Number of walls in Mildred's \"family\"","answer":"3"},{"question":"Clarisse makes Montag question this feeling","answer":"Happiness"},{"question":"Mildred ___, so techies were called. ","answer":"Ate too many sleeping pills"},{"question":"Leader of so-called \"criminals\" ","answer":"Granger"},{"question":"Montag original thoughts on burning","answer":"Pleasing"},{"question":"Montag convinced Faber to help him by...","answer":"Ripping pages out of the Bible"},{"question":"The Hound's weapon","answer":"A procaine needle"},{"question":"Name of fireman that Montag reported","answer":"Black"},{"question":"A(n) ___ man is killed instead of Montag","answer":"Innocent"}]
{"level":"info","message":"Marked asd as ready to play in room room14.","timestamp":"2018-03-12T00:16:35.866Z"}
{"room14":{"type":"double","gameInfo":{"leader":"tWhkFNxqhN_gjZp-AAAC","player2":"YQKup5hYTDLpM86NAAAB"},"game":{},"ready":{"leader":true,"player2":true},"started":false,"abandoned":false},"level":"silly","message":"","timestamp":"2018-03-12T00:16:35.867Z"}
[{"question":"Main character","answer":"Guy Montag"},{"question":"Montag's wife","answer":"Mildred"},{"question":"Last Person killed by Montag","answer":"Captain Beatty"},{"question":"A machine that tries to kill Montag","answer":"The Hound"},{"question":"The book Montag memorized","answer":"Book of Ecclesiastes"},{"question":"Poem that Montag reads","answer":"Dover Beach"},{"question":"Temperature at which paper burns","answer":"451 degrees Farenheit"},{"question":"Most important girl in the story","answer":"Clarisse McClellan"},{"question":"Author of Fahrenheit 451 ","answer":"Ray Bradbury"},{"question":"Number of walls in Mildred's \"family\"","answer":"3"},{"question":"Clarisse makes Montag question this feeling","answer":"Happiness"},{"question":"Mildred ___, so techies were called. ","answer":"Ate too many sleeping pills"},{"question":"Leader of so-called \"criminals\" ","answer":"Granger"},{"question":"Montag original thoughts on burning","answer":"Pleasing"},{"question":"Montag convinced Faber to help him by...","answer":"Ripping pages out of the Bible"},{"question":"The Hound's weapon","answer":"A procaine needle"},{"question":"Name of fireman that Montag reported","answer":"Black"},{"question":"A(n) ___ man is killed instead of Montag","answer":"Innocent"}]
{"level":"info","message":"Started game in room room14.","timestamp":"2018-03-12T00:16:35.871Z"}
{"room14":{"type":"double","gameInfo":{"leader":"tWhkFNxqhN_gjZp-AAAC","player2":"YQKup5hYTDLpM86NAAAB"},"game":{"turn":"leader","card1":null,"card2":null},"ready":{"leader":true,"player2":true},"started":1,"abandoned":false,"cards":["A machine that tries to kill Montag","Innocent","Dover Beach","Mildred ___, so techies were called. ","Mildred","Name of fireman that Montag reported","Ray Bradbury","A(n) ___ man is killed instead of Montag","Black","Ate too many sleeping pills","Granger","Last Person killed by Montag","3","Temperature at which paper burns","Ripping pages out of the Bible","Clarisse makes Montag question this feeling","Book of Ecclesiastes","Leader of so-called \"criminals\" ","Main character","The Hound's weapon","Happiness","Guy Montag","Number of walls in Mildred's \"family\"","Pleasing","Montag's wife","Clarisse McClellan","Montag original thoughts on burning","A procaine needle","451 degrees Farenheit","Most important girl in the story","Author of Fahrenheit 451 ","The book Montag memorized","Montag convinced Faber to help him by...","Poem that Montag reads","The Hound","Captain Beatty"]},"level":"silly","message":"","timestamp":"2018-03-12T00:16:35.875Z"}
{"level":"info","message":"","timestamp":"2018-03-12T00:16:37.821Z"}
{"level":"silly","message":"card click in room room14","timestamp":"2018-03-12T00:16:37.822Z"}
{"room14":{"type":"double","gameInfo":{"leader":"tWhkFNxqhN_gjZp-AAAC","player2":"YQKup5hYTDLpM86NAAAB"},"game":{"turn":"leader","card2":null},"ready":{"leader":true,"player2":true},"started":1,"abandoned":false,"cards":["A machine that tries to kill Montag","Innocent","Dover Beach","Mildred ___, so techies were called. ","Mildred","Name of fireman that Montag reported","Ray Bradbury","A(n) ___ man is killed instead of Montag","Black","Ate too many sleeping pills","Granger","Last Person killed by Montag","3","Temperature at which paper burns","Ripping pages out of the Bible","Clarisse makes Montag question this feeling","Book of Ecclesiastes","Leader of so-called \"criminals\" ","Main character","The Hound's weapon","Happiness","Guy Montag","Number of walls in Mildred's \"family\"","Pleasing","Montag's wife","Clarisse McClellan","Montag original thoughts on burning","A procaine needle","451 degrees Farenheit","Most important girl in the story","Author of Fahrenheit 451 ","The book Montag memorized","Montag convinced Faber to help him by...","Poem that Montag reads","The Hound","Captain Beatty"]},"level":"silly","message":"","timestamp":"2018-03-12T00:16:37.823Z"}
{"level":"info","message":"","timestamp":"2018-03-12T00:35:46.706Z"}
{"level":"silly","message":"card click in room room14","timestamp":"2018-03-12T00:35:46.706Z"}
{"room14":{"type":"double","gameInfo":{"leader":"tWhkFNxqhN_gjZp-AAAC","player2":"YQKup5hYTDLpM86NAAAB"},"game":{"turn":"leader","card2":null},"ready":{"leader":true,"player2":true},"started":1,"abandoned":false,"cards":["A machine that tries to kill Montag","Innocent","Dover Beach","Mildred ___, so techies were called. ","Mildred","Name of fireman that Montag reported","Ray Bradbury","A(n) ___ man is killed instead of Montag","Black","Ate too many sleeping pills","Granger","Last Person killed by Montag","3","Temperature at which paper burns","Ripping pages out of the Bible","Clarisse makes Montag question this feeling","Book of Ecclesiastes","Leader of so-called \"criminals\" ","Main character","The Hound's weapon","Happiness","Guy Montag","Number of walls in Mildred's \"family\"","Pleasing","Montag's wife","Clarisse McClellan","Montag original thoughts on burning","A procaine needle","451 degrees Farenheit","Most important girl in the story","Author of Fahrenheit 451 ","The book Montag memorized","Montag convinced Faber to help him by...","Poem that Montag reads","The Hound","Captain Beatty"]},"level":"silly","message":"","timestamp":"2018-03-12T00:35:46.707Z"}
{"level":"info","message":"","timestamp":"2018-03-12T00:35:47.297Z"}
{"level":"silly","message":"card click in room room14","timestamp":"2018-03-12T00:35:47.298Z"}
{"room14":{"type":"double","gameInfo":{"leader":"tWhkFNxqhN_gjZp-AAAC","player2":"YQKup5hYTDLpM86NAAAB"},"game":{"turn":"leader","card2":null},"ready":{"leader":true,"player2":true},"started":1,"abandoned":false,"cards":["A machine that tries to kill Montag","Innocent","Dover Beach","Mildred ___, so techies were called. ","Mildred","Name of fireman that Montag reported","Ray Bradbury","A(n) ___ man is killed instead of Montag","Black","Ate too many sleeping pills","Granger","Last Person killed by Montag","3","Temperature at which paper burns","Ripping pages out of the Bible","Clarisse makes Montag question this feeling","Book of Ecclesiastes","Leader of so-called \"criminals\" ","Main character","The Hound's weapon","Happiness","Guy Montag","Number of walls in Mildred's \"family\"","Pleasing","Montag's wife","Clarisse McClellan","Montag original thoughts on burning","A procaine needle","451 degrees Farenheit","Most important girl in the story","Author of Fahrenheit 451 ","The book Montag memorized","Montag convinced Faber to help him by...","Poem that Montag reads","The Hound","Captain Beatty"]},"level":"silly","message":"","timestamp":"2018-03-12T00:35:47.299Z"}
{"level":"info","message":"-1 user. Key: tWhkFNxqhN_gjZp-AAAC Total: 2","timestamp":"2018-03-12T00:42:57.339Z"}
{"level":"info","message":"Removed user asddsa from lobby clean","timestamp":"2018-03-12T00:42:57.340Z"}
{"level":"info","message":"Removed user asddsa from lobby main","timestamp":"2018-03-12T00:42:57.340Z"}
{"level":"info","message":"Deleting asddsa","timestamp":"2018-03-12T00:42:57.341Z"}
{"level":"info","message":"+1 user! Key: I_ioJbNd4i4tUv9XAAAD Total: 2","timestamp":"2018-03-12T00:42:58.341Z"}
{"YQKup5hYTDLpM86NAAAB":{"logged_in":true,"username":"asd"},"I_ioJbNd4i4tUv9XAAAD":{"logged_in":false},"level":"silly","message":"","timestamp":"2018-03-12T00:42:58.342Z"}
{"level":"info","message":"-1 user. Key: I_ioJbNd4i4tUv9XAAAD Total: 2","timestamp":"2018-03-12T00:55:39.335Z"}
{"level":"info","message":"Removed user undefined from lobby clean","timestamp":"2018-03-12T00:55:39.336Z"}
{"level":"info","message":"Removed user undefined from lobby main","timestamp":"2018-03-12T00:55:39.336Z"}
{"level":"info","message":"Deleting undefined","timestamp":"2018-03-12T00:55:39.337Z"}
{"level":"info","message":"+1 user! Key: VJGh2saSXKIycn9tAAAE Total: 2","timestamp":"2018-03-12T00:55:41.338Z"}
{"YQKup5hYTDLpM86NAAAB":{"logged_in":true,"username":"asd"},"VJGh2saSXKIycn9tAAAE":{"logged_in":false},"level":"silly","message":"","timestamp":"2018-03-12T00:55:41.338Z"}
{"level":"info","message":"-1 user. Key: VJGh2saSXKIycn9tAAAE Total: 2","timestamp":"2018-03-12T00:57:24.974Z"}
{"level":"info","message":"Removed user undefined from lobby clean","timestamp":"2018-03-12T00:57:24.975Z"}
{"level":"info","message":"Removed user undefined from lobby main","timestamp":"2018-03-12T00:57:24.975Z"}
{"level":"info","message":"Deleting undefined","timestamp":"2018-03-12T00:57:24.975Z"}
{"level":"info","message":"+1 user! Key: I_ZnEJ1RXhOmWTEFAAAF Total: 2","timestamp":"2018-03-12T00:57:25.450Z"}
{"YQKup5hYTDLpM86NAAAB":{"logged_in":true,"username":"asd"},"I_ZnEJ1RXhOmWTEFAAAF":{"logged_in":false},"level":"silly","message":"","timestamp":"2018-03-12T00:57:25.450Z"}
{"level":"info","message":"-1 user. Key: YQKup5hYTDLpM86NAAAB Total: 2","timestamp":"2018-03-12T00:57:26.617Z"}
{"level":"info","message":"Removed user asd from lobby clean","timestamp":"2018-03-12T00:57:26.617Z"}
{"level":"info","message":"Removed user asd from lobby main","timestamp":"2018-03-12T00:57:26.617Z"}
{"level":"info","message":"Deleting asd","timestamp":"2018-03-12T00:57:26.618Z"}
{"level":"info","message":"+1 user! Key: A4X-04GFvkWkOhedAAAG Total: 2","timestamp":"2018-03-12T00:57:26.934Z"}
{"I_ZnEJ1RXhOmWTEFAAAF":{"logged_in":false},"A4X-04GFvkWkOhedAAAG":{"logged_in":false},"level":"silly","message":"","timestamp":"2018-03-12T00:57:26.934Z"}
{"I_ZnEJ1RXhOmWTEFAAAF":{"logged_in":true,"username":"asd"},"A4X-04GFvkWkOhedAAAG":{"logged_in":false},"level":"silly","message":"","timestamp":"2018-03-12T00:57:31.081Z"}
{"level":"info","message":"Login: asd","timestamp":"2018-03-12T00:57:31.082Z"}
{"level":"info","message":"Move asd to lobby 'main'.","timestamp":"2018-03-12T00:57:31.082Z"}
{"main":{"I_ZnEJ1RXhOmWTEFAAAF":"asd"},"level":"silly","message":"","timestamp":"2018-03-12T00:57:31.082Z"}
{"I_ZnEJ1RXhOmWTEFAAAF":{"logged_in":true,"username":"asd"},"A4X-04GFvkWkOhedAAAG":{"logged_in":true,"username":"asdasd"},"level":"silly","message":"","timestamp":"2018-03-12T00:57:32.897Z"}
{"level":"info","message":"Login: asdasd","timestamp":"2018-03-12T00:57:32.898Z"}
{"level":"info","message":"Move asdasd to lobby 'main'.","timestamp":"2018-03-12T00:57:32.898Z"}
{"main":{"I_ZnEJ1RXhOmWTEFAAAF":"asd","A4X-04GFvkWkOhedAAAG":"asdasd"},"level":"silly","message":"","timestamp":"2018-03-12T00:57:32.899Z"}
{"room14":{"type":"double","gameInfo":{"leader":"tWhkFNxqhN_gjZp-AAAC","player2":"YQKup5hYTDLpM86NAAAB"},"game":{"turn":"leader","card2":null},"ready":{"leader":true,"player2":true},"started":1,"abandoned":false,"cards":["A machine that tries to kill Montag","Innocent","Dover Beach","Mildred ___, so techies were called. ","Mildred","Name of fireman that Montag reported","Ray Bradbury","A(n) ___ man is killed instead of Montag","Black","Ate too many sleeping pills","Granger","Last Person killed by Montag","3","Temperature at which paper burns","Ripping pages out of the Bible","Clarisse makes Montag question this feeling","Book of Ecclesiastes","Leader of so-called \"criminals\" ","Main character","The Hound's weapon","Happiness","Guy Montag","Number of walls in Mildred's \"family\"","Pleasing","Montag's wife","Clarisse McClellan","Montag original thoughts on burning","A procaine needle","451 degrees Farenheit","Most important girl in the story","Author of Fahrenheit 451 ","The book Montag memorized","Montag convinced Faber to help him by...","Poem that Montag reads","The Hound","Captain Beatty"]},"room23":{"type":"double","gameInfo":{"leader":"A4X-04GFvkWkOhedAAAG","player2":null},"game":{},"ready":{"leader":false,"player2":false},"started":false,"abandoned":false},"level":"silly","message":"","timestamp":"2018-03-12T00:57:34.536Z"}
{"room14":{"type":"double","gameInfo":{"leader":"tWhkFNxqhN_gjZp-AAAC","player2":"YQKup5hYTDLpM86NAAAB"},"game":{"turn":"leader","card2":null},"ready":{"leader":true,"player2":true},"started":1,"abandoned":false,"cards":["A machine that tries to kill Montag","Innocent","Dover Beach","Mildred ___, so techies were called. ","Mildred","Name of fireman that Montag reported","Ray Bradbury","A(n) ___ man is killed instead of Montag","Black","Ate too many sleeping pills","Granger","Last Person killed by Montag","3","Temperature at which paper burns","Ripping pages out of the Bible","Clarisse makes Montag question this feeling","Book of Ecclesiastes","Leader of so-called \"criminals\" ","Main character","The Hound's weapon","Happiness","Guy Montag","Number of walls in Mildred's \"family\"","Pleasing","Montag's wife","Clarisse McClellan","Montag original thoughts on burning","A procaine needle","451 degrees Farenheit","Most important girl in the story","Author of Fahrenheit 451 ","The book Montag memorized","Montag convinced Faber to help him by...","Poem that Montag reads","The Hound","Captain Beatty"]},"room23":{"type":"double","gameInfo":{"leader":"A4X-04GFvkWkOhedAAAG","player2":null},"game":{},"ready":{"leader":false,"player2":false},"started":false,"abandoned":false},"room41":{"type":"double","gameInfo":{"leader":"I_ZnEJ1RXhOmWTEFAAAF","player2":null},"game":{},"ready":{"leader":false,"player2":false},"started":false,"abandoned":false},"level":"silly","message":"","timestamp":"2018-03-12T00:57:36.216Z"}
{"level":"info","message":"-1 user. Key: A4X-04GFvkWkOhedAAAG Total: 2","timestamp":"2018-03-12T00:57:38.093Z"}
{"level":"info","message":"Removed user asdasd from lobby clean","timestamp":"2018-03-12T00:57:38.093Z"}
{"level":"info","message":"Removed user asdasd from lobby main","timestamp":"2018-03-12T00:57:38.094Z"}
{"level":"info","message":"Deleting asdasd","timestamp":"2018-03-12T00:57:38.094Z"}
{"level":"info","message":"+1 user! Key: HK2aTP-NOUbajkGLAAAH Total: 2","timestamp":"2018-03-12T00:57:38.570Z"}
{"I_ZnEJ1RXhOmWTEFAAAF":{"logged_in":true,"username":"asd"},"HK2aTP-NOUbajkGLAAAH":{"logged_in":false},"level":"silly","message":"","timestamp":"2018-03-12T00:57:38.570Z"}
{"I_ZnEJ1RXhOmWTEFAAAF":{"logged_in":true,"username":"asd"},"HK2aTP-NOUbajkGLAAAH":{"logged_in":true,"username":"asdasd"},"level":"silly","message":"","timestamp":"2018-03-12T00:57:44.067Z"}
{"level":"info","message":"Login: asdasd","timestamp":"2018-03-12T00:57:44.068Z"}
{"level":"info","message":"Move asdasd to lobby 'main'.","timestamp":"2018-03-12T00:57:44.068Z"}
{"main":{"HK2aTP-NOUbajkGLAAAH":"asdasd"},"level":"silly","message":"","timestamp":"2018-03-12T00:57:44.069Z"}
{"room14":{"type":"double","gameInfo":{"leader":"tWhkFNxqhN_gjZp-AAAC","player2":"YQKup5hYTDLpM86NAAAB"},"game":{"turn":"leader","card2":null},"ready":{"leader":true,"player2":true},"started":1,"abandoned":false,"cards":["A machine that tries to kill Montag","Innocent","Dover Beach","Mildred ___, so techies were called. ","Mildred","Name of fireman that Montag reported","Ray Bradbury","A(n) ___ man is killed instead of Montag","Black","Ate too many sleeping pills","Granger","Last Person killed by Montag","3","Temperature at which paper burns","Ripping pages out of the Bible","Clarisse makes Montag question this feeling","Book of Ecclesiastes","Leader of so-called \"criminals\" ","Main character","The Hound's weapon","Happiness","Guy Montag","Number of walls in Mildred's \"family\"","Pleasing","Montag's wife","Clarisse McClellan","Montag original thoughts on burning","A procaine needle","451 degrees Farenheit","Most important girl in the story","Author of Fahrenheit 451 ","The book Montag memorized","Montag convinced Faber to help him by...","Poem that Montag reads","The Hound","Captain Beatty"]},"room23":{"type":"double","gameInfo":{"leader":"A4X-04GFvkWkOhedAAAG","player2":null},"game":{},"ready":{"leader":false,"player2":false},"started":false,"abandoned":false},"room41":{"type":"double","gameInfo":{"leader":"I_ZnEJ1RXhOmWTEFAAAF","player2":null},"game":{},"ready":{"leader":false,"player2":false},"started":false,"abandoned":false},"room54":{"type":"double","gameInfo":{"leader":"HK2aTP-NOUbajkGLAAAH","player2":null},"game":{},"ready":{"leader":false,"player2":false},"started":false,"abandoned":false},"level":"silly","message":"","timestamp":"2018-03-12T00:57:46.569Z"}
{"level":"info","message":"","timestamp":"2018-03-12T00:57:47.728Z"}
