{"level":"info","message":"success: Samyok.js","timestamp":"2018-03-11T21:55:21.330Z"}
{"level":"silly","message":"Imports done.","timestamp":"2018-03-11T21:55:21.440Z"}
{"level":"info","message":"Started English Memory Match's socket server.","timestamp":"2018-03-11T21:55:21.453Z"}
{"level":"info","message":"Started English Memory Match's express server. Listening to port 4000.","timestamp":"2018-03-11T21:55:21.455Z"}
{"level":"info","message":"+1 user! Key: GcnEYW94wvR2yGvmAAAA Total: 1","timestamp":"2018-03-11T21:55:22.355Z"}
{"GcnEYW94wvR2yGvmAAAA":{"logged_in":false},"level":"silly","message":"","timestamp":"2018-03-11T21:55:22.356Z"}
{"level":"info","message":"+1 user! Key: CQMdvq6wm7dW9hC6AAAB Total: 2","timestamp":"2018-03-11T21:55:22.360Z"}
{"GcnEYW94wvR2yGvmAAAA":{"logged_in":false},"CQMdvq6wm7dW9hC6AAAB":{"logged_in":false},"level":"silly","message":"","timestamp":"2018-03-11T21:55:22.361Z"}
{"level":"info","message":"+1 user! Key: wDzpy18Ok-bbCroBAAAC Total: 3","timestamp":"2018-03-11T21:55:22.401Z"}
{"GcnEYW94wvR2yGvmAAAA":{"logged_in":false},"CQMdvq6wm7dW9hC6AAAB":{"logged_in":false},"wDzpy18Ok-bbCroBAAAC":{"logged_in":false},"level":"silly","message":"","timestamp":"2018-03-11T21:55:22.402Z"}
{"level":"info","message":"+1 user! Key: KLVA_cGph2nhZDSCAAAD Total: 4","timestamp":"2018-03-11T21:55:22.907Z"}
{"GcnEYW94wvR2yGvmAAAA":{"logged_in":false},"CQMdvq6wm7dW9hC6AAAB":{"logged_in":false},"wDzpy18Ok-bbCroBAAAC":{"logged_in":false},"KLVA_cGph2nhZDSCAAAD":{"logged_in":false},"level":"silly","message":"","timestamp":"2018-03-11T21:55:22.907Z"}
{"level":"error","message":"Deleted room clean, the room's info was undefined or no other player was in it. ","timestamp":"2018-03-11T21:55:23.526Z"}
{"level":"silly","message":"","timestamp":"2018-03-11T21:55:23.527Z"}
{"level":"info","message":"-1 user. Key: GcnEYW94wvR2yGvmAAAA Total: 4","timestamp":"2018-03-11T21:55:23.527Z"}
{"level":"info","message":"Removed user undefined from lobby clean","timestamp":"2018-03-11T21:55:23.527Z"}
{"level":"info","message":"Deleting undefined","timestamp":"2018-03-11T21:55:23.527Z"}
{"level":"info","message":"-1 user. Key: wDzpy18Ok-bbCroBAAAC Total: 3","timestamp":"2018-03-11T21:55:27.907Z"}
{"level":"info","message":"Removed user undefined from lobby clean","timestamp":"2018-03-11T21:55:27.907Z"}
{"level":"info","message":"Deleting undefined","timestamp":"2018-03-11T21:55:27.907Z"}
{"level":"info","message":"+1 user! Key: hNc8kq46tf6VuqckAAAE Total: 3","timestamp":"2018-03-11T21:55:28.413Z"}
{"CQMdvq6wm7dW9hC6AAAB":{"logged_in":false},"KLVA_cGph2nhZDSCAAAD":{"logged_in":false},"hNc8kq46tf6VuqckAAAE":{"logged_in":false},"level":"silly","message":"","timestamp":"2018-03-11T21:55:28.414Z"}
{"level":"info","message":"-1 user. Key: CQMdvq6wm7dW9hC6AAAB Total: 3","timestamp":"2018-03-11T21:55:29.068Z"}
{"level":"info","message":"Removed user undefined from lobby clean","timestamp":"2018-03-11T21:55:29.069Z"}
{"level":"info","message":"Deleting undefined","timestamp":"2018-03-11T21:55:29.069Z"}
{"level":"info","message":"+1 user! Key: P0IbLeluZrel6n59AAAF Total: 3","timestamp":"2018-03-11T21:55:29.318Z"}
{"KLVA_cGph2nhZDSCAAAD":{"logged_in":false},"hNc8kq46tf6VuqckAAAE":{"logged_in":false},"P0IbLeluZrel6n59AAAF":{"logged_in":false},"level":"silly","message":"","timestamp":"2018-03-11T21:55:29.318Z"}
{"level":"info","message":"-1 user. Key: hNc8kq46tf6VuqckAAAE Total: 3","timestamp":"2018-03-11T21:55:30.265Z"}
{"level":"info","message":"Removed user undefined from lobby clean","timestamp":"2018-03-11T21:55:30.265Z"}
{"level":"info","message":"Deleting undefined","timestamp":"2018-03-11T21:55:30.265Z"}
{"level":"info","message":"+1 user! Key: qTEDSpc52c6zUoY4AAAG Total: 3","timestamp":"2018-03-11T21:55:30.485Z"}
{"KLVA_cGph2nhZDSCAAAD":{"logged_in":false},"P0IbLeluZrel6n59AAAF":{"logged_in":false},"qTEDSpc52c6zUoY4AAAG":{"logged_in":false},"level":"silly","message":"","timestamp":"2018-03-11T21:55:30.485Z"}
{"KLVA_cGph2nhZDSCAAAD":{"logged_in":false},"P0IbLeluZrel6n59AAAF":{"logged_in":true,"username":"asdasd"},"qTEDSpc52c6zUoY4AAAG":{"logged_in":false},"level":"silly","message":"","timestamp":"2018-03-11T21:55:33.210Z"}
{"level":"info","message":"Login: asdasd","timestamp":"2018-03-11T21:55:33.211Z"}
{"level":"info","message":"Move asdasd to lobby 'main'.","timestamp":"2018-03-11T21:55:33.212Z"}
{"main":{"P0IbLeluZrel6n59AAAF":"asdasd"},"level":"silly","message":"","timestamp":"2018-03-11T21:55:33.213Z"}
{"KLVA_cGph2nhZDSCAAAD":{"logged_in":true,"username":"asd"},"P0IbLeluZrel6n59AAAF":{"logged_in":true,"username":"asdasd"},"qTEDSpc52c6zUoY4AAAG":{"logged_in":false},"level":"silly","message":"","timestamp":"2018-03-11T21:55:34.863Z"}
{"level":"info","message":"Login: asd","timestamp":"2018-03-11T21:55:34.864Z"}
{"level":"info","message":"Move asd to lobby 'main'.","timestamp":"2018-03-11T21:55:34.865Z"}
{"main":{"P0IbLeluZrel6n59AAAF":"asdasd","KLVA_cGph2nhZDSCAAAD":"asd"},"level":"silly","message":"","timestamp":"2018-03-11T21:55:34.866Z"}
{"KLVA_cGph2nhZDSCAAAD":{"logged_in":true,"username":"asd"},"P0IbLeluZrel6n59AAAF":{"logged_in":true,"username":"asdasd"},"qTEDSpc52c6zUoY4AAAG":{"logged_in":true,"username":"a"},"level":"silly","message":"","timestamp":"2018-03-11T21:55:38.253Z"}
{"level":"info","message":"Login: a","timestamp":"2018-03-11T21:55:38.255Z"}
{"level":"info","message":"Move a to lobby 'main'.","timestamp":"2018-03-11T21:55:38.256Z"}
{"main":{"P0IbLeluZrel6n59AAAF":"asdasd","KLVA_cGph2nhZDSCAAAD":"asd","qTEDSpc52c6zUoY4AAAG":"a"},"level":"silly","message":"","timestamp":"2018-03-11T21:55:38.256Z"}
{"room9":{"type":"double","gameInfo":{"leader":"qTEDSpc52c6zUoY4AAAG","player2":null},"game":{},"ready":{"leader":false,"player2":false},"started":false,"abandoned":false},"level":"silly","message":"","timestamp":"2018-03-11T21:55:39.902Z"}
{"room9":{"type":"double","gameInfo":{"leader":"qTEDSpc52c6zUoY4AAAG","player2":"KLVA_cGph2nhZDSCAAAD"},"game":{},"ready":{"leader":false,"player2":false},"started":false,"abandoned":false},"level":"silly","message":"","timestamp":"2018-03-11T21:55:44.476Z"}
{"level":"info","message":"Marked a as ready to play in room room9.","timestamp":"2018-03-11T21:55:44.481Z"}
{"room9":{"type":"double","gameInfo":{"leader":"qTEDSpc52c6zUoY4AAAG","player2":"KLVA_cGph2nhZDSCAAAD"},"game":{},"ready":{"leader":true,"player2":false},"started":false,"abandoned":false},"level":"silly","message":"","timestamp":"2018-03-11T21:55:44.481Z"}
{"level":"info","message":"Marked asd as ready to play in room room9.","timestamp":"2018-03-11T21:55:45.097Z"}
{"room9":{"type":"double","gameInfo":{"leader":"qTEDSpc52c6zUoY4AAAG","player2":"KLVA_cGph2nhZDSCAAAD"},"game":{},"ready":{"leader":true,"player2":true},"started":false,"abandoned":false},"level":"silly","message":"","timestamp":"2018-03-11T21:55:45.098Z"}
{"level":"info","message":"Started game in room room9.","timestamp":"2018-03-11T21:55:45.099Z"}
{"room9":{"type":"double","gameInfo":{"leader":"qTEDSpc52c6zUoY4AAAG","player2":"KLVA_cGph2nhZDSCAAAD"},"game":{},"ready":{"leader":true,"player2":true},"started":1,"abandoned":false,"cards":["The Hound's weapon","Last Person killed by Montag","A procaine needle","A(n) ___ man is killed instead of Montag","Pleasing","Clarisse McClellan","Name of fireman that Montag reported","Leader of so-called \"criminals\" ","Poem that Montag reads","Most important girl in the story","Captain Beatty","Innocent","Main character","Montag's wife","Dover Beach","Montag original thoughts on burning","The book Montag memorized","Ripping pages out of the Bible","Clarisse makes Montag question this feeling","Number of walls in Mildred's \"family\"","Guy Montag","3","Mildred ___, so techies were called. ","Ate too many sleeping pills","Granger","Book of Ecclesiastes","Happiness","The Hound","Mildred","Temperature at which paper burns","Ray Bradbury","Black","A machine that tries to kill Montag","Montag convinced Faber to help him by...","Author of Fahrenheit 451 ","451 degrees Farenheit"]},"level":"silly","message":"","timestamp":"2018-03-11T21:55:45.103Z"}
{"level":"info","message":"+1 user! Key: 60mgfk6ne3xg_eITAAAH Total: 4","timestamp":"2018-03-11T21:55:50.526Z"}
{"KLVA_cGph2nhZDSCAAAD":{"logged_in":true,"username":"asd"},"P0IbLeluZrel6n59AAAF":{"logged_in":true,"username":"asdasd"},"qTEDSpc52c6zUoY4AAAG":{"logged_in":true,"username":"a"},"60mgfk6ne3xg_eITAAAH":{"logged_in":false},"level":"silly","message":"","timestamp":"2018-03-11T21:55:50.526Z"}
{"KLVA_cGph2nhZDSCAAAD":{"logged_in":true,"username":"asd"},"P0IbLeluZrel6n59AAAF":{"logged_in":true,"username":"asdasd"},"qTEDSpc52c6zUoY4AAAG":{"logged_in":true,"username":"a"},"60mgfk6ne3xg_eITAAAH":{"logged_in":true,"username":"asdads"},"level":"silly","message":"","timestamp":"2018-03-11T21:55:53.236Z"}
{"level":"info","message":"Login: asdads","timestamp":"2018-03-11T21:55:53.237Z"}
{"level":"info","message":"Move asdads to lobby 'main'.","timestamp":"2018-03-11T21:55:53.238Z"}
{"main":{"P0IbLeluZrel6n59AAAF":"asdasd","KLVA_cGph2nhZDSCAAAD":"asd","60mgfk6ne3xg_eITAAAH":"asdads"},"level":"silly","message":"","timestamp":"2018-03-11T21:55:53.238Z"}
{"room9":{"type":"double","gameInfo":{"leader":"qTEDSpc52c6zUoY4AAAG","player2":"KLVA_cGph2nhZDSCAAAD"},"game":{},"ready":{"leader":true,"player2":true},"started":1,"abandoned":false,"cards":["The Hound's weapon","Last Person killed by Montag","A procaine needle","A(n) ___ man is killed instead of Montag","Pleasing","Clarisse McClellan","Name of fireman that Montag reported","Leader of so-called \"criminals\" ","Poem that Montag reads","Most important girl in the story","Captain Beatty","Innocent","Main character","Montag's wife","Dover Beach","Montag original thoughts on burning","The book Montag memorized","Ripping pages out of the Bible","Clarisse makes Montag question this feeling","Number of walls in Mildred's \"family\"","Guy Montag","3","Mildred ___, so techies were called. ","Ate too many sleeping pills","Granger","Book of Ecclesiastes","Happiness","The Hound","Mildred","Temperature at which paper burns","Ray Bradbury","Black","A machine that tries to kill Montag","Montag convinced Faber to help him by...","Author of Fahrenheit 451 ","451 degrees Farenheit"]},"room19":{"type":"double","gameInfo":{"leader":"60mgfk6ne3xg_eITAAAH","player2":null},"game":{},"ready":{"leader":false,"player2":false},"started":false,"abandoned":false},"level":"silly","message":"","timestamp":"2018-03-11T21:55:54.764Z"}
{"room9":{"type":"double","gameInfo":{"leader":"qTEDSpc52c6zUoY4AAAG","player2":"KLVA_cGph2nhZDSCAAAD"},"game":{},"ready":{"leader":true,"player2":true},"started":1,"abandoned":false,"cards":["The Hound's weapon","Last Person killed by Montag","A procaine needle","A(n) ___ man is killed instead of Montag","Pleasing","Clarisse McClellan","Name of fireman that Montag reported","Leader of so-called \"criminals\" ","Poem that Montag reads","Most important girl in the story","Captain Beatty","Innocent","Main character","Montag's wife","Dover Beach","Montag original thoughts on burning","The book Montag memorized","Ripping pages out of the Bible","Clarisse makes Montag question this feeling","Number of walls in Mildred's \"family\"","Guy Montag","3","Mildred ___, so techies were called. ","Ate too many sleeping pills","Granger","Book of Ecclesiastes","Happiness","The Hound","Mildred","Temperature at which paper burns","Ray Bradbury","Black","A machine that tries to kill Montag","Montag convinced Faber to help him by...","Author of Fahrenheit 451 ","451 degrees Farenheit"]},"room19":{"type":"double","gameInfo":{"leader":"60mgfk6ne3xg_eITAAAH","player2":"P0IbLeluZrel6n59AAAF"},"game":{},"ready":{"leader":false,"player2":false},"started":false,"abandoned":false},"level":"silly","message":"","timestamp":"2018-03-11T21:56:03.506Z"}
{"level":"info","message":"Marked asdads as ready to play in room room19.","timestamp":"2018-03-11T21:56:03.511Z"}
{"room9":{"type":"double","gameInfo":{"leader":"qTEDSpc52c6zUoY4AAAG","player2":"KLVA_cGph2nhZDSCAAAD"},"game":{},"ready":{"leader":true,"player2":true},"started":1,"abandoned":false,"cards":["The Hound's weapon","Last Person killed by Montag","A procaine needle","A(n) ___ man is killed instead of Montag","Pleasing","Clarisse McClellan","Name of fireman that Montag reported","Leader of so-called \"criminals\" ","Poem that Montag reads","Most important girl in the story","Captain Beatty","Innocent","Main character","Montag's wife","Dover Beach","Montag original thoughts on burning","The book Montag memorized","Ripping pages out of the Bible","Clarisse makes Montag question this feeling","Number of walls in Mildred's \"family\"","Guy Montag","3","Mildred ___, so techies were called. ","Ate too many sleeping pills","Granger","Book of Ecclesiastes","Happiness","The Hound","Mildred","Temperature at which paper burns","Ray Bradbury","Black","A machine that tries to kill Montag","Montag convinced Faber to help him by...","Author of Fahrenheit 451 ","451 degrees Farenheit"]},"room19":{"type":"double","gameInfo":{"leader":"60mgfk6ne3xg_eITAAAH","player2":"P0IbLeluZrel6n59AAAF"},"game":{},"ready":{"leader":true,"player2":false},"started":false,"abandoned":false},"level":"silly","message":"","timestamp":"2018-03-11T21:56:03.511Z"}
{"level":"info","message":"Marked asdasd as ready to play in room room19.","timestamp":"2018-03-11T21:56:04.116Z"}
{"room9":{"type":"double","gameInfo":{"leader":"qTEDSpc52c6zUoY4AAAG","player2":"KLVA_cGph2nhZDSCAAAD"},"game":{},"ready":{"leader":true,"player2":true},"started":1,"abandoned":false,"cards":["The Hound's weapon","Last Person killed by Montag","A procaine needle","A(n) ___ man is killed instead of Montag","Pleasing","Clarisse McClellan","Name of fireman that Montag reported","Leader of so-called \"criminals\" ","Poem that Montag reads","Most important girl in the story","Captain Beatty","Innocent","Main character","Montag's wife","Dover Beach","Montag original thoughts on burning","The book Montag memorized","Ripping pages out of the Bible","Clarisse makes Montag question this feeling","Number of walls in Mildred's \"family\"","Guy Montag","3","Mildred ___, so techies were called. ","Ate too many sleeping pills","Granger","Book of Ecclesiastes","Happiness","The Hound","Mildred","Temperature at which paper burns","Ray Bradbury","Black","A machine that tries to kill Montag","Montag convinced Faber to help him by...","Author of Fahrenheit 451 ","451 degrees Farenheit"]},"room19":{"type":"double","gameInfo":{"leader":"60mgfk6ne3xg_eITAAAH","player2":"P0IbLeluZrel6n59AAAF"},"game":{},"ready":{"leader":true,"player2":true},"started":false,"abandoned":false},"level":"silly","message":"","timestamp":"2018-03-11T21:56:04.117Z"}
{"level":"info","message":"Started game in room room19.","timestamp":"2018-03-11T21:56:04.127Z"}
{"room9":{"type":"double","gameInfo":{"leader":"qTEDSpc52c6zUoY4AAAG","player2":"KLVA_cGph2nhZDSCAAAD"},"game":{},"ready":{"leader":true,"player2":true},"started":1,"abandoned":false,"cards":["The Hound's weapon","Last Person killed by Montag","A procaine needle","A(n) ___ man is killed instead of Montag","Pleasing","Clarisse McClellan","Name of fireman that Montag reported","Leader of so-called \"criminals\" ","Poem that Montag reads","Most important girl in the story","Captain Beatty","Innocent","Main character","Montag's wife","Dover Beach","Montag original thoughts on burning","The book Montag memorized","Ripping pages out of the Bible","Clarisse makes Montag question this feeling","Number of walls in Mildred's \"family\"","Guy Montag","3","Mildred ___, so techies were called. ","Ate too many sleeping pills","Granger","Book of Ecclesiastes","Happiness","The Hound","Mildred","Temperature at which paper burns","Ray Bradbury","Black","A machine that tries to kill Montag","Montag convinced Faber to help him by...","Author of Fahrenheit 451 ","451 degrees Farenheit"]},"room19":{"type":"double","gameInfo":{"leader":"60mgfk6ne3xg_eITAAAH","player2":"P0IbLeluZrel6n59AAAF"},"game":{},"ready":{"leader":true,"player2":true},"started":1,"abandoned":false,"cards":[]},"level":"silly","message":"","timestamp":"2018-03-11T21:56:04.128Z"}
{"level":"warn","message":"Restart code Requested by 60mgfk6ne3xg_eITAAAH","timestamp":"2018-03-11T21:57:10.759Z"}
{"level":"error","message":"/restart HIT! RESTART NOOoOooOOOOO","timestamp":"2018-03-11T21:57:10.775Z"}
