{"level":"info","message":"success: Samyok.js","timestamp":"2018-03-11T15:45:01.655Z"}
{"level":"silly","message":"Imports done.","timestamp":"2018-03-11T15:45:01.779Z"}
{"level":"info","message":"Started English Memory Match's socket server.","timestamp":"2018-03-11T15:45:01.793Z"}
{"level":"info","message":"Started English Memory Match's express server. Listening to port 4000.","timestamp":"2018-03-11T15:45:01.795Z"}
{"level":"info","message":"+1 user! Key: XPZMxAsiTw0aDP62AAAA Total: 1","timestamp":"2018-03-11T15:45:02.733Z"}
{"XPZMxAsiTw0aDP62AAAA":{"logged_in":false},"level":"silly","message":"","timestamp":"2018-03-11T15:45:02.733Z"}
{"level":"info","message":"+1 user! Key: FRuCmrioUVurJ-3rAAAB Total: 2","timestamp":"2018-03-11T15:45:03.535Z"}
{"XPZMxAsiTw0aDP62AAAA":{"logged_in":false},"FRuCmrioUVurJ-3rAAAB":{"logged_in":false},"level":"silly","message":"","timestamp":"2018-03-11T15:45:03.535Z"}
{"level":"error","message":"Deleted room clean, the room's info was undefined or no other player was in it. ","timestamp":"2018-03-11T15:45:05.342Z"}
{"level":"silly","message":"","timestamp":"2018-03-11T15:45:05.342Z"}
{"level":"info","message":"-1 user. Key: XPZMxAsiTw0aDP62AAAA Total: 2","timestamp":"2018-03-11T15:45:05.343Z"}
{"level":"info","message":"Removed user undefined from lobby clean","timestamp":"2018-03-11T15:45:05.343Z"}
{"level":"info","message":"Deleting undefined","timestamp":"2018-03-11T15:45:05.343Z"}
{"level":"info","message":"+1 user! Key: x4x9PmNOR1iUizF5AAAC Total: 2","timestamp":"2018-03-11T15:45:05.819Z"}
{"FRuCmrioUVurJ-3rAAAB":{"logged_in":false},"x4x9PmNOR1iUizF5AAAC":{"logged_in":false},"level":"silly","message":"","timestamp":"2018-03-11T15:45:05.819Z"}
{"level":"info","message":"-1 user. Key: FRuCmrioUVurJ-3rAAAB Total: 2","timestamp":"2018-03-11T15:45:06.207Z"}
{"level":"info","message":"Removed user undefined from lobby clean","timestamp":"2018-03-11T15:45:06.207Z"}
{"level":"info","message":"Deleting undefined","timestamp":"2018-03-11T15:45:06.208Z"}
{"level":"info","message":"+1 user! Key: 5cwh0El7aTNLuPpmAAAD Total: 2","timestamp":"2018-03-11T15:45:06.657Z"}
{"x4x9PmNOR1iUizF5AAAC":{"logged_in":false},"5cwh0El7aTNLuPpmAAAD":{"logged_in":false},"level":"silly","message":"","timestamp":"2018-03-11T15:45:06.657Z"}
{"x4x9PmNOR1iUizF5AAAC":{"logged_in":true,"username":"asdasd"},"5cwh0El7aTNLuPpmAAAD":{"logged_in":false},"level":"silly","message":"","timestamp":"2018-03-11T15:45:09.519Z"}
{"level":"info","message":"Login: asdasd","timestamp":"2018-03-11T15:45:09.520Z"}
{"level":"info","message":"Move asdasd to lobby 'main'.","timestamp":"2018-03-11T15:45:09.520Z"}
{"main":{"x4x9PmNOR1iUizF5AAAC":"asdasd"},"level":"silly","message":"","timestamp":"2018-03-11T15:45:09.521Z"}
{"x4x9PmNOR1iUizF5AAAC":{"logged_in":true,"username":"asdasd"},"5cwh0El7aTNLuPpmAAAD":{"logged_in":true,"username":"samyok"},"level":"silly","message":"","timestamp":"2018-03-11T15:45:17.624Z"}
{"level":"info","message":"Login: samyok","timestamp":"2018-03-11T15:45:17.626Z"}
{"level":"info","message":"Move samyok to lobby 'main'.","timestamp":"2018-03-11T15:45:17.626Z"}
{"main":{"x4x9PmNOR1iUizF5AAAC":"asdasd","5cwh0El7aTNLuPpmAAAD":"samyok"},"level":"silly","message":"","timestamp":"2018-03-11T15:45:17.627Z"}
{"room15":{"type":"double","gameInfo":{"leader":"5cwh0El7aTNLuPpmAAAD","player2":null},"game":{},"started":false,"abandoned":false},"level":"silly","message":"","timestamp":"2018-03-11T15:45:19.392Z"}
{"room15":{"type":"double","gameInfo":{"leader":"5cwh0El7aTNLuPpmAAAD","player2":"x4x9PmNOR1iUizF5AAAC"},"game":{},"started":false,"abandoned":false},"level":"silly","message":"","timestamp":"2018-03-11T15:45:23.597Z"}
{"level":"info","message":"asdasd just left room room15, marked as abandoned.","timestamp":"2018-03-11T16:51:28.749Z"}
{"level":"info","message":"Sent abandoned, win notification to samyok","timestamp":"2018-03-11T16:51:28.750Z"}
{"room15":{"type":"double","gameInfo":{"leader":"5cwh0El7aTNLuPpmAAAD","player2":null},"game":{},"started":false,"abandoned":true},"level":"silly","message":"","timestamp":"2018-03-11T16:51:28.750Z"}
{"level":"info","message":"-1 user. Key: x4x9PmNOR1iUizF5AAAC Total: 2","timestamp":"2018-03-11T16:51:28.750Z"}
{"level":"info","message":"Removed user asdasd from lobby clean","timestamp":"2018-03-11T16:51:28.750Z"}
{"level":"info","message":"Removed user asdasd from lobby main","timestamp":"2018-03-11T16:51:28.751Z"}
{"level":"info","message":"Deleting asdasd","timestamp":"2018-03-11T16:51:28.751Z"}
{"level":"error","message":"Deleted room room15, the room's info was undefined or no other player was in it. ","timestamp":"2018-03-11T16:51:34.350Z"}
{"level":"silly","message":"","timestamp":"2018-03-11T16:51:34.351Z"}
{"level":"info","message":"-1 user. Key: 5cwh0El7aTNLuPpmAAAD Total: 1","timestamp":"2018-03-11T16:51:34.351Z"}
{"level":"info","message":"Removed user samyok from lobby clean","timestamp":"2018-03-11T16:51:34.351Z"}
{"level":"info","message":"Removed user samyok from lobby main","timestamp":"2018-03-11T16:51:34.351Z"}
{"level":"info","message":"Deleting samyok","timestamp":"2018-03-11T16:51:34.351Z"}
{"level":"info","message":"+1 user! Key: Ot_m2MDfi2Tsz0ACAAAE Total: 1","timestamp":"2018-03-11T20:14:01.107Z"}
{"Ot_m2MDfi2Tsz0ACAAAE":{"logged_in":false},"level":"silly","message":"","timestamp":"2018-03-11T20:14:01.108Z"}
{"level":"info","message":"+1 user! Key: jvnR_9UysP6CJ55NAAAF Total: 2","timestamp":"2018-03-11T20:14:50.044Z"}
{"Ot_m2MDfi2Tsz0ACAAAE":{"logged_in":false},"jvnR_9UysP6CJ55NAAAF":{"logged_in":false},"level":"silly","message":"","timestamp":"2018-03-11T20:14:50.044Z"}
{"Ot_m2MDfi2Tsz0ACAAAE":{"logged_in":true,"username":"asdsad"},"jvnR_9UysP6CJ55NAAAF":{"logged_in":false},"level":"silly","message":"","timestamp":"2018-03-11T20:14:53.389Z"}
{"level":"info","message":"Login: asdsad","timestamp":"2018-03-11T20:14:53.389Z"}
{"level":"info","message":"Move asdsad to lobby 'main'.","timestamp":"2018-03-11T20:14:53.390Z"}
{"main":{"Ot_m2MDfi2Tsz0ACAAAE":"asdsad"},"level":"silly","message":"","timestamp":"2018-03-11T20:14:53.390Z"}
{"Ot_m2MDfi2Tsz0ACAAAE":{"logged_in":true,"username":"asdsad"},"jvnR_9UysP6CJ55NAAAF":{"logged_in":true,"username":"asdsadasd"},"level":"silly","message":"","timestamp":"2018-03-11T20:14:57.722Z"}
{"level":"info","message":"Login: asdsadasd","timestamp":"2018-03-11T20:14:57.723Z"}
{"level":"info","message":"Move asdsadasd to lobby 'main'.","timestamp":"2018-03-11T20:14:57.724Z"}
{"main":{"Ot_m2MDfi2Tsz0ACAAAE":"asdsad","jvnR_9UysP6CJ55NAAAF":"asdsadasd"},"level":"silly","message":"","timestamp":"2018-03-11T20:14:57.725Z"}
{"room34":{"type":"double","gameInfo":{"leader":"jvnR_9UysP6CJ55NAAAF","player2":null},"game":{},"started":false,"abandoned":false},"level":"silly","message":"","timestamp":"2018-03-11T20:15:00.122Z"}
{"room34":{"type":"double","gameInfo":{"leader":"jvnR_9UysP6CJ55NAAAF","player2":"Ot_m2MDfi2Tsz0ACAAAE"},"game":{},"started":false,"abandoned":false},"level":"silly","message":"","timestamp":"2018-03-11T20:15:07.024Z"}
{"level":"info","message":"asdsad just left room room34, marked as abandoned.","timestamp":"2018-03-11T20:17:34.371Z"}
{"level":"info","message":"Sent abandoned, win notification to asdsadasd","timestamp":"2018-03-11T20:17:34.372Z"}
{"room34":{"type":"double","gameInfo":{"leader":"jvnR_9UysP6CJ55NAAAF","player2":null},"game":{},"started":false,"abandoned":true},"level":"silly","message":"","timestamp":"2018-03-11T20:17:34.372Z"}
{"level":"info","message":"-1 user. Key: Ot_m2MDfi2Tsz0ACAAAE Total: 2","timestamp":"2018-03-11T20:17:34.372Z"}
{"level":"info","message":"Removed user asdsad from lobby clean","timestamp":"2018-03-11T20:17:34.372Z"}
{"level":"info","message":"Removed user asdsad from lobby main","timestamp":"2018-03-11T20:17:34.373Z"}
{"level":"info","message":"Deleting asdsad","timestamp":"2018-03-11T20:17:34.373Z"}
{"level":"info","message":"+1 user! Key: qgFbgMG_dGYWhCKfAAAG Total: 2","timestamp":"2018-03-11T20:17:34.808Z"}
{"jvnR_9UysP6CJ55NAAAF":{"logged_in":true,"username":"asdsadasd"},"qgFbgMG_dGYWhCKfAAAG":{"logged_in":false},"level":"silly","message":"","timestamp":"2018-03-11T20:17:34.808Z"}
