{"level":"info","message":"success: Samyok.js","timestamp":"2018-03-12T01:03:06.945Z"}
{"level":"silly","message":"Imports done.","timestamp":"2018-03-12T01:03:07.055Z"}
{"level":"info","message":"Started English Memory Match's socket server.","timestamp":"2018-03-12T01:03:07.068Z"}
{"level":"info","message":"Started English Memory Match's express server. Listening to port 4000.","timestamp":"2018-03-12T01:03:07.069Z"}
{"level":"info","message":"+1 user! Key: AuD0TH23KYglTVP1AAAA Total: 1","timestamp":"2018-03-12T01:03:07.504Z"}
{"AuD0TH23KYglTVP1AAAA":{"logged_in":false},"level":"silly","message":"","timestamp":"2018-03-12T01:03:07.504Z"}
{"level":"info","message":"+1 user! Key: eQluaxtLo3oFO84HAAAB Total: 2","timestamp":"2018-03-12T01:03:08.912Z"}
{"AuD0TH23KYglTVP1AAAA":{"logged_in":false},"eQluaxtLo3oFO84HAAAB":{"logged_in":false},"level":"silly","message":"","timestamp":"2018-03-12T01:03:08.912Z"}
{"level":"info","message":"-1 user. Key: AuD0TH23KYglTVP1AAAA Total: 2","timestamp":"2018-03-12T01:03:14.454Z"}
{"level":"info","message":"Removed user undefined from lobby clean","timestamp":"2018-03-12T01:03:14.455Z"}
{"level":"info","message":"Deleting undefined","timestamp":"2018-03-12T01:03:14.455Z"}
{"level":"info","message":"+1 user! Key: 0fCMDmM99YDkbEiIAAAC Total: 2","timestamp":"2018-03-12T01:03:14.929Z"}
{"eQluaxtLo3oFO84HAAAB":{"logged_in":false},"0fCMDmM99YDkbEiIAAAC":{"logged_in":false},"level":"silly","message":"","timestamp":"2018-03-12T01:03:14.929Z"}
{"eQluaxtLo3oFO84HAAAB":{"logged_in":true,"username":"sad"},"0fCMDmM99YDkbEiIAAAC":{"logged_in":false},"level":"silly","message":"","timestamp":"2018-03-12T01:03:16.558Z"}
{"level":"info","message":"Login: sad","timestamp":"2018-03-12T01:03:16.560Z"}
{"level":"info","message":"Move sad to lobby 'main'.","timestamp":"2018-03-12T01:03:16.560Z"}
{"main":{"eQluaxtLo3oFO84HAAAB":"sad"},"level":"silly","message":"","timestamp":"2018-03-12T01:03:16.561Z"}
{"eQluaxtLo3oFO84HAAAB":{"logged_in":true,"username":"sad"},"0fCMDmM99YDkbEiIAAAC":{"logged_in":true,"username":"asdf"},"level":"silly","message":"","timestamp":"2018-03-12T01:03:18.943Z"}
{"level":"info","message":"Login: asdf","timestamp":"2018-03-12T01:03:18.944Z"}
{"level":"info","message":"Move asdf to lobby 'main'.","timestamp":"2018-03-12T01:03:18.945Z"}
{"main":{"eQluaxtLo3oFO84HAAAB":"sad","0fCMDmM99YDkbEiIAAAC":"asdf"},"level":"silly","message":"","timestamp":"2018-03-12T01:03:18.946Z"}
{"room12":{"type":"double","gameInfo":{"leader":"eQluaxtLo3oFO84HAAAB","player2":null},"game":{},"ready":{"leader":false,"player2":false},"started":false,"abandoned":false},"level":"silly","message":"","timestamp":"2018-03-12T01:03:20.811Z"}
{"room12":{"type":"double","gameInfo":{"leader":"eQluaxtLo3oFO84HAAAB","player2":"0fCMDmM99YDkbEiIAAAC"},"game":{},"ready":{"leader":false,"player2":false},"started":false,"abandoned":false},"level":"silly","message":"","timestamp":"2018-03-12T01:03:25.899Z"}
{"level":"error","message":"Deleted room clean, the room's info was undefined.","timestamp":"2018-03-12T01:03:25.905Z"}
{"room12":{"type":"double","gameInfo":{"leader":"eQluaxtLo3oFO84HAAAB","player2":"0fCMDmM99YDkbEiIAAAC"},"game":{},"ready":{"leader":false,"player2":false},"started":false,"abandoned":false},"level":"silly","message":"","timestamp":"2018-03-12T01:03:25.906Z"}
{"level":"info","message":"Marked sad as ready to play in room room12.","timestamp":"2018-03-12T01:03:25.907Z"}
{"room12":{"type":"double","gameInfo":{"leader":"eQluaxtLo3oFO84HAAAB","player2":"0fCMDmM99YDkbEiIAAAC"},"game":{},"ready":{"leader":true,"player2":false},"started":false,"abandoned":false},"level":"silly","message":"","timestamp":"2018-03-12T01:03:25.907Z"}
[{"question":"Main character","answer":"Guy Montag"},{"question":"Montag's wife","answer":"Mildred"},{"question":"Last Person killed by Montag","answer":"Captain Beatty"},{"question":"A machine that tries to kill Montag","answer":"The Hound"},{"question":"The book Montag memorized","answer":"Book of Ecclesiastes"},{"question":"Poem that Montag reads","answer":"Dover Beach"},{"question":"Temperature at which paper burns","answer":"451 degrees Farenheit"},{"question":"Most important girl in the story","answer":"Clarisse McClellan"},{"question":"Author of Fahrenheit 451 ","answer":"Ray Bradbury"},{"question":"Number of walls in Mildred's \"family\"","answer":"3"},{"question":"Clarisse makes Montag question this feeling","answer":"Happiness"},{"question":"Mildred ___, so techies were called. ","answer":"Ate too many sleeping pills"},{"question":"Leader of so-called \"criminals\" ","answer":"Granger"},{"question":"Montag original thoughts on burning","answer":"Pleasing"},{"question":"Montag convinced Faber to help him by...","answer":"Ripping pages out of the Bible"},{"question":"The Hound's weapon","answer":"A procaine needle"},{"question":"Name of fireman that Montag reported","answer":"Black"},{"question":"A(n) ___ man is killed instead of Montag","answer":"Innocent"}]
{"level":"info","message":"Marked asdf as ready to play in room room12.","timestamp":"2018-03-12T01:03:26.509Z"}
{"room12":{"type":"double","gameInfo":{"leader":"eQluaxtLo3oFO84HAAAB","player2":"0fCMDmM99YDkbEiIAAAC"},"game":{},"ready":{"leader":true,"player2":true},"started":false,"abandoned":false},"level":"silly","message":"","timestamp":"2018-03-12T01:03:26.510Z"}
[{"question":"Main character","answer":"Guy Montag"},{"question":"Montag's wife","answer":"Mildred"},{"question":"Last Person killed by Montag","answer":"Captain Beatty"},{"question":"A machine that tries to kill Montag","answer":"The Hound"},{"question":"The book Montag memorized","answer":"Book of Ecclesiastes"},{"question":"Poem that Montag reads","answer":"Dover Beach"},{"question":"Temperature at which paper burns","answer":"451 degrees Farenheit"},{"question":"Most important girl in the story","answer":"Clarisse McClellan"},{"question":"Author of Fahrenheit 451 ","answer":"Ray Bradbury"},{"question":"Number of walls in Mildred's \"family\"","answer":"3"},{"question":"Clarisse makes Montag question this feeling","answer":"Happiness"},{"question":"Mildred ___, so techies were called. ","answer":"Ate too many sleeping pills"},{"question":"Leader of so-called \"criminals\" ","answer":"Granger"},{"question":"Montag original thoughts on burning","answer":"Pleasing"},{"question":"Montag convinced Faber to help him by...","answer":"Ripping pages out of the Bible"},{"question":"The Hound's weapon","answer":"A procaine needle"},{"question":"Name of fireman that Montag reported","answer":"Black"},{"question":"A(n) ___ man is killed instead of Montag","answer":"Innocent"}]
{"level":"info","message":"Started game in room room12.","timestamp":"2018-03-12T01:03:26.516Z"}
{"room12":{"type":"double","gameInfo":{"leader":"eQluaxtLo3oFO84HAAAB","player2":"0fCMDmM99YDkbEiIAAAC"},"game":{"turn":"leader","card1":null,"card2":null},"ready":{"leader":true,"player2":true},"started":1,"abandoned":false,"cards":["Main character","Granger","Pleasing","Black","The Hound's weapon","Book of Ecclesiastes","Guy Montag","Captain Beatty","Ripping pages out of the Bible","Mildred","Poem that Montag reads","The Hound","Author of Fahrenheit 451 ","Number of walls in Mildred's \"family\"","Montag's wife","Innocent","Clarisse McClellan","Montag original thoughts on burning","Happiness","Ray Bradbury","Most important girl in the story","Mildred ___, so techies were called. ","451 degrees Farenheit","Montag convinced Faber to help him by...","A(n) ___ man is killed instead of Montag","Clarisse makes Montag question this feeling","Dover Beach","Temperature at which paper burns","A procaine needle","Leader of so-called \"criminals\" ","3","A machine that tries to kill Montag","Name of fireman that Montag reported","The book Montag memorized","Ate too many sleeping pills","Last Person killed by Montag"]},"level":"silly","message":"","timestamp":"2018-03-12T01:03:26.518Z"}
{"level":"info","message":"","timestamp":"2018-03-12T01:03:27.565Z"}
{"level":"silly","message":"card click in room room12","timestamp":"2018-03-12T01:03:27.566Z"}
{"room12":{"type":"double","gameInfo":{"leader":"eQluaxtLo3oFO84HAAAB","player2":"0fCMDmM99YDkbEiIAAAC"},"game":{"turn":"leader","card2":null},"ready":{"leader":true,"player2":true},"started":1,"abandoned":false,"cards":["Main character","Granger","Pleasing","Black","The Hound's weapon","Book of Ecclesiastes","Guy Montag","Captain Beatty","Ripping pages out of the Bible","Mildred","Poem that Montag reads","The Hound","Author of Fahrenheit 451 ","Number of walls in Mildred's \"family\"","Montag's wife","Innocent","Clarisse McClellan","Montag original thoughts on burning","Happiness","Ray Bradbury","Most important girl in the story","Mildred ___, so techies were called. ","451 degrees Farenheit","Montag convinced Faber to help him by...","A(n) ___ man is killed instead of Montag","Clarisse makes Montag question this feeling","Dover Beach","Temperature at which paper burns","A procaine needle","Leader of so-called \"criminals\" ","3","A machine that tries to kill Montag","Name of fireman that Montag reported","The book Montag memorized","Ate too many sleeping pills","Last Person killed by Montag"]},"level":"silly","message":"","timestamp":"2018-03-12T01:03:27.567Z"}
{"level":"info","message":"","timestamp":"2018-03-12T01:04:29.763Z"}
{"level":"silly","message":"card click in room room12","timestamp":"2018-03-12T01:04:29.763Z"}
{"room12":{"type":"double","gameInfo":{"leader":"eQluaxtLo3oFO84HAAAB","player2":"0fCMDmM99YDkbEiIAAAC"},"game":{"turn":"leader","card2":null},"ready":{"leader":true,"player2":true},"started":1,"abandoned":false,"cards":["Main character","Granger","Pleasing","Black","The Hound's weapon","Book of Ecclesiastes","Guy Montag","Captain Beatty","Ripping pages out of the Bible","Mildred","Poem that Montag reads","The Hound","Author of Fahrenheit 451 ","Number of walls in Mildred's \"family\"","Montag's wife","Innocent","Clarisse McClellan","Montag original thoughts on burning","Happiness","Ray Bradbury","Most important girl in the story","Mildred ___, so techies were called. ","451 degrees Farenheit","Montag convinced Faber to help him by...","A(n) ___ man is killed instead of Montag","Clarisse makes Montag question this feeling","Dover Beach","Temperature at which paper burns","A procaine needle","Leader of so-called \"criminals\" ","3","A machine that tries to kill Montag","Name of fireman that Montag reported","The book Montag memorized","Ate too many sleeping pills","Last Person killed by Montag"]},"level":"silly","message":"","timestamp":"2018-03-12T01:04:29.764Z"}
{"level":"info","message":"","timestamp":"2018-03-12T01:04:30.756Z"}
{"level":"silly","message":"card click in room room12","timestamp":"2018-03-12T01:04:30.756Z"}
{"room12":{"type":"double","gameInfo":{"leader":"eQluaxtLo3oFO84HAAAB","player2":"0fCMDmM99YDkbEiIAAAC"},"game":{"turn":"leader","card2":null},"ready":{"leader":true,"player2":true},"started":1,"abandoned":false,"cards":["Main character","Granger","Pleasing","Black","The Hound's weapon","Book of Ecclesiastes","Guy Montag","Captain Beatty","Ripping pages out of the Bible","Mildred","Poem that Montag reads","The Hound","Author of Fahrenheit 451 ","Number of walls in Mildred's \"family\"","Montag's wife","Innocent","Clarisse McClellan","Montag original thoughts on burning","Happiness","Ray Bradbury","Most important girl in the story","Mildred ___, so techies were called. ","451 degrees Farenheit","Montag convinced Faber to help him by...","A(n) ___ man is killed instead of Montag","Clarisse makes Montag question this feeling","Dover Beach","Temperature at which paper burns","A procaine needle","Leader of so-called \"criminals\" ","3","A machine that tries to kill Montag","Name of fireman that Montag reported","The book Montag memorized","Ate too many sleeping pills","Last Person killed by Montag"]},"level":"silly","message":"","timestamp":"2018-03-12T01:04:30.757Z"}
{"level":"info","message":"","timestamp":"2018-03-12T01:04:31.419Z"}
{"level":"silly","message":"card click in room room12","timestamp":"2018-03-12T01:04:31.420Z"}
{"room12":{"type":"double","gameInfo":{"leader":"eQluaxtLo3oFO84HAAAB","player2":"0fCMDmM99YDkbEiIAAAC"},"game":{"turn":"leader","card2":null},"ready":{"leader":true,"player2":true},"started":1,"abandoned":false,"cards":["Main character","Granger","Pleasing","Black","The Hound's weapon","Book of Ecclesiastes","Guy Montag","Captain Beatty","Ripping pages out of the Bible","Mildred","Poem that Montag reads","The Hound","Author of Fahrenheit 451 ","Number of walls in Mildred's \"family\"","Montag's wife","Innocent","Clarisse McClellan","Montag original thoughts on burning","Happiness","Ray Bradbury","Most important girl in the story","Mildred ___, so techies were called. ","451 degrees Farenheit","Montag convinced Faber to help him by...","A(n) ___ man is killed instead of Montag","Clarisse makes Montag question this feeling","Dover Beach","Temperature at which paper burns","A procaine needle","Leader of so-called \"criminals\" ","3","A machine that tries to kill Montag","Name of fireman that Montag reported","The book Montag memorized","Ate too many sleeping pills","Last Person killed by Montag"]},"level":"silly","message":"","timestamp":"2018-03-12T01:04:31.421Z"}
{"level":"info","message":"","timestamp":"2018-03-12T01:05:00.355Z"}
{"level":"silly","message":"card click in room room12","timestamp":"2018-03-12T01:05:00.356Z"}
{"room12":{"type":"double","gameInfo":{"leader":"eQluaxtLo3oFO84HAAAB","player2":"0fCMDmM99YDkbEiIAAAC"},"game":{"turn":"leader","card2":null},"ready":{"leader":true,"player2":true},"started":1,"abandoned":false,"cards":["Main character","Granger","Pleasing","Black","The Hound's weapon","Book of Ecclesiastes","Guy Montag","Captain Beatty","Ripping pages out of the Bible","Mildred","Poem that Montag reads","The Hound","Author of Fahrenheit 451 ","Number of walls in Mildred's \"family\"","Montag's wife","Innocent","Clarisse McClellan","Montag original thoughts on burning","Happiness","Ray Bradbury","Most important girl in the story","Mildred ___, so techies were called. ","451 degrees Farenheit","Montag convinced Faber to help him by...","A(n) ___ man is killed instead of Montag","Clarisse makes Montag question this feeling","Dover Beach","Temperature at which paper burns","A procaine needle","Leader of so-called \"criminals\" ","3","A machine that tries to kill Montag","Name of fireman that Montag reported","The book Montag memorized","Ate too many sleeping pills","Last Person killed by Montag"]},"level":"silly","message":"","timestamp":"2018-03-12T01:05:00.356Z"}
{"level":"info","message":"-1 user. Key: eQluaxtLo3oFO84HAAAB Total: 2","timestamp":"2018-03-12T01:05:15.534Z"}
{"level":"info","message":"Removed user sad from lobby clean","timestamp":"2018-03-12T01:05:15.534Z"}
{"level":"info","message":"Removed user sad from lobby main","timestamp":"2018-03-12T01:05:15.535Z"}
{"level":"info","message":"Deleting sad","timestamp":"2018-03-12T01:05:15.535Z"}
{"level":"info","message":"+1 user! Key: A2wszjNdliJUCumzAAAD Total: 2","timestamp":"2018-03-12T01:05:16.029Z"}
{"0fCMDmM99YDkbEiIAAAC":{"logged_in":true,"username":"asdf"},"A2wszjNdliJUCumzAAAD":{"logged_in":false},"level":"silly","message":"","timestamp":"2018-03-12T01:05:16.029Z"}
{"level":"warn","message":"Restart code Requested by 0fCMDmM99YDkbEiIAAAC","timestamp":"2018-03-12T01:05:17.067Z"}
{"level":"error","message":"/restart HIT! RESTART NOOoOooOOOOO","timestamp":"2018-03-12T01:05:17.083Z"}
