{"level":"info","message":"success: Samyok.js","timestamp":"2018-03-12T00:05:56.355Z"}
{"level":"silly","message":"Imports done.","timestamp":"2018-03-12T00:05:56.468Z"}
{"level":"info","message":"Started English Memory Match's socket server.","timestamp":"2018-03-12T00:05:56.481Z"}
{"level":"info","message":"Started English Memory Match's express server. Listening to port 4000.","timestamp":"2018-03-12T00:05:56.482Z"}
{"level":"info","message":"+1 user! Key: 1A4WRcxm5jsOVcHTAAAA Total: 1","timestamp":"2018-03-12T00:05:58.285Z"}
{"1A4WRcxm5jsOVcHTAAAA":{"logged_in":false},"level":"silly","message":"","timestamp":"2018-03-12T00:05:58.285Z"}
{"1A4WRcxm5jsOVcHTAAAA":{"logged_in":true,"username":"asd"},"level":"silly","message":"","timestamp":"2018-03-12T00:06:00.795Z"}
{"level":"info","message":"Login: asd","timestamp":"2018-03-12T00:06:00.797Z"}
{"level":"info","message":"Move asd to lobby 'main'.","timestamp":"2018-03-12T00:06:00.798Z"}
{"main":{"1A4WRcxm5jsOVcHTAAAA":"asd"},"level":"silly","message":"","timestamp":"2018-03-12T00:06:00.798Z"}
{"level":"info","message":"+1 user! Key: oVVwtBpoaqENP_lFAAAB Total: 2","timestamp":"2018-03-12T00:06:04.148Z"}
{"1A4WRcxm5jsOVcHTAAAA":{"logged_in":true,"username":"asd"},"oVVwtBpoaqENP_lFAAAB":{"logged_in":false},"level":"silly","message":"","timestamp":"2018-03-12T00:06:04.148Z"}
{"1A4WRcxm5jsOVcHTAAAA":{"logged_in":true,"username":"asd"},"oVVwtBpoaqENP_lFAAAB":{"logged_in":true,"username":"asdads"},"level":"silly","message":"","timestamp":"2018-03-12T00:06:07.081Z"}
{"level":"info","message":"Login: asdads","timestamp":"2018-03-12T00:06:07.083Z"}
{"level":"info","message":"Move asdads to lobby 'main'.","timestamp":"2018-03-12T00:06:07.083Z"}
{"main":{"1A4WRcxm5jsOVcHTAAAA":"asd","oVVwtBpoaqENP_lFAAAB":"asdads"},"level":"silly","message":"","timestamp":"2018-03-12T00:06:07.084Z"}
{"room20":{"type":"double","gameInfo":{"leader":"oVVwtBpoaqENP_lFAAAB","player2":null},"game":{},"ready":{"leader":false,"player2":false},"started":false,"abandoned":false},"level":"silly","message":"","timestamp":"2018-03-12T00:06:08.458Z"}
{"room20":{"type":"double","gameInfo":{"leader":"oVVwtBpoaqENP_lFAAAB","player2":"1A4WRcxm5jsOVcHTAAAA"},"game":{},"ready":{"leader":false,"player2":false},"started":false,"abandoned":false},"level":"silly","message":"","timestamp":"2018-03-12T00:06:14.191Z"}
{"level":"error","message":"Deleted room clean, the room's info was undefined.","timestamp":"2018-03-12T00:06:14.196Z"}
{"room20":{"type":"double","gameInfo":{"leader":"oVVwtBpoaqENP_lFAAAB","player2":"1A4WRcxm5jsOVcHTAAAA"},"game":{},"ready":{"leader":false,"player2":false},"started":false,"abandoned":false},"level":"silly","message":"","timestamp":"2018-03-12T00:06:14.196Z"}
{"level":"info","message":"Marked asdads as ready to play in room room20.","timestamp":"2018-03-12T00:06:14.197Z"}
{"room20":{"type":"double","gameInfo":{"leader":"oVVwtBpoaqENP_lFAAAB","player2":"1A4WRcxm5jsOVcHTAAAA"},"game":{},"ready":{"leader":true,"player2":false},"started":false,"abandoned":false},"level":"silly","message":"","timestamp":"2018-03-12T00:06:14.197Z"}
[{"question":"Main character","answer":"Guy Montag"},{"question":"Montag's wife","answer":"Mildred"},{"question":"Last Person killed by Montag","answer":"Captain Beatty"},{"question":"A machine that tries to kill Montag","answer":"The Hound"},{"question":"The book Montag memorized","answer":"Book of Ecclesiastes"},{"question":"Poem that Montag reads","answer":"Dover Beach"},{"question":"Temperature at which paper burns","answer":"451 degrees Farenheit"},{"question":"Most important girl in the story","answer":"Clarisse McClellan"},{"question":"Author of Fahrenheit 451 ","answer":"Ray Bradbury"},{"question":"Number of walls in Mildred's \"family\"","answer":"3"},{"question":"Clarisse makes Montag question this feeling","answer":"Happiness"},{"question":"Mildred ___, so techies were called. ","answer":"Ate too many sleeping pills"},{"question":"Leader of so-called \"criminals\" ","answer":"Granger"},{"question":"Montag original thoughts on burning","answer":"Pleasing"},{"question":"Montag convinced Faber to help him by...","answer":"Ripping pages out of the Bible"},{"question":"The Hound's weapon","answer":"A procaine needle"},{"question":"Name of fireman that Montag reported","answer":"Black"},{"question":"A(n) ___ man is killed instead of Montag","answer":"Innocent"}]
{"level":"info","message":"Marked asd as ready to play in room room20.","timestamp":"2018-03-12T00:06:14.801Z"}
{"room20":{"type":"double","gameInfo":{"leader":"oVVwtBpoaqENP_lFAAAB","player2":"1A4WRcxm5jsOVcHTAAAA"},"game":{},"ready":{"leader":true,"player2":true},"started":false,"abandoned":false},"level":"silly","message":"","timestamp":"2018-03-12T00:06:14.801Z"}
[{"question":"Main character","answer":"Guy Montag"},{"question":"Montag's wife","answer":"Mildred"},{"question":"Last Person killed by Montag","answer":"Captain Beatty"},{"question":"A machine that tries to kill Montag","answer":"The Hound"},{"question":"The book Montag memorized","answer":"Book of Ecclesiastes"},{"question":"Poem that Montag reads","answer":"Dover Beach"},{"question":"Temperature at which paper burns","answer":"451 degrees Farenheit"},{"question":"Most important girl in the story","answer":"Clarisse McClellan"},{"question":"Author of Fahrenheit 451 ","answer":"Ray Bradbury"},{"question":"Number of walls in Mildred's \"family\"","answer":"3"},{"question":"Clarisse makes Montag question this feeling","answer":"Happiness"},{"question":"Mildred ___, so techies were called. ","answer":"Ate too many sleeping pills"},{"question":"Leader of so-called \"criminals\" ","answer":"Granger"},{"question":"Montag original thoughts on burning","answer":"Pleasing"},{"question":"Montag convinced Faber to help him by...","answer":"Ripping pages out of the Bible"},{"question":"The Hound's weapon","answer":"A procaine needle"},{"question":"Name of fireman that Montag reported","answer":"Black"},{"question":"A(n) ___ man is killed instead of Montag","answer":"Innocent"}]
{"level":"info","message":"Started game in room room20.","timestamp":"2018-03-12T00:06:14.804Z"}
{"room20":{"type":"double","gameInfo":{"leader":"oVVwtBpoaqENP_lFAAAB","player2":"1A4WRcxm5jsOVcHTAAAA"},"game":{"turn":"leader","card1":null,"card2":null},"ready":{"leader":true,"player2":true},"started":1,"abandoned":false,"cards":["3","Ripping pages out of the Bible","Innocent","Montag original thoughts on burning","Leader of so-called \"criminals\" ","Captain Beatty","Clarisse McClellan","Ate too many sleeping pills","Number of walls in Mildred's \"family\"","Clarisse makes Montag question this feeling","The book Montag memorized","Pleasing","Temperature at which paper burns","Ray Bradbury","Guy Montag","451 degrees Farenheit","Poem that Montag reads","Happiness","Mildred","A machine that tries to kill Montag","Montag convinced Faber to help him by...","Name of fireman that Montag reported","The Hound's weapon","Montag's wife","The Hound","Black","Mildred ___, so techies were called. ","A(n) ___ man is killed instead of Montag","Dover Beach","Last Person killed by Montag","A procaine needle","Book of Ecclesiastes","Main character","Author of Fahrenheit 451 ","Most important girl in the story","Granger"]},"level":"silly","message":"","timestamp":"2018-03-12T00:06:14.805Z"}
{"level":"warn","message":"Restart code Requested by 1A4WRcxm5jsOVcHTAAAA","timestamp":"2018-03-12T00:09:15.822Z"}
{"level":"error","message":"/restart HIT! RESTART NOOoOooOOOOO","timestamp":"2018-03-12T00:09:15.837Z"}
