{"level":"info","message":"success: Samyok.js","timestamp":"2018-03-09T02:41:56.458Z"}
{"level":"silly","message":"Imports done.","timestamp":"2018-03-09T02:41:56.556Z"}
{"level":"info","message":"Started English Memory Match's socket server.","timestamp":"2018-03-09T02:41:56.568Z"}
{"level":"info","message":"Started English Memory Match's express server. Listening to port 4000.","timestamp":"2018-03-09T02:41:56.569Z"}
{"level":"info","message":"+1 user! Key: Vjk6hZyg83iVRE-cAAAA Total: 1","timestamp":"2018-03-09T02:41:58.359Z"}
{"level":"silly","message":"{\"Vjk6hZyg83iVRE-cAAAA\":{\"logged_in\":false}}","timestamp":"2018-03-09T02:41:58.360Z"}
{"level":"info","message":"+1 user! Key: v3ujExZ4FAUBPBW8AAAB Total: 2","timestamp":"2018-03-09T02:41:59.678Z"}
{"level":"silly","message":"{\"Vjk6hZyg83iVRE-cAAAA\":{\"logged_in\":false},\"v3ujExZ4FAUBPBW8AAAB\":{\"logged_in\":false}}","timestamp":"2018-03-09T02:41:59.678Z"}
{"level":"info","message":"-1 user. Key: v3ujExZ4FAUBPBW8AAAB Total: 1","timestamp":"2018-03-09T02:42:00.463Z"}
{"level":"info","message":"+1 user! Key: 9qD9NX7PdHoVxNV9AAAC Total: 2","timestamp":"2018-03-09T02:42:01.043Z"}
{"level":"silly","message":"{\"Vjk6hZyg83iVRE-cAAAA\":{\"logged_in\":false},\"9qD9NX7PdHoVxNV9AAAC\":{\"logged_in\":false}}","timestamp":"2018-03-09T02:42:01.043Z"}
{"level":"info","message":"-1 user. Key: Vjk6hZyg83iVRE-cAAAA Total: 1","timestamp":"2018-03-09T02:42:02.316Z"}
{"level":"info","message":"+1 user! Key: WvQeatTCP5vtS40QAAAD Total: 2","timestamp":"2018-03-09T02:42:02.852Z"}
{"level":"silly","message":"{\"9qD9NX7PdHoVxNV9AAAC\":{\"logged_in\":false},\"WvQeatTCP5vtS40QAAAD\":{\"logged_in\":false}}","timestamp":"2018-03-09T02:42:02.852Z"}
{"level":"silly","message":"{\"9qD9NX7PdHoVxNV9AAAC\":{\"logged_in\":false},\"WvQeatTCP5vtS40QAAAD\":{\"logged_in\":true,\"username\":\"Samyok\"}}","timestamp":"2018-03-09T02:42:11.633Z"}
{"level":"info","message":"Login: Samyok","timestamp":"2018-03-09T02:42:11.633Z"}
{"level":"info","message":"Move Samyok to lobby 'main'.","timestamp":"2018-03-09T02:42:11.634Z"}
{"level":"silly","message":"{\"main\":{\"WvQeatTCP5vtS40QAAAD\":\"Samyok\"}}","timestamp":"2018-03-09T02:42:11.634Z"}
{"level":"silly","message":"{\"room18\":{\"type\":\"double\",\"gameInfo\":{\"leader\":\"WvQeatTCP5vtS40QAAAD\",\"player2\":null},\"started\":false,\"abandoned\":false}}","timestamp":"2018-03-09T02:42:13.977Z"}
{"level":"silly","message":"{\"9qD9NX7PdHoVxNV9AAAC\":{\"logged_in\":true,\"username\":\"samyokasokd\"},\"WvQeatTCP5vtS40QAAAD\":{\"logged_in\":true,\"username\":\"Samyok\"}}","timestamp":"2018-03-09T02:42:18.772Z"}
{"level":"info","message":"Login: samyokasokd","timestamp":"2018-03-09T02:42:18.772Z"}
{"level":"info","message":"Move samyokasokd to lobby 'main'.","timestamp":"2018-03-09T02:42:18.773Z"}
{"level":"silly","message":"{\"main\":{\"9qD9NX7PdHoVxNV9AAAC\":\"samyokasokd\"}}","timestamp":"2018-03-09T02:42:18.773Z"}
{"level":"warn","message":"Code Requested by WvQeatTCP5vtS40QAAAD","timestamp":"2018-03-09T02:44:19.284Z"}
{"level":"error","message":"/restart HIT! RESTART NOOoOooOOOOO","timestamp":"2018-03-09T02:44:19.304Z"}
