{"level":"info","message":"success: Samyok.js","timestamp":"2018-03-11T23:28:02.448Z"}
{"level":"silly","message":"Imports done.","timestamp":"2018-03-11T23:28:02.582Z"}
{"level":"info","message":"Started English Memory Match's socket server.","timestamp":"2018-03-11T23:28:02.601Z"}
{"level":"info","message":"Started English Memory Match's express server. Listening to port 4000.","timestamp":"2018-03-11T23:28:02.602Z"}
{"level":"info","message":"+1 user! Key: BzJqqaO-gWAWqmWyAAAA Total: 1","timestamp":"2018-03-11T23:28:03.421Z"}
{"BzJqqaO-gWAWqmWyAAAA":{"logged_in":false},"level":"silly","message":"","timestamp":"2018-03-11T23:28:03.421Z"}
{"level":"info","message":"+1 user! Key: KAVv8rxZk1qZuYu7AAAB Total: 2","timestamp":"2018-03-11T23:28:03.749Z"}
{"BzJqqaO-gWAWqmWyAAAA":{"logged_in":false},"KAVv8rxZk1qZuYu7AAAB":{"logged_in":false},"level":"silly","message":"","timestamp":"2018-03-11T23:28:03.749Z"}
{"level":"error","message":"Deleted room clean, the room's info was undefined or no other player was in it. ","timestamp":"2018-03-11T23:28:04.317Z"}
{"level":"silly","message":"","timestamp":"2018-03-11T23:28:04.317Z"}
{"level":"info","message":"-1 user. Key: BzJqqaO-gWAWqmWyAAAA Total: 2","timestamp":"2018-03-11T23:28:04.317Z"}
{"level":"info","message":"Removed user undefined from lobby clean","timestamp":"2018-03-11T23:28:04.317Z"}
{"level":"info","message":"Deleting undefined","timestamp":"2018-03-11T23:28:04.318Z"}
{"level":"info","message":"+1 user! Key: wJybZ4bDPTWPw4JGAAAC Total: 2","timestamp":"2018-03-11T23:28:04.605Z"}
{"KAVv8rxZk1qZuYu7AAAB":{"logged_in":false},"wJybZ4bDPTWPw4JGAAAC":{"logged_in":false},"level":"silly","message":"","timestamp":"2018-03-11T23:28:04.605Z"}
{"KAVv8rxZk1qZuYu7AAAB":{"logged_in":false},"wJybZ4bDPTWPw4JGAAAC":{"logged_in":true,"username":"asd"},"level":"silly","message":"","timestamp":"2018-03-11T23:28:07.217Z"}
{"level":"info","message":"Login: asd","timestamp":"2018-03-11T23:28:07.217Z"}
{"level":"info","message":"Move asd to lobby 'main'.","timestamp":"2018-03-11T23:28:07.217Z"}
{"main":{"wJybZ4bDPTWPw4JGAAAC":"asd"},"level":"silly","message":"","timestamp":"2018-03-11T23:28:07.218Z"}
{"KAVv8rxZk1qZuYu7AAAB":{"logged_in":true,"username":"asdd"},"wJybZ4bDPTWPw4JGAAAC":{"logged_in":true,"username":"asd"},"level":"silly","message":"","timestamp":"2018-03-11T23:28:10.011Z"}
{"level":"info","message":"Login: asdd","timestamp":"2018-03-11T23:28:10.013Z"}
{"level":"info","message":"Move asdd to lobby 'main'.","timestamp":"2018-03-11T23:28:10.013Z"}
{"main":{"wJybZ4bDPTWPw4JGAAAC":"asd","KAVv8rxZk1qZuYu7AAAB":"asdd"},"level":"silly","message":"","timestamp":"2018-03-11T23:28:10.014Z"}
{"room15":{"type":"double","gameInfo":{"leader":"KAVv8rxZk1qZuYu7AAAB","player2":null},"game":{},"ready":{"leader":false,"player2":false},"started":false,"abandoned":false},"level":"silly","message":"","timestamp":"2018-03-11T23:28:11.913Z"}
{"room15":{"type":"double","gameInfo":{"leader":"KAVv8rxZk1qZuYu7AAAB","player2":"wJybZ4bDPTWPw4JGAAAC"},"game":{},"ready":{"leader":false,"player2":false},"started":false,"abandoned":false},"level":"silly","message":"","timestamp":"2018-03-11T23:28:16.018Z"}
{"level":"info","message":"Marked asdd as ready to play in room room15.","timestamp":"2018-03-11T23:28:16.023Z"}
{"room15":{"type":"double","gameInfo":{"leader":"KAVv8rxZk1qZuYu7AAAB","player2":"wJybZ4bDPTWPw4JGAAAC"},"game":{},"ready":{"leader":true,"player2":false},"started":false,"abandoned":false},"level":"silly","message":"","timestamp":"2018-03-11T23:28:16.023Z"}
[{"question":"Main character","answer":"Guy Montag"},{"question":"Montag's wife","answer":"Mildred"},{"question":"Last Person killed by Montag","answer":"Captain Beatty"},{"question":"A machine that tries to kill Montag","answer":"The Hound"},{"question":"The book Montag memorized","answer":"Book of Ecclesiastes"},{"question":"Poem that Montag reads","answer":"Dover Beach"},{"question":"Temperature at which paper burns","answer":"451 degrees Farenheit"},{"question":"Most important girl in the story","answer":"Clarisse McClellan"},{"question":"Author of Fahrenheit 451 ","answer":"Ray Bradbury"},{"question":"Number of walls in Mildred's \"family\"","answer":"3"},{"question":"Clarisse makes Montag question this feeling","answer":"Happiness"},{"question":"Mildred ___, so techies were called. ","answer":"Ate too many sleeping pills"},{"question":"Leader of so-called \"criminals\" ","answer":"Granger"},{"question":"Montag original thoughts on burning","answer":"Pleasing"},{"question":"Montag convinced Faber to help him by...","answer":"Ripping pages out of the Bible"},{"question":"The Hound's weapon","answer":"A procaine needle"},{"question":"Name of fireman that Montag reported","answer":"Black"},{"question":"A(n) ___ man is killed instead of Montag","answer":"Innocent"}]
{"level":"info","message":"Marked asd as ready to play in room room15.","timestamp":"2018-03-11T23:28:16.630Z"}
{"room15":{"type":"double","gameInfo":{"leader":"KAVv8rxZk1qZuYu7AAAB","player2":"wJybZ4bDPTWPw4JGAAAC"},"game":{},"ready":{"leader":true,"player2":true},"started":false,"abandoned":false},"level":"silly","message":"","timestamp":"2018-03-11T23:28:16.631Z"}
[{"question":"Main character","answer":"Guy Montag"},{"question":"Montag's wife","answer":"Mildred"},{"question":"Last Person killed by Montag","answer":"Captain Beatty"},{"question":"A machine that tries to kill Montag","answer":"The Hound"},{"question":"The book Montag memorized","answer":"Book of Ecclesiastes"},{"question":"Poem that Montag reads","answer":"Dover Beach"},{"question":"Temperature at which paper burns","answer":"451 degrees Farenheit"},{"question":"Most important girl in the story","answer":"Clarisse McClellan"},{"question":"Author of Fahrenheit 451 ","answer":"Ray Bradbury"},{"question":"Number of walls in Mildred's \"family\"","answer":"3"},{"question":"Clarisse makes Montag question this feeling","answer":"Happiness"},{"question":"Mildred ___, so techies were called. ","answer":"Ate too many sleeping pills"},{"question":"Leader of so-called \"criminals\" ","answer":"Granger"},{"question":"Montag original thoughts on burning","answer":"Pleasing"},{"question":"Montag convinced Faber to help him by...","answer":"Ripping pages out of the Bible"},{"question":"The Hound's weapon","answer":"A procaine needle"},{"question":"Name of fireman that Montag reported","answer":"Black"},{"question":"A(n) ___ man is killed instead of Montag","answer":"Innocent"}]
{"level":"info","message":"Started game in room room15.","timestamp":"2018-03-11T23:28:16.637Z"}
{"level":"info","message":"super_arr: ","timestamp":"2018-03-11T23:28:16.641Z"}
["Last Person killed by Montag","A machine that tries to kill Montag","Ray Bradbury","Happiness","Ate too many sleeping pills","Name of fireman that Montag reported","Temperature at which paper burns","Montag convinced Faber to help him by...","Montag's wife","Author of Fahrenheit 451 ","Guy Montag","A(n) ___ man is killed instead of Montag","Dover Beach","Number of walls in Mildred's \"family\"","Pleasing","The Hound","A procaine needle","Most important girl in the story","3","Montag original thoughts on burning","Black","Innocent","Mildred","The Hound's weapon","Clarisse McClellan","Captain Beatty","451 degrees Farenheit","Mildred ___, so techies were called. ","Granger","Main character","Ripping pages out of the Bible","Poem that Montag reads","Leader of so-called \"criminals\" ","The book Montag memorized","Clarisse makes Montag question this feeling","Book of Ecclesiastes"]
{"room15":{"type":"double","gameInfo":{"leader":"KAVv8rxZk1qZuYu7AAAB","player2":"wJybZ4bDPTWPw4JGAAAC"},"game":{},"ready":{"leader":true,"player2":true},"started":1,"abandoned":false,"cards":["Last Person killed by Montag","A machine that tries to kill Montag","Ray Bradbury","Happiness","Ate too many sleeping pills","Name of fireman that Montag reported","Temperature at which paper burns","Montag convinced Faber to help him by...","Montag's wife","Author of Fahrenheit 451 ","Guy Montag","A(n) ___ man is killed instead of Montag","Dover Beach","Number of walls in Mildred's \"family\"","Pleasing","The Hound","A procaine needle","Most important girl in the story","3","Montag original thoughts on burning","Black","Innocent","Mildred","The Hound's weapon","Clarisse McClellan","Captain Beatty","451 degrees Farenheit","Mildred ___, so techies were called. ","Granger","Main character","Ripping pages out of the Bible","Poem that Montag reads","Leader of so-called \"criminals\" ","The book Montag memorized","Clarisse makes Montag question this feeling","Book of Ecclesiastes"]},"level":"silly","message":"","timestamp":"2018-03-11T23:28:16.642Z"}
{"level":"info","message":"asd just left room room15, marked as abandoned.","timestamp":"2018-03-11T23:28:41.579Z"}
{"level":"info","message":"Sent abandoned, win notification to asdd","timestamp":"2018-03-11T23:28:41.580Z"}
{"room15":{"type":"double","gameInfo":{"leader":"KAVv8rxZk1qZuYu7AAAB","player2":null},"game":{},"ready":{"leader":true,"player2":true},"started":1,"abandoned":true,"cards":["Last Person killed by Montag","A machine that tries to kill Montag","Ray Bradbury","Happiness","Ate too many sleeping pills","Name of fireman that Montag reported","Temperature at which paper burns","Montag convinced Faber to help him by...","Montag's wife","Author of Fahrenheit 451 ","Guy Montag","A(n) ___ man is killed instead of Montag","Dover Beach","Number of walls in Mildred's \"family\"","Pleasing","The Hound","A procaine needle","Most important girl in the story","3","Montag original thoughts on burning","Black","Innocent","Mildred","The Hound's weapon","Clarisse McClellan","Captain Beatty","451 degrees Farenheit","Mildred ___, so techies were called. ","Granger","Main character","Ripping pages out of the Bible","Poem that Montag reads","Leader of so-called \"criminals\" ","The book Montag memorized","Clarisse makes Montag question this feeling","Book of Ecclesiastes"]},"level":"silly","message":"","timestamp":"2018-03-11T23:28:41.580Z"}
{"level":"info","message":"-1 user. Key: wJybZ4bDPTWPw4JGAAAC Total: 2","timestamp":"2018-03-11T23:28:41.581Z"}
{"level":"info","message":"Removed user asd from lobby clean","timestamp":"2018-03-11T23:28:41.581Z"}
{"level":"info","message":"Removed user asd from lobby main","timestamp":"2018-03-11T23:28:41.581Z"}
{"level":"info","message":"Deleting asd","timestamp":"2018-03-11T23:28:41.581Z"}
{"level":"info","message":"+1 user! Key: kuFdmu75RHTYqhmtAAAD Total: 2","timestamp":"2018-03-11T23:28:42.186Z"}
{"KAVv8rxZk1qZuYu7AAAB":{"logged_in":true,"username":"asdd"},"kuFdmu75RHTYqhmtAAAD":{"logged_in":false},"level":"silly","message":"","timestamp":"2018-03-11T23:28:42.186Z"}
{"KAVv8rxZk1qZuYu7AAAB":{"logged_in":true,"username":"asdd"},"kuFdmu75RHTYqhmtAAAD":{"logged_in":true,"username":"asdasd"},"level":"silly","message":"","timestamp":"2018-03-11T23:28:45.141Z"}
{"level":"info","message":"Login: asdasd","timestamp":"2018-03-11T23:28:45.141Z"}
{"level":"info","message":"Move asdasd to lobby 'main'.","timestamp":"2018-03-11T23:28:45.141Z"}
{"main":{"kuFdmu75RHTYqhmtAAAD":"asdasd"},"level":"silly","message":"","timestamp":"2018-03-11T23:28:45.142Z"}
{"level":"info","message":"kuFdmu75RHTYqhmtAAAD just tried to go to room room15","timestamp":"2018-03-11T23:28:49.000Z"}
{"room15":{"type":"double","gameInfo":{"leader":"KAVv8rxZk1qZuYu7AAAB","player2":null},"game":{},"ready":{"leader":true,"player2":true},"started":1,"abandoned":true,"cards":["Last Person killed by Montag","A machine that tries to kill Montag","Ray Bradbury","Happiness","Ate too many sleeping pills","Name of fireman that Montag reported","Temperature at which paper burns","Montag convinced Faber to help him by...","Montag's wife","Author of Fahrenheit 451 ","Guy Montag","A(n) ___ man is killed instead of Montag","Dover Beach","Number of walls in Mildred's \"family\"","Pleasing","The Hound","A procaine needle","Most important girl in the story","3","Montag original thoughts on burning","Black","Innocent","Mildred","The Hound's weapon","Clarisse McClellan","Captain Beatty","451 degrees Farenheit","Mildred ___, so techies were called. ","Granger","Main character","Ripping pages out of the Bible","Poem that Montag reads","Leader of so-called \"criminals\" ","The book Montag memorized","Clarisse makes Montag question this feeling","Book of Ecclesiastes"]},"level":"silly","message":"","timestamp":"2018-03-11T23:28:49.001Z"}
{"level":"error","message":"Deleted room room15, the room's info was undefined or no other player was in it. ","timestamp":"2018-03-11T23:28:57.317Z"}
{"level":"silly","message":"","timestamp":"2018-03-11T23:28:57.317Z"}
{"level":"info","message":"-1 user. Key: KAVv8rxZk1qZuYu7AAAB Total: 2","timestamp":"2018-03-11T23:28:57.318Z"}
{"level":"info","message":"Removed user asdd from lobby clean","timestamp":"2018-03-11T23:28:57.318Z"}
{"level":"info","message":"Removed user asdd from lobby main","timestamp":"2018-03-11T23:28:57.318Z"}
{"level":"info","message":"Deleting asdd","timestamp":"2018-03-11T23:28:57.318Z"}
{"level":"info","message":"+1 user! Key: tXc6W5Mew92S_1CJAAAE Total: 2","timestamp":"2018-03-11T23:28:57.791Z"}
{"kuFdmu75RHTYqhmtAAAD":{"logged_in":true,"username":"asdasd"},"tXc6W5Mew92S_1CJAAAE":{"logged_in":false},"level":"silly","message":"","timestamp":"2018-03-11T23:28:57.791Z"}
{"kuFdmu75RHTYqhmtAAAD":{"logged_in":true,"username":"asdasd"},"tXc6W5Mew92S_1CJAAAE":{"logged_in":true,"username":"asd"},"level":"silly","message":"","timestamp":"2018-03-11T23:29:00.318Z"}
{"level":"info","message":"Login: asd","timestamp":"2018-03-11T23:29:00.319Z"}
{"level":"info","message":"Move asd to lobby 'main'.","timestamp":"2018-03-11T23:29:00.320Z"}
{"main":{"kuFdmu75RHTYqhmtAAAD":"asdasd","tXc6W5Mew92S_1CJAAAE":"asd"},"level":"silly","message":"","timestamp":"2018-03-11T23:29:00.320Z"}
{"level":"info","message":"-1 user. Key: tXc6W5Mew92S_1CJAAAE Total: 2","timestamp":"2018-03-11T23:29:04.946Z"}
{"level":"info","message":"Removed user asd from lobby clean","timestamp":"2018-03-11T23:29:04.946Z"}
{"level":"info","message":"Removed user asd from lobby main","timestamp":"2018-03-11T23:29:04.947Z"}
{"level":"info","message":"Deleting asd","timestamp":"2018-03-11T23:29:04.947Z"}
{"level":"info","message":"+1 user! Key: 7Muq2EtN_SWMv8Y6AAAF Total: 2","timestamp":"2018-03-11T23:29:05.185Z"}
{"kuFdmu75RHTYqhmtAAAD":{"logged_in":true,"username":"asdasd"},"7Muq2EtN_SWMv8Y6AAAF":{"logged_in":false},"level":"silly","message":"","timestamp":"2018-03-11T23:29:05.185Z"}
{"kuFdmu75RHTYqhmtAAAD":{"logged_in":true,"username":"asdasd"},"7Muq2EtN_SWMv8Y6AAAF":{"logged_in":true,"username":"asd"},"level":"silly","message":"","timestamp":"2018-03-11T23:29:07.433Z"}
{"level":"info","message":"Login: asd","timestamp":"2018-03-11T23:29:07.434Z"}
{"level":"info","message":"Move asd to lobby 'main'.","timestamp":"2018-03-11T23:29:07.435Z"}
{"main":{"kuFdmu75RHTYqhmtAAAD":"asdasd","7Muq2EtN_SWMv8Y6AAAF":"asd"},"level":"silly","message":"","timestamp":"2018-03-11T23:29:07.436Z"}
{"room27":{"type":"double","gameInfo":{"leader":"7Muq2EtN_SWMv8Y6AAAF","player2":null},"game":{},"ready":{"leader":false,"player2":false},"started":false,"abandoned":false},"level":"silly","message":"","timestamp":"2018-03-11T23:29:09.921Z"}
{"room27":{"type":"double","gameInfo":{"leader":"7Muq2EtN_SWMv8Y6AAAF","player2":"kuFdmu75RHTYqhmtAAAD"},"game":{},"ready":{"leader":false,"player2":false},"started":false,"abandoned":false},"level":"silly","message":"","timestamp":"2018-03-11T23:29:14.393Z"}
{"level":"info","message":"Marked asd as ready to play in room room27.","timestamp":"2018-03-11T23:29:14.398Z"}
{"room27":{"type":"double","gameInfo":{"leader":"7Muq2EtN_SWMv8Y6AAAF","player2":"kuFdmu75RHTYqhmtAAAD"},"game":{},"ready":{"leader":true,"player2":false},"started":false,"abandoned":false},"level":"silly","message":"","timestamp":"2018-03-11T23:29:14.399Z"}
[{"question":"Main character","answer":"Guy Montag"},{"question":"Montag's wife","answer":"Mildred"},{"question":"Last Person killed by Montag","answer":"Captain Beatty"},{"question":"A machine that tries to kill Montag","answer":"The Hound"},{"question":"The book Montag memorized","answer":"Book of Ecclesiastes"},{"question":"Poem that Montag reads","answer":"Dover Beach"},{"question":"Temperature at which paper burns","answer":"451 degrees Farenheit"},{"question":"Most important girl in the story","answer":"Clarisse McClellan"},{"question":"Author of Fahrenheit 451 ","answer":"Ray Bradbury"},{"question":"Number of walls in Mildred's \"family\"","answer":"3"},{"question":"Clarisse makes Montag question this feeling","answer":"Happiness"},{"question":"Mildred ___, so techies were called. ","answer":"Ate too many sleeping pills"},{"question":"Leader of so-called \"criminals\" ","answer":"Granger"},{"question":"Montag original thoughts on burning","answer":"Pleasing"},{"question":"Montag convinced Faber to help him by...","answer":"Ripping pages out of the Bible"},{"question":"The Hound's weapon","answer":"A procaine needle"},{"question":"Name of fireman that Montag reported","answer":"Black"},{"question":"A(n) ___ man is killed instead of Montag","answer":"Innocent"}]
{"level":"info","message":"Marked asdasd as ready to play in room room27.","timestamp":"2018-03-11T23:29:15.006Z"}
{"room27":{"type":"double","gameInfo":{"leader":"7Muq2EtN_SWMv8Y6AAAF","player2":"kuFdmu75RHTYqhmtAAAD"},"game":{},"ready":{"leader":true,"player2":true},"started":false,"abandoned":false},"level":"silly","message":"","timestamp":"2018-03-11T23:29:15.007Z"}
[{"question":"Main character","answer":"Guy Montag"},{"question":"Montag's wife","answer":"Mildred"},{"question":"Last Person killed by Montag","answer":"Captain Beatty"},{"question":"A machine that tries to kill Montag","answer":"The Hound"},{"question":"The book Montag memorized","answer":"Book of Ecclesiastes"},{"question":"Poem that Montag reads","answer":"Dover Beach"},{"question":"Temperature at which paper burns","answer":"451 degrees Farenheit"},{"question":"Most important girl in the story","answer":"Clarisse McClellan"},{"question":"Author of Fahrenheit 451 ","answer":"Ray Bradbury"},{"question":"Number of walls in Mildred's \"family\"","answer":"3"},{"question":"Clarisse makes Montag question this feeling","answer":"Happiness"},{"question":"Mildred ___, so techies were called. ","answer":"Ate too many sleeping pills"},{"question":"Leader of so-called \"criminals\" ","answer":"Granger"},{"question":"Montag original thoughts on burning","answer":"Pleasing"},{"question":"Montag convinced Faber to help him by...","answer":"Ripping pages out of the Bible"},{"question":"The Hound's weapon","answer":"A procaine needle"},{"question":"Name of fireman that Montag reported","answer":"Black"},{"question":"A(n) ___ man is killed instead of Montag","answer":"Innocent"}]
{"level":"info","message":"Started game in room room27.","timestamp":"2018-03-11T23:29:15.011Z"}
{"level":"info","message":"super_arr: ","timestamp":"2018-03-11T23:29:15.013Z"}
["Name of fireman that Montag reported","Temperature at which paper burns","Montag convinced Faber to help him by...","Montag's wife","Pleasing","Happiness","Number of walls in Mildred's \"family\"","Clarisse McClellan","Last Person killed by Montag","A machine that tries to kill Montag","Author of Fahrenheit 451 ","Innocent","Mildred","Ray Bradbury","Captain Beatty","Leader of so-called \"criminals\" ","Ate too many sleeping pills","The Hound","Black","Main character","Granger","A procaine needle","Ripping pages out of the Bible","Clarisse makes Montag question this feeling","Mildred ___, so techies were called. ","Dover Beach","The Hound's weapon","Poem that Montag reads","A(n) ___ man is killed instead of Montag","3","Book of Ecclesiastes","Most important girl in the story","Montag original thoughts on burning","The book Montag memorized","Guy Montag","451 degrees Farenheit"]
{"room27":{"type":"double","gameInfo":{"leader":"7Muq2EtN_SWMv8Y6AAAF","player2":"kuFdmu75RHTYqhmtAAAD"},"game":{},"ready":{"leader":true,"player2":true},"started":1,"abandoned":false,"cards":["Name of fireman that Montag reported","Temperature at which paper burns","Montag convinced Faber to help him by...","Montag's wife","Pleasing","Happiness","Number of walls in Mildred's \"family\"","Clarisse McClellan","Last Person killed by Montag","A machine that tries to kill Montag","Author of Fahrenheit 451 ","Innocent","Mildred","Ray Bradbury","Captain Beatty","Leader of so-called \"criminals\" ","Ate too many sleeping pills","The Hound","Black","Main character","Granger","A procaine needle","Ripping pages out of the Bible","Clarisse makes Montag question this feeling","Mildred ___, so techies were called. ","Dover Beach","The Hound's weapon","Poem that Montag reads","A(n) ___ man is killed instead of Montag","3","Book of Ecclesiastes","Most important girl in the story","Montag original thoughts on burning","The book Montag memorized","Guy Montag","451 degrees Farenheit"]},"level":"silly","message":"","timestamp":"2018-03-11T23:29:15.014Z"}
{"level":"info","message":"asdasd just left room room27, marked as abandoned.","timestamp":"2018-03-11T23:31:23.493Z"}
{"level":"info","message":"Sent abandoned, win notification to asd","timestamp":"2018-03-11T23:31:23.493Z"}
{"room27":{"type":"double","gameInfo":{"leader":"7Muq2EtN_SWMv8Y6AAAF","player2":null},"game":{},"ready":{"leader":true,"player2":true},"started":1,"abandoned":true,"cards":["Name of fireman that Montag reported","Temperature at which paper burns","Montag convinced Faber to help him by...","Montag's wife","Pleasing","Happiness","Number of walls in Mildred's \"family\"","Clarisse McClellan","Last Person killed by Montag","A machine that tries to kill Montag","Author of Fahrenheit 451 ","Innocent","Mildred","Ray Bradbury","Captain Beatty","Leader of so-called \"criminals\" ","Ate too many sleeping pills","The Hound","Black","Main character","Granger","A procaine needle","Ripping pages out of the Bible","Clarisse makes Montag question this feeling","Mildred ___, so techies were called. ","Dover Beach","The Hound's weapon","Poem that Montag reads","A(n) ___ man is killed instead of Montag","3","Book of Ecclesiastes","Most important girl in the story","Montag original thoughts on burning","The book Montag memorized","Guy Montag","451 degrees Farenheit"]},"level":"silly","message":"","timestamp":"2018-03-11T23:31:23.494Z"}
{"level":"info","message":"-1 user. Key: kuFdmu75RHTYqhmtAAAD Total: 2","timestamp":"2018-03-11T23:31:23.495Z"}
{"level":"info","message":"Removed user asdasd from lobby clean","timestamp":"2018-03-11T23:31:23.495Z"}
{"level":"info","message":"Removed user asdasd from lobby main","timestamp":"2018-03-11T23:31:23.496Z"}
{"level":"info","message":"Deleting asdasd","timestamp":"2018-03-11T23:31:23.496Z"}
{"level":"info","message":"+1 user! Key: LnktSURlTg_U_sT-AAAG Total: 2","timestamp":"2018-03-11T23:31:23.973Z"}
{"7Muq2EtN_SWMv8Y6AAAF":{"logged_in":true,"username":"asd"},"LnktSURlTg_U_sT-AAAG":{"logged_in":false},"level":"silly","message":"","timestamp":"2018-03-11T23:31:23.973Z"}
{"7Muq2EtN_SWMv8Y6AAAF":{"logged_in":true,"username":"asd"},"LnktSURlTg_U_sT-AAAG":{"logged_in":true,"username":"sad"},"level":"silly","message":"","timestamp":"2018-03-11T23:31:38.814Z"}
{"level":"info","message":"Login: sad","timestamp":"2018-03-11T23:31:38.816Z"}
{"level":"info","message":"Move sad to lobby 'main'.","timestamp":"2018-03-11T23:31:38.816Z"}
{"main":{"LnktSURlTg_U_sT-AAAG":"sad"},"level":"silly","message":"","timestamp":"2018-03-11T23:31:38.816Z"}
{"level":"error","message":"Deleted room room27, the room's info was undefined or no other player was in it. ","timestamp":"2018-03-11T23:31:46.231Z"}
{"level":"silly","message":"","timestamp":"2018-03-11T23:31:46.231Z"}
{"level":"info","message":"-1 user. Key: 7Muq2EtN_SWMv8Y6AAAF Total: 2","timestamp":"2018-03-11T23:31:46.232Z"}
{"level":"info","message":"Removed user asd from lobby clean","timestamp":"2018-03-11T23:31:46.232Z"}
{"level":"info","message":"Removed user asd from lobby main","timestamp":"2018-03-11T23:31:46.232Z"}
{"level":"info","message":"Deleting asd","timestamp":"2018-03-11T23:31:46.232Z"}
{"level":"info","message":"+1 user! Key: fZOmj7wlANFsiFaIAAAH Total: 2","timestamp":"2018-03-11T23:31:46.706Z"}
{"LnktSURlTg_U_sT-AAAG":{"logged_in":true,"username":"sad"},"fZOmj7wlANFsiFaIAAAH":{"logged_in":false},"level":"silly","message":"","timestamp":"2018-03-11T23:31:46.706Z"}
{"LnktSURlTg_U_sT-AAAG":{"logged_in":true,"username":"sad"},"fZOmj7wlANFsiFaIAAAH":{"logged_in":true,"username":"asd"},"level":"silly","message":"","timestamp":"2018-03-11T23:31:49.141Z"}
{"level":"info","message":"Login: asd","timestamp":"2018-03-11T23:31:49.142Z"}
{"level":"info","message":"Move asd to lobby 'main'.","timestamp":"2018-03-11T23:31:49.143Z"}
{"main":{"LnktSURlTg_U_sT-AAAG":"sad","fZOmj7wlANFsiFaIAAAH":"asd"},"level":"silly","message":"","timestamp":"2018-03-11T23:31:49.143Z"}
{"room41":{"type":"double","gameInfo":{"leader":"fZOmj7wlANFsiFaIAAAH","player2":null},"game":{},"ready":{"leader":false,"player2":false},"started":false,"abandoned":false},"level":"silly","message":"","timestamp":"2018-03-11T23:31:51.643Z"}
{"room41":{"type":"double","gameInfo":{"leader":"fZOmj7wlANFsiFaIAAAH","player2":"LnktSURlTg_U_sT-AAAG"},"game":{},"ready":{"leader":false,"player2":false},"started":false,"abandoned":false},"level":"silly","message":"","timestamp":"2018-03-11T23:31:56.051Z"}
{"level":"info","message":"Marked asd as ready to play in room room41.","timestamp":"2018-03-11T23:31:56.056Z"}
{"room41":{"type":"double","gameInfo":{"leader":"fZOmj7wlANFsiFaIAAAH","player2":"LnktSURlTg_U_sT-AAAG"},"game":{},"ready":{"leader":true,"player2":false},"started":false,"abandoned":false},"level":"silly","message":"","timestamp":"2018-03-11T23:31:56.056Z"}
[{"question":"Main character","answer":"Guy Montag"},{"question":"Montag's wife","answer":"Mildred"},{"question":"Last Person killed by Montag","answer":"Captain Beatty"},{"question":"A machine that tries to kill Montag","answer":"The Hound"},{"question":"The book Montag memorized","answer":"Book of Ecclesiastes"},{"question":"Poem that Montag reads","answer":"Dover Beach"},{"question":"Temperature at which paper burns","answer":"451 degrees Farenheit"},{"question":"Most important girl in the story","answer":"Clarisse McClellan"},{"question":"Author of Fahrenheit 451 ","answer":"Ray Bradbury"},{"question":"Number of walls in Mildred's \"family\"","answer":"3"},{"question":"Clarisse makes Montag question this feeling","answer":"Happiness"},{"question":"Mildred ___, so techies were called. ","answer":"Ate too many sleeping pills"},{"question":"Leader of so-called \"criminals\" ","answer":"Granger"},{"question":"Montag original thoughts on burning","answer":"Pleasing"},{"question":"Montag convinced Faber to help him by...","answer":"Ripping pages out of the Bible"},{"question":"The Hound's weapon","answer":"A procaine needle"},{"question":"Name of fireman that Montag reported","answer":"Black"},{"question":"A(n) ___ man is killed instead of Montag","answer":"Innocent"}]
{"level":"info","message":"Marked sad as ready to play in room room41.","timestamp":"2018-03-11T23:31:56.672Z"}
{"room41":{"type":"double","gameInfo":{"leader":"fZOmj7wlANFsiFaIAAAH","player2":"LnktSURlTg_U_sT-AAAG"},"game":{},"ready":{"leader":true,"player2":true},"started":false,"abandoned":false},"level":"silly","message":"","timestamp":"2018-03-11T23:31:56.673Z"}
[{"question":"Main character","answer":"Guy Montag"},{"question":"Montag's wife","answer":"Mildred"},{"question":"Last Person killed by Montag","answer":"Captain Beatty"},{"question":"A machine that tries to kill Montag","answer":"The Hound"},{"question":"The book Montag memorized","answer":"Book of Ecclesiastes"},{"question":"Poem that Montag reads","answer":"Dover Beach"},{"question":"Temperature at which paper burns","answer":"451 degrees Farenheit"},{"question":"Most important girl in the story","answer":"Clarisse McClellan"},{"question":"Author of Fahrenheit 451 ","answer":"Ray Bradbury"},{"question":"Number of walls in Mildred's \"family\"","answer":"3"},{"question":"Clarisse makes Montag question this feeling","answer":"Happiness"},{"question":"Mildred ___, so techies were called. ","answer":"Ate too many sleeping pills"},{"question":"Leader of so-called \"criminals\" ","answer":"Granger"},{"question":"Montag original thoughts on burning","answer":"Pleasing"},{"question":"Montag convinced Faber to help him by...","answer":"Ripping pages out of the Bible"},{"question":"The Hound's weapon","answer":"A procaine needle"},{"question":"Name of fireman that Montag reported","answer":"Black"},{"question":"A(n) ___ man is killed instead of Montag","answer":"Innocent"}]
{"level":"info","message":"Started game in room room41.","timestamp":"2018-03-11T23:31:56.681Z"}
{"level":"info","message":"super_arr: ","timestamp":"2018-03-11T23:31:56.682Z"}
["A(n) ___ man is killed instead of Montag","Guy Montag","Dover Beach","Montag's wife","The book Montag memorized","Clarisse McClellan","451 degrees Farenheit","A machine that tries to kill Montag","Leader of so-called \"criminals\" ","Last Person killed by Montag","Mildred ___, so techies were called. ","Granger","Main character","Montag original thoughts on burning","Black","Happiness","Author of Fahrenheit 451 ","Montag convinced Faber to help him by...","Number of walls in Mildred's \"family\"","The Hound's weapon","Most important girl in the story","Ripping pages out of the Bible","Name of fireman that Montag reported","Temperature at which paper burns","Book of Ecclesiastes","Ate too many sleeping pills","The Hound","Pleasing","A procaine needle","Ray Bradbury","3","Poem that Montag reads","Innocent","Captain Beatty","Clarisse makes Montag question this feeling","Mildred"]
{"room41":{"type":"double","gameInfo":{"leader":"fZOmj7wlANFsiFaIAAAH","player2":"LnktSURlTg_U_sT-AAAG"},"game":{},"ready":{"leader":true,"player2":true},"started":1,"abandoned":false,"cards":["A(n) ___ man is killed instead of Montag","Guy Montag","Dover Beach","Montag's wife","The book Montag memorized","Clarisse McClellan","451 degrees Farenheit","A machine that tries to kill Montag","Leader of so-called \"criminals\" ","Last Person killed by Montag","Mildred ___, so techies were called. ","Granger","Main character","Montag original thoughts on burning","Black","Happiness","Author of Fahrenheit 451 ","Montag convinced Faber to help him by...","Number of walls in Mildred's \"family\"","The Hound's weapon","Most important girl in the story","Ripping pages out of the Bible","Name of fireman that Montag reported","Temperature at which paper burns","Book of Ecclesiastes","Ate too many sleeping pills","The Hound","Pleasing","A procaine needle","Ray Bradbury","3","Poem that Montag reads","Innocent","Captain Beatty","Clarisse makes Montag question this feeling","Mildred"]},"level":"silly","message":"","timestamp":"2018-03-11T23:31:56.682Z"}
{"level":"info","message":"asd just left room room41, marked as abandoned.","timestamp":"2018-03-11T23:32:48.912Z"}
{"level":"info","message":"Sent abandoned, win notification to sad","timestamp":"2018-03-11T23:32:48.912Z"}
{"room41":{"type":"double","gameInfo":{"leader":null,"player2":"LnktSURlTg_U_sT-AAAG"},"game":{},"ready":{"leader":true,"player2":true},"started":1,"abandoned":true,"cards":["A(n) ___ man is killed instead of Montag","Guy Montag","Dover Beach","Montag's wife","The book Montag memorized","Clarisse McClellan","451 degrees Farenheit","A machine that tries to kill Montag","Leader of so-called \"criminals\" ","Last Person killed by Montag","Mildred ___, so techies were called. ","Granger","Main character","Montag original thoughts on burning","Black","Happiness","Author of Fahrenheit 451 ","Montag convinced Faber to help him by...","Number of walls in Mildred's \"family\"","The Hound's weapon","Most important girl in the story","Ripping pages out of the Bible","Name of fireman that Montag reported","Temperature at which paper burns","Book of Ecclesiastes","Ate too many sleeping pills","The Hound","Pleasing","A procaine needle","Ray Bradbury","3","Poem that Montag reads","Innocent","Captain Beatty","Clarisse makes Montag question this feeling","Mildred"]},"level":"silly","message":"","timestamp":"2018-03-11T23:32:48.913Z"}
{"level":"info","message":"-1 user. Key: fZOmj7wlANFsiFaIAAAH Total: 2","timestamp":"2018-03-11T23:32:48.913Z"}
{"level":"info","message":"Removed user asd from lobby clean","timestamp":"2018-03-11T23:32:48.914Z"}
{"level":"info","message":"Removed user asd from lobby main","timestamp":"2018-03-11T23:32:48.914Z"}
{"level":"info","message":"Deleting asd","timestamp":"2018-03-11T23:32:48.914Z"}
{"level":"info","message":"+1 user! Key: ZPipCWl3yfWEFKVJAAAI Total: 2","timestamp":"2018-03-11T23:32:49.395Z"}
{"LnktSURlTg_U_sT-AAAG":{"logged_in":true,"username":"sad"},"ZPipCWl3yfWEFKVJAAAI":{"logged_in":false},"level":"silly","message":"","timestamp":"2018-03-11T23:32:49.396Z"}
{"level":"info","message":"+1 user! Key: 6n_Rb6n0XPZRS0_0AAAJ Total: 3","timestamp":"2018-03-11T23:43:07.039Z"}
{"LnktSURlTg_U_sT-AAAG":{"logged_in":true,"username":"sad"},"ZPipCWl3yfWEFKVJAAAI":{"logged_in":false},"6n_Rb6n0XPZRS0_0AAAJ":{"logged_in":false},"level":"silly","message":"","timestamp":"2018-03-11T23:43:07.039Z"}
{"level":"error","message":"Deleted room room41, the room's info was undefined or no other player was in it. ","timestamp":"2018-03-11T23:43:07.769Z"}
{"level":"silly","message":"","timestamp":"2018-03-11T23:43:07.769Z"}
{"level":"info","message":"-1 user. Key: 6n_Rb6n0XPZRS0_0AAAJ Total: 3","timestamp":"2018-03-11T23:43:07.769Z"}
{"level":"info","message":"Removed user undefined from lobby clean","timestamp":"2018-03-11T23:43:07.770Z"}
{"level":"info","message":"Removed user undefined from lobby main","timestamp":"2018-03-11T23:43:07.770Z"}
{"level":"info","message":"Deleting undefined","timestamp":"2018-03-11T23:43:07.770Z"}
{"level":"info","message":"-1 user. Key: LnktSURlTg_U_sT-AAAG Total: 2","timestamp":"2018-03-11T23:46:41.355Z"}
{"level":"info","message":"Removed user sad from lobby clean","timestamp":"2018-03-11T23:46:41.355Z"}
{"level":"info","message":"Removed user sad from lobby main","timestamp":"2018-03-11T23:46:41.355Z"}
{"level":"info","message":"Deleting sad","timestamp":"2018-03-11T23:46:41.355Z"}
{"level":"info","message":"+1 user! Key: kiaqf4WsMqbpabdvAAAK Total: 2","timestamp":"2018-03-11T23:46:41.926Z"}
{"ZPipCWl3yfWEFKVJAAAI":{"logged_in":false},"kiaqf4WsMqbpabdvAAAK":{"logged_in":false},"level":"silly","message":"","timestamp":"2018-03-11T23:46:41.927Z"}
{"ZPipCWl3yfWEFKVJAAAI":{"logged_in":true,"username":"asd"},"kiaqf4WsMqbpabdvAAAK":{"logged_in":false},"level":"silly","message":"","timestamp":"2018-03-11T23:46:55.867Z"}
{"level":"info","message":"Login: asd","timestamp":"2018-03-11T23:46:55.867Z"}
{"level":"info","message":"Move asd to lobby 'main'.","timestamp":"2018-03-11T23:46:55.868Z"}
{"main":{"ZPipCWl3yfWEFKVJAAAI":"asd"},"level":"silly","message":"","timestamp":"2018-03-11T23:46:55.868Z"}
{"ZPipCWl3yfWEFKVJAAAI":{"logged_in":true,"username":"asd"},"kiaqf4WsMqbpabdvAAAK":{"logged_in":true,"username":"adsasd"},"level":"silly","message":"","timestamp":"2018-03-11T23:46:58.390Z"}
{"level":"info","message":"Login: adsasd","timestamp":"2018-03-11T23:46:58.391Z"}
{"level":"info","message":"Move adsasd to lobby 'main'.","timestamp":"2018-03-11T23:46:58.392Z"}
{"main":{"ZPipCWl3yfWEFKVJAAAI":"asd","kiaqf4WsMqbpabdvAAAK":"adsasd"},"level":"silly","message":"","timestamp":"2018-03-11T23:46:58.392Z"}
{"room53":{"type":"double","gameInfo":{"leader":"kiaqf4WsMqbpabdvAAAK","player2":null},"game":{},"ready":{"leader":false,"player2":false},"started":false,"abandoned":false},"level":"silly","message":"","timestamp":"2018-03-11T23:47:00.714Z"}
{"room53":{"type":"double","gameInfo":{"leader":"kiaqf4WsMqbpabdvAAAK","player2":"ZPipCWl3yfWEFKVJAAAI"},"game":{},"ready":{"leader":false,"player2":false},"started":false,"abandoned":false},"level":"silly","message":"","timestamp":"2018-03-11T23:47:06.016Z"}
{"level":"info","message":"Marked adsasd as ready to play in room room53.","timestamp":"2018-03-11T23:47:06.020Z"}
{"room53":{"type":"double","gameInfo":{"leader":"kiaqf4WsMqbpabdvAAAK","player2":"ZPipCWl3yfWEFKVJAAAI"},"game":{},"ready":{"leader":true,"player2":false},"started":false,"abandoned":false},"level":"silly","message":"","timestamp":"2018-03-11T23:47:06.021Z"}
[{"question":"Main character","answer":"Guy Montag"},{"question":"Montag's wife","answer":"Mildred"},{"question":"Last Person killed by Montag","answer":"Captain Beatty"},{"question":"A machine that tries to kill Montag","answer":"The Hound"},{"question":"The book Montag memorized","answer":"Book of Ecclesiastes"},{"question":"Poem that Montag reads","answer":"Dover Beach"},{"question":"Temperature at which paper burns","answer":"451 degrees Farenheit"},{"question":"Most important girl in the story","answer":"Clarisse McClellan"},{"question":"Author of Fahrenheit 451 ","answer":"Ray Bradbury"},{"question":"Number of walls in Mildred's \"family\"","answer":"3"},{"question":"Clarisse makes Montag question this feeling","answer":"Happiness"},{"question":"Mildred ___, so techies were called. ","answer":"Ate too many sleeping pills"},{"question":"Leader of so-called \"criminals\" ","answer":"Granger"},{"question":"Montag original thoughts on burning","answer":"Pleasing"},{"question":"Montag convinced Faber to help him by...","answer":"Ripping pages out of the Bible"},{"question":"The Hound's weapon","answer":"A procaine needle"},{"question":"Name of fireman that Montag reported","answer":"Black"},{"question":"A(n) ___ man is killed instead of Montag","answer":"Innocent"}]
{"level":"info","message":"Marked asd as ready to play in room room53.","timestamp":"2018-03-11T23:47:06.625Z"}
{"room53":{"type":"double","gameInfo":{"leader":"kiaqf4WsMqbpabdvAAAK","player2":"ZPipCWl3yfWEFKVJAAAI"},"game":{},"ready":{"leader":true,"player2":true},"started":false,"abandoned":false},"level":"silly","message":"","timestamp":"2018-03-11T23:47:06.626Z"}
[{"question":"Main character","answer":"Guy Montag"},{"question":"Montag's wife","answer":"Mildred"},{"question":"Last Person killed by Montag","answer":"Captain Beatty"},{"question":"A machine that tries to kill Montag","answer":"The Hound"},{"question":"The book Montag memorized","answer":"Book of Ecclesiastes"},{"question":"Poem that Montag reads","answer":"Dover Beach"},{"question":"Temperature at which paper burns","answer":"451 degrees Farenheit"},{"question":"Most important girl in the story","answer":"Clarisse McClellan"},{"question":"Author of Fahrenheit 451 ","answer":"Ray Bradbury"},{"question":"Number of walls in Mildred's \"family\"","answer":"3"},{"question":"Clarisse makes Montag question this feeling","answer":"Happiness"},{"question":"Mildred ___, so techies were called. ","answer":"Ate too many sleeping pills"},{"question":"Leader of so-called \"criminals\" ","answer":"Granger"},{"question":"Montag original thoughts on burning","answer":"Pleasing"},{"question":"Montag convinced Faber to help him by...","answer":"Ripping pages out of the Bible"},{"question":"The Hound's weapon","answer":"A procaine needle"},{"question":"Name of fireman that Montag reported","answer":"Black"},{"question":"A(n) ___ man is killed instead of Montag","answer":"Innocent"}]
{"level":"info","message":"Started game in room room53.","timestamp":"2018-03-11T23:47:06.630Z"}
{"level":"info","message":"super_arr: ","timestamp":"2018-03-11T23:47:06.632Z"}
["Most important girl in the story","Guy Montag","451 degrees Farenheit","Mildred ___, so techies were called. ","The Hound's weapon","Ate too many sleeping pills","Ray Bradbury","A procaine needle","The Hound","Temperature at which paper burns","Ripping pages out of the Bible","Leader of so-called \"criminals\" ","Clarisse McClellan","Mildred","Montag's wife","Pleasing","Black","Granger","Main character","The book Montag memorized","Montag original thoughts on burning","Number of walls in Mildred's \"family\"","Innocent","Captain Beatty","Montag convinced Faber to help him by...","Poem that Montag reads","Book of Ecclesiastes","Dover Beach","Last Person killed by Montag","3","A machine that tries to kill Montag","Name of fireman that Montag reported","Author of Fahrenheit 451 ","Clarisse makes Montag question this feeling","Happiness","A(n) ___ man is killed instead of Montag"]
{"room53":{"type":"double","gameInfo":{"leader":"kiaqf4WsMqbpabdvAAAK","player2":"ZPipCWl3yfWEFKVJAAAI"},"game":{},"ready":{"leader":true,"player2":true},"started":1,"abandoned":false,"cards":["Most important girl in the story","Guy Montag","451 degrees Farenheit","Mildred ___, so techies were called. ","The Hound's weapon","Ate too many sleeping pills","Ray Bradbury","A procaine needle","The Hound","Temperature at which paper burns","Ripping pages out of the Bible","Leader of so-called \"criminals\" ","Clarisse McClellan","Mildred","Montag's wife","Pleasing","Black","Granger","Main character","The book Montag memorized","Montag original thoughts on burning","Number of walls in Mildred's \"family\"","Innocent","Captain Beatty","Montag convinced Faber to help him by...","Poem that Montag reads","Book of Ecclesiastes","Dover Beach","Last Person killed by Montag","3","A machine that tries to kill Montag","Name of fireman that Montag reported","Author of Fahrenheit 451 ","Clarisse makes Montag question this feeling","Happiness","A(n) ___ man is killed instead of Montag"]},"level":"silly","message":"","timestamp":"2018-03-11T23:47:06.633Z"}
{"level":"warn","message":"Restart code Requested by kiaqf4WsMqbpabdvAAAK","timestamp":"2018-03-12T00:02:59.209Z"}
{"level":"error","message":"/restart HIT! RESTART NOOoOooOOOOO","timestamp":"2018-03-12T00:02:59.230Z"}
