{"level":"info","message":"success: Samyok.js","timestamp":"2018-03-11T21:57:10.903Z"}
{"level":"silly","message":"Imports done.","timestamp":"2018-03-11T21:57:11.014Z"}
{"level":"info","message":"Started English Memory Match's socket server.","timestamp":"2018-03-11T21:57:11.027Z"}
{"level":"info","message":"Started English Memory Match's express server. Listening to port 4000.","timestamp":"2018-03-11T21:57:11.028Z"}
{"level":"info","message":"+1 user! Key: w9Um4wfBteQ6xIJyAAAA Total: 1","timestamp":"2018-03-11T21:57:12.062Z"}
{"w9Um4wfBteQ6xIJyAAAA":{"logged_in":false},"level":"silly","message":"","timestamp":"2018-03-11T21:57:12.063Z"}
{"level":"info","message":"+1 user! Key: Hu3mzQb3P3KHLsKYAAAB Total: 2","timestamp":"2018-03-11T21:57:12.094Z"}
{"w9Um4wfBteQ6xIJyAAAA":{"logged_in":false},"Hu3mzQb3P3KHLsKYAAAB":{"logged_in":false},"level":"silly","message":"","timestamp":"2018-03-11T21:57:12.094Z"}
{"level":"info","message":"+1 user! Key: jxMQZBK990Ynbbm1AAAC Total: 3","timestamp":"2018-03-11T21:57:12.337Z"}
{"w9Um4wfBteQ6xIJyAAAA":{"logged_in":false},"Hu3mzQb3P3KHLsKYAAAB":{"logged_in":false},"jxMQZBK990Ynbbm1AAAC":{"logged_in":false},"level":"silly","message":"","timestamp":"2018-03-11T21:57:12.337Z"}
{"level":"info","message":"+1 user! Key: slzI9u97XMPAaz7TAAAD Total: 4","timestamp":"2018-03-11T21:57:12.614Z"}
{"w9Um4wfBteQ6xIJyAAAA":{"logged_in":false},"Hu3mzQb3P3KHLsKYAAAB":{"logged_in":false},"jxMQZBK990Ynbbm1AAAC":{"logged_in":false},"slzI9u97XMPAaz7TAAAD":{"logged_in":false},"level":"silly","message":"","timestamp":"2018-03-11T21:57:12.614Z"}
{"level":"error","message":"Deleted room clean, the room's info was undefined or no other player was in it. ","timestamp":"2018-03-11T21:57:14.854Z"}
{"level":"silly","message":"","timestamp":"2018-03-11T21:57:14.854Z"}
{"level":"info","message":"-1 user. Key: Hu3mzQb3P3KHLsKYAAAB Total: 4","timestamp":"2018-03-11T21:57:14.854Z"}
{"level":"info","message":"Removed user undefined from lobby clean","timestamp":"2018-03-11T21:57:14.854Z"}
{"level":"info","message":"Deleting undefined","timestamp":"2018-03-11T21:57:14.855Z"}
{"level":"info","message":"+1 user! Key: 5qOvSXTgOYPCo7btAAAE Total: 4","timestamp":"2018-03-11T21:57:15.080Z"}
{"w9Um4wfBteQ6xIJyAAAA":{"logged_in":false},"jxMQZBK990Ynbbm1AAAC":{"logged_in":false},"slzI9u97XMPAaz7TAAAD":{"logged_in":false},"5qOvSXTgOYPCo7btAAAE":{"logged_in":false},"level":"silly","message":"","timestamp":"2018-03-11T21:57:15.080Z"}
{"level":"info","message":"-1 user. Key: slzI9u97XMPAaz7TAAAD Total: 4","timestamp":"2018-03-11T21:57:16.397Z"}
{"level":"info","message":"Removed user undefined from lobby clean","timestamp":"2018-03-11T21:57:16.398Z"}
{"level":"info","message":"Deleting undefined","timestamp":"2018-03-11T21:57:16.398Z"}
{"level":"info","message":"+1 user! Key: 2tjXBxXWpBMz0T9AAAAF Total: 4","timestamp":"2018-03-11T21:57:16.644Z"}
{"w9Um4wfBteQ6xIJyAAAA":{"logged_in":false},"jxMQZBK990Ynbbm1AAAC":{"logged_in":false},"5qOvSXTgOYPCo7btAAAE":{"logged_in":false},"2tjXBxXWpBMz0T9AAAAF":{"logged_in":false},"level":"silly","message":"","timestamp":"2018-03-11T21:57:16.644Z"}
{"level":"info","message":"-1 user. Key: w9Um4wfBteQ6xIJyAAAA Total: 4","timestamp":"2018-03-11T21:57:20.209Z"}
{"level":"info","message":"Removed user undefined from lobby clean","timestamp":"2018-03-11T21:57:20.210Z"}
{"level":"info","message":"Deleting undefined","timestamp":"2018-03-11T21:57:20.210Z"}
{"level":"info","message":"+1 user! Key: rLM3o7873ugrAiyCAAAG Total: 4","timestamp":"2018-03-11T21:57:20.745Z"}
{"jxMQZBK990Ynbbm1AAAC":{"logged_in":false},"5qOvSXTgOYPCo7btAAAE":{"logged_in":false},"2tjXBxXWpBMz0T9AAAAF":{"logged_in":false},"rLM3o7873ugrAiyCAAAG":{"logged_in":false},"level":"silly","message":"","timestamp":"2018-03-11T21:57:20.745Z"}
{"level":"info","message":"-1 user. Key: jxMQZBK990Ynbbm1AAAC Total: 4","timestamp":"2018-03-11T21:57:21.379Z"}
{"level":"info","message":"Removed user undefined from lobby clean","timestamp":"2018-03-11T21:57:21.379Z"}
{"level":"info","message":"Deleting undefined","timestamp":"2018-03-11T21:57:21.379Z"}
{"level":"info","message":"+1 user! Key: 8XYkKx5V8i2NESrJAAAH Total: 4","timestamp":"2018-03-11T21:57:21.633Z"}
{"5qOvSXTgOYPCo7btAAAE":{"logged_in":false},"2tjXBxXWpBMz0T9AAAAF":{"logged_in":false},"rLM3o7873ugrAiyCAAAG":{"logged_in":false},"8XYkKx5V8i2NESrJAAAH":{"logged_in":false},"level":"silly","message":"","timestamp":"2018-03-11T21:57:21.633Z"}
{"5qOvSXTgOYPCo7btAAAE":{"logged_in":false},"2tjXBxXWpBMz0T9AAAAF":{"logged_in":false},"rLM3o7873ugrAiyCAAAG":{"logged_in":true,"username":"asd"},"8XYkKx5V8i2NESrJAAAH":{"logged_in":false},"level":"silly","message":"","timestamp":"2018-03-11T21:57:24.093Z"}
{"level":"info","message":"Login: asd","timestamp":"2018-03-11T21:57:24.095Z"}
{"level":"info","message":"Move asd to lobby 'main'.","timestamp":"2018-03-11T21:57:24.096Z"}
{"main":{"rLM3o7873ugrAiyCAAAG":"asd"},"level":"silly","message":"","timestamp":"2018-03-11T21:57:24.096Z"}
{"5qOvSXTgOYPCo7btAAAE":{"logged_in":false},"2tjXBxXWpBMz0T9AAAAF":{"logged_in":true,"username":"a"},"rLM3o7873ugrAiyCAAAG":{"logged_in":true,"username":"asd"},"8XYkKx5V8i2NESrJAAAH":{"logged_in":false},"level":"silly","message":"","timestamp":"2018-03-11T21:57:25.849Z"}
{"level":"info","message":"Login: a","timestamp":"2018-03-11T21:57:25.850Z"}
{"level":"info","message":"Move a to lobby 'main'.","timestamp":"2018-03-11T21:57:25.851Z"}
{"main":{"rLM3o7873ugrAiyCAAAG":"asd","2tjXBxXWpBMz0T9AAAAF":"a"},"level":"silly","message":"","timestamp":"2018-03-11T21:57:25.852Z"}
{"5qOvSXTgOYPCo7btAAAE":{"logged_in":true,"username":"s"},"2tjXBxXWpBMz0T9AAAAF":{"logged_in":true,"username":"a"},"rLM3o7873ugrAiyCAAAG":{"logged_in":true,"username":"asd"},"8XYkKx5V8i2NESrJAAAH":{"logged_in":false},"level":"silly","message":"","timestamp":"2018-03-11T21:57:27.783Z"}
{"level":"info","message":"Login: s","timestamp":"2018-03-11T21:57:27.785Z"}
{"level":"info","message":"Move s to lobby 'main'.","timestamp":"2018-03-11T21:57:27.786Z"}
{"main":{"rLM3o7873ugrAiyCAAAG":"asd","2tjXBxXWpBMz0T9AAAAF":"a","5qOvSXTgOYPCo7btAAAE":"s"},"level":"silly","message":"","timestamp":"2018-03-11T21:57:27.786Z"}
{"5qOvSXTgOYPCo7btAAAE":{"logged_in":true,"username":"s"},"2tjXBxXWpBMz0T9AAAAF":{"logged_in":true,"username":"a"},"rLM3o7873ugrAiyCAAAG":{"logged_in":true,"username":"asd"},"8XYkKx5V8i2NESrJAAAH":{"logged_in":true,"username":"sd"},"level":"silly","message":"","timestamp":"2018-03-11T21:57:36.285Z"}
{"level":"info","message":"Login: sd","timestamp":"2018-03-11T21:57:36.286Z"}
{"level":"info","message":"Move sd to lobby 'main'.","timestamp":"2018-03-11T21:57:36.287Z"}
{"main":{"rLM3o7873ugrAiyCAAAG":"asd","2tjXBxXWpBMz0T9AAAAF":"a","5qOvSXTgOYPCo7btAAAE":"s","8XYkKx5V8i2NESrJAAAH":"sd"},"level":"silly","message":"","timestamp":"2018-03-11T21:57:36.287Z"}
{"room16":{"type":"double","gameInfo":{"leader":"rLM3o7873ugrAiyCAAAG","player2":null},"game":{},"ready":{"leader":false,"player2":false},"started":false,"abandoned":false},"level":"silly","message":"","timestamp":"2018-03-11T21:57:47.055Z"}
{"room16":{"type":"double","gameInfo":{"leader":"rLM3o7873ugrAiyCAAAG","player2":"8XYkKx5V8i2NESrJAAAH"},"game":{},"ready":{"leader":false,"player2":false},"started":false,"abandoned":false},"level":"silly","message":"","timestamp":"2018-03-11T21:57:51.934Z"}
{"level":"info","message":"Marked asd as ready to play in room room16.","timestamp":"2018-03-11T21:57:51.937Z"}
{"room16":{"type":"double","gameInfo":{"leader":"rLM3o7873ugrAiyCAAAG","player2":"8XYkKx5V8i2NESrJAAAH"},"game":{},"ready":{"leader":true,"player2":false},"started":false,"abandoned":false},"level":"silly","message":"","timestamp":"2018-03-11T21:57:51.937Z"}
[{"question":"Main character","answer":"Guy Montag"},{"question":"Montag's wife","answer":"Mildred"},{"question":"Last Person killed by Montag","answer":"Captain Beatty"},{"question":"A machine that tries to kill Montag","answer":"The Hound"},{"question":"The book Montag memorized","answer":"Book of Ecclesiastes"},{"question":"Poem that Montag reads","answer":"Dover Beach"},{"question":"Temperature at which paper burns","answer":"451 degrees Farenheit"},{"question":"Most important girl in the story","answer":"Clarisse McClellan"},{"question":"Author of Fahrenheit 451 ","answer":"Ray Bradbury"},{"question":"Number of walls in Mildred's \"family\"","answer":"3"},{"question":"Clarisse makes Montag question this feeling","answer":"Happiness"},{"question":"Mildred ___, so techies were called. ","answer":"Ate too many sleeping pills"},{"question":"Leader of so-called \"criminals\" ","answer":"Granger"},{"question":"Montag original thoughts on burning","answer":"Pleasing"},{"question":"Montag convinced Faber to help him by...","answer":"Ripping pages out of the Bible"},{"question":"The Hound's weapon","answer":"A procaine needle"},{"question":"Name of fireman that Montag reported","answer":"Black"},{"question":"A(n) ___ man is killed instead of Montag","answer":"Innocent"}]
{"level":"info","message":"Marked sd as ready to play in room room16.","timestamp":"2018-03-11T21:57:52.550Z"}
{"room16":{"type":"double","gameInfo":{"leader":"rLM3o7873ugrAiyCAAAG","player2":"8XYkKx5V8i2NESrJAAAH"},"game":{},"ready":{"leader":true,"player2":true},"started":false,"abandoned":false},"level":"silly","message":"","timestamp":"2018-03-11T21:57:52.550Z"}
[{"question":"Main character","answer":"Guy Montag"},{"question":"Montag's wife","answer":"Mildred"},{"question":"Last Person killed by Montag","answer":"Captain Beatty"},{"question":"A machine that tries to kill Montag","answer":"The Hound"},{"question":"The book Montag memorized","answer":"Book of Ecclesiastes"},{"question":"Poem that Montag reads","answer":"Dover Beach"},{"question":"Temperature at which paper burns","answer":"451 degrees Farenheit"},{"question":"Most important girl in the story","answer":"Clarisse McClellan"},{"question":"Author of Fahrenheit 451 ","answer":"Ray Bradbury"},{"question":"Number of walls in Mildred's \"family\"","answer":"3"},{"question":"Clarisse makes Montag question this feeling","answer":"Happiness"},{"question":"Mildred ___, so techies were called. ","answer":"Ate too many sleeping pills"},{"question":"Leader of so-called \"criminals\" ","answer":"Granger"},{"question":"Montag original thoughts on burning","answer":"Pleasing"},{"question":"Montag convinced Faber to help him by...","answer":"Ripping pages out of the Bible"},{"question":"The Hound's weapon","answer":"A procaine needle"},{"question":"Name of fireman that Montag reported","answer":"Black"},{"question":"A(n) ___ man is killed instead of Montag","answer":"Innocent"}]
{"level":"info","message":"Started game in room room16.","timestamp":"2018-03-11T21:57:52.555Z"}
{"room16":{"type":"double","gameInfo":{"leader":"rLM3o7873ugrAiyCAAAG","player2":"8XYkKx5V8i2NESrJAAAH"},"game":{},"ready":{"leader":true,"player2":true},"started":1,"abandoned":false,"cards":["Pleasing","Clarisse makes Montag question this feeling","Mildred","Book of Ecclesiastes","The Hound's weapon","Name of fireman that Montag reported","The Hound","Dover Beach","Clarisse McClellan","Main character","Ate too many sleeping pills","Author of Fahrenheit 451 ","Montag's wife","Leader of so-called \"criminals\" ","Innocent","Happiness","Number of walls in Mildred's \"family\"","Ray Bradbury","A(n) ___ man is killed instead of Montag","Guy Montag","3","Last Person killed by Montag","A procaine needle","Temperature at which paper burns","Montag convinced Faber to help him by...","Granger","Black","Most important girl in the story","451 degrees Farenheit","Captain Beatty","Mildred ___, so techies were called. ","A machine that tries to kill Montag","Ripping pages out of the Bible","The book Montag memorized","Montag original thoughts on burning","Poem that Montag reads"]},"level":"silly","message":"","timestamp":"2018-03-11T21:57:52.557Z"}
{"room16":{"type":"double","gameInfo":{"leader":"rLM3o7873ugrAiyCAAAG","player2":"8XYkKx5V8i2NESrJAAAH"},"game":{},"ready":{"leader":true,"player2":true},"started":1,"abandoned":false,"cards":["Pleasing","Clarisse makes Montag question this feeling","Mildred","Book of Ecclesiastes","The Hound's weapon","Name of fireman that Montag reported","The Hound","Dover Beach","Clarisse McClellan","Main character","Ate too many sleeping pills","Author of Fahrenheit 451 ","Montag's wife","Leader of so-called \"criminals\" ","Innocent","Happiness","Number of walls in Mildred's \"family\"","Ray Bradbury","A(n) ___ man is killed instead of Montag","Guy Montag","3","Last Person killed by Montag","A procaine needle","Temperature at which paper burns","Montag convinced Faber to help him by...","Granger","Black","Most important girl in the story","451 degrees Farenheit","Captain Beatty","Mildred ___, so techies were called. ","A machine that tries to kill Montag","Ripping pages out of the Bible","The book Montag memorized","Montag original thoughts on burning","Poem that Montag reads"]},"room35":{"type":"double","gameInfo":{"leader":"2tjXBxXWpBMz0T9AAAAF","player2":null},"game":{},"ready":{"leader":false,"player2":false},"started":false,"abandoned":false},"level":"silly","message":"","timestamp":"2018-03-11T21:58:13.084Z"}
{"room16":{"type":"double","gameInfo":{"leader":"rLM3o7873ugrAiyCAAAG","player2":"8XYkKx5V8i2NESrJAAAH"},"game":{},"ready":{"leader":true,"player2":true},"started":1,"abandoned":false,"cards":["Pleasing","Clarisse makes Montag question this feeling","Mildred","Book of Ecclesiastes","The Hound's weapon","Name of fireman that Montag reported","The Hound","Dover Beach","Clarisse McClellan","Main character","Ate too many sleeping pills","Author of Fahrenheit 451 ","Montag's wife","Leader of so-called \"criminals\" ","Innocent","Happiness","Number of walls in Mildred's \"family\"","Ray Bradbury","A(n) ___ man is killed instead of Montag","Guy Montag","3","Last Person killed by Montag","A procaine needle","Temperature at which paper burns","Montag convinced Faber to help him by...","Granger","Black","Most important girl in the story","451 degrees Farenheit","Captain Beatty","Mildred ___, so techies were called. ","A machine that tries to kill Montag","Ripping pages out of the Bible","The book Montag memorized","Montag original thoughts on burning","Poem that Montag reads"]},"room35":{"type":"double","gameInfo":{"leader":"2tjXBxXWpBMz0T9AAAAF","player2":"5qOvSXTgOYPCo7btAAAE"},"game":{},"ready":{"leader":false,"player2":false},"started":false,"abandoned":false},"level":"silly","message":"","timestamp":"2018-03-11T21:58:19.964Z"}
{"level":"info","message":"Marked a as ready to play in room room35.","timestamp":"2018-03-11T21:58:19.967Z"}
{"room16":{"type":"double","gameInfo":{"leader":"rLM3o7873ugrAiyCAAAG","player2":"8XYkKx5V8i2NESrJAAAH"},"game":{},"ready":{"leader":true,"player2":true},"started":1,"abandoned":false,"cards":["Pleasing","Clarisse makes Montag question this feeling","Mildred","Book of Ecclesiastes","The Hound's weapon","Name of fireman that Montag reported","The Hound","Dover Beach","Clarisse McClellan","Main character","Ate too many sleeping pills","Author of Fahrenheit 451 ","Montag's wife","Leader of so-called \"criminals\" ","Innocent","Happiness","Number of walls in Mildred's \"family\"","Ray Bradbury","A(n) ___ man is killed instead of Montag","Guy Montag","3","Last Person killed by Montag","A procaine needle","Temperature at which paper burns","Montag convinced Faber to help him by...","Granger","Black","Most important girl in the story","451 degrees Farenheit","Captain Beatty","Mildred ___, so techies were called. ","A machine that tries to kill Montag","Ripping pages out of the Bible","The book Montag memorized","Montag original thoughts on burning","Poem that Montag reads"]},"room35":{"type":"double","gameInfo":{"leader":"2tjXBxXWpBMz0T9AAAAF","player2":"5qOvSXTgOYPCo7btAAAE"},"game":{},"ready":{"leader":true,"player2":false},"started":false,"abandoned":false},"level":"silly","message":"","timestamp":"2018-03-11T21:58:19.967Z"}
[]
{"level":"info","message":"Marked s as ready to play in room room35.","timestamp":"2018-03-11T21:58:20.585Z"}
{"room16":{"type":"double","gameInfo":{"leader":"rLM3o7873ugrAiyCAAAG","player2":"8XYkKx5V8i2NESrJAAAH"},"game":{},"ready":{"leader":true,"player2":true},"started":1,"abandoned":false,"cards":["Pleasing","Clarisse makes Montag question this feeling","Mildred","Book of Ecclesiastes","The Hound's weapon","Name of fireman that Montag reported","The Hound","Dover Beach","Clarisse McClellan","Main character","Ate too many sleeping pills","Author of Fahrenheit 451 ","Montag's wife","Leader of so-called \"criminals\" ","Innocent","Happiness","Number of walls in Mildred's \"family\"","Ray Bradbury","A(n) ___ man is killed instead of Montag","Guy Montag","3","Last Person killed by Montag","A procaine needle","Temperature at which paper burns","Montag convinced Faber to help him by...","Granger","Black","Most important girl in the story","451 degrees Farenheit","Captain Beatty","Mildred ___, so techies were called. ","A machine that tries to kill Montag","Ripping pages out of the Bible","The book Montag memorized","Montag original thoughts on burning","Poem that Montag reads"]},"room35":{"type":"double","gameInfo":{"leader":"2tjXBxXWpBMz0T9AAAAF","player2":"5qOvSXTgOYPCo7btAAAE"},"game":{},"ready":{"leader":true,"player2":true},"started":false,"abandoned":false},"level":"silly","message":"","timestamp":"2018-03-11T21:58:20.586Z"}
[]
{"level":"info","message":"Started game in room room35.","timestamp":"2018-03-11T21:58:20.590Z"}
{"room16":{"type":"double","gameInfo":{"leader":"rLM3o7873ugrAiyCAAAG","player2":"8XYkKx5V8i2NESrJAAAH"},"game":{},"ready":{"leader":true,"player2":true},"started":1,"abandoned":false,"cards":["Pleasing","Clarisse makes Montag question this feeling","Mildred","Book of Ecclesiastes","The Hound's weapon","Name of fireman that Montag reported","The Hound","Dover Beach","Clarisse McClellan","Main character","Ate too many sleeping pills","Author of Fahrenheit 451 ","Montag's wife","Leader of so-called \"criminals\" ","Innocent","Happiness","Number of walls in Mildred's \"family\"","Ray Bradbury","A(n) ___ man is killed instead of Montag","Guy Montag","3","Last Person killed by Montag","A procaine needle","Temperature at which paper burns","Montag convinced Faber to help him by...","Granger","Black","Most important girl in the story","451 degrees Farenheit","Captain Beatty","Mildred ___, so techies were called. ","A machine that tries to kill Montag","Ripping pages out of the Bible","The book Montag memorized","Montag original thoughts on burning","Poem that Montag reads"]},"room35":{"type":"double","gameInfo":{"leader":"2tjXBxXWpBMz0T9AAAAF","player2":"5qOvSXTgOYPCo7btAAAE"},"game":{},"ready":{"leader":true,"player2":true},"started":1,"abandoned":false,"cards":[]},"level":"silly","message":"","timestamp":"2018-03-11T21:58:20.591Z"}
{"level":"warn","message":"Restart code Requested by 5qOvSXTgOYPCo7btAAAE","timestamp":"2018-03-11T21:59:35.847Z"}
{"level":"error","message":"/restart HIT! RESTART NOOoOooOOOOO","timestamp":"2018-03-11T21:59:35.862Z"}
