{"level":"info","message":"success: Samyok.js","timestamp":"2018-03-12T01:06:57.607Z"}
{"level":"silly","message":"Imports done.","timestamp":"2018-03-12T01:06:57.719Z"}
{"level":"info","message":"Started English Memory Match's socket server.","timestamp":"2018-03-12T01:06:57.731Z"}
{"level":"info","message":"Started English Memory Match's express server. Listening to port 4000.","timestamp":"2018-03-12T01:06:57.732Z"}
{"level":"info","message":"+1 user! Key: HATQTbWr_FgmD16uAAAA Total: 1","timestamp":"2018-03-12T01:06:58.110Z"}
{"HATQTbWr_FgmD16uAAAA":{"logged_in":false},"level":"silly","message":"","timestamp":"2018-03-12T01:06:58.111Z"}
{"level":"info","message":"+1 user! Key: L5QiNrv_WKtaZ-YDAAAB Total: 2","timestamp":"2018-03-12T01:06:59.626Z"}
{"HATQTbWr_FgmD16uAAAA":{"logged_in":false},"L5QiNrv_WKtaZ-YDAAAB":{"logged_in":false},"level":"silly","message":"","timestamp":"2018-03-12T01:06:59.627Z"}
{"level":"info","message":"-1 user. Key: L5QiNrv_WKtaZ-YDAAAB Total: 2","timestamp":"2018-03-12T01:06:59.897Z"}
{"level":"info","message":"Removed user undefined from lobby clean","timestamp":"2018-03-12T01:06:59.897Z"}
{"level":"info","message":"Deleting undefined","timestamp":"2018-03-12T01:06:59.897Z"}
{"level":"info","message":"+1 user! Key: WcQWscUCHNdjP6HhAAAC Total: 2","timestamp":"2018-03-12T01:07:00.481Z"}
{"HATQTbWr_FgmD16uAAAA":{"logged_in":false},"WcQWscUCHNdjP6HhAAAC":{"logged_in":false},"level":"silly","message":"","timestamp":"2018-03-12T01:07:00.481Z"}
{"level":"info","message":"-1 user. Key: HATQTbWr_FgmD16uAAAA Total: 2","timestamp":"2018-03-12T01:07:06.699Z"}
{"level":"info","message":"Removed user undefined from lobby clean","timestamp":"2018-03-12T01:07:06.699Z"}
{"level":"info","message":"Deleting undefined","timestamp":"2018-03-12T01:07:06.699Z"}
{"level":"info","message":"+1 user! Key: tZUyEA7cVzktvdanAAAD Total: 2","timestamp":"2018-03-12T01:07:07.180Z"}
{"WcQWscUCHNdjP6HhAAAC":{"logged_in":false},"tZUyEA7cVzktvdanAAAD":{"logged_in":false},"level":"silly","message":"","timestamp":"2018-03-12T01:07:07.180Z"}
{"WcQWscUCHNdjP6HhAAAC":{"logged_in":true,"username":"asd"},"tZUyEA7cVzktvdanAAAD":{"logged_in":false},"level":"silly","message":"","timestamp":"2018-03-12T01:07:08.746Z"}
{"level":"info","message":"Login: asd","timestamp":"2018-03-12T01:07:08.748Z"}
{"level":"info","message":"Move asd to lobby 'main'.","timestamp":"2018-03-12T01:07:08.749Z"}
{"main":{"WcQWscUCHNdjP6HhAAAC":"asd"},"level":"silly","message":"","timestamp":"2018-03-12T01:07:08.749Z"}
{"WcQWscUCHNdjP6HhAAAC":{"logged_in":true,"username":"asd"},"tZUyEA7cVzktvdanAAAD":{"logged_in":true,"username":"asda"},"level":"silly","message":"","timestamp":"2018-03-12T01:07:10.549Z"}
{"level":"info","message":"Login: asda","timestamp":"2018-03-12T01:07:10.550Z"}
{"level":"info","message":"Move asda to lobby 'main'.","timestamp":"2018-03-12T01:07:10.551Z"}
{"main":{"WcQWscUCHNdjP6HhAAAC":"asd","tZUyEA7cVzktvdanAAAD":"asda"},"level":"silly","message":"","timestamp":"2018-03-12T01:07:10.552Z"}
{"room17":{"type":"double","gameInfo":{"leader":"tZUyEA7cVzktvdanAAAD","player2":null},"game":{},"ready":{"leader":false,"player2":false},"started":false,"abandoned":false},"level":"silly","message":"","timestamp":"2018-03-12T01:07:12.173Z"}
{"room17":{"type":"double","gameInfo":{"leader":"tZUyEA7cVzktvdanAAAD","player2":"WcQWscUCHNdjP6HhAAAC"},"game":{},"ready":{"leader":false,"player2":false},"started":false,"abandoned":false},"level":"silly","message":"","timestamp":"2018-03-12T01:07:16.101Z"}
{"level":"error","message":"Deleted room clean, the room's info was undefined.","timestamp":"2018-03-12T01:07:16.106Z"}
{"room17":{"type":"double","gameInfo":{"leader":"tZUyEA7cVzktvdanAAAD","player2":"WcQWscUCHNdjP6HhAAAC"},"game":{},"ready":{"leader":false,"player2":false},"started":false,"abandoned":false},"level":"silly","message":"","timestamp":"2018-03-12T01:07:16.107Z"}
{"level":"info","message":"Marked asda as ready to play in room room17.","timestamp":"2018-03-12T01:07:16.109Z"}
{"room17":{"type":"double","gameInfo":{"leader":"tZUyEA7cVzktvdanAAAD","player2":"WcQWscUCHNdjP6HhAAAC"},"game":{},"ready":{"leader":true,"player2":false},"started":false,"abandoned":false},"level":"silly","message":"","timestamp":"2018-03-12T01:07:16.109Z"}
[{"question":"Main character","answer":"Guy Montag"},{"question":"Montag's wife","answer":"Mildred"},{"question":"Last Person killed by Montag","answer":"Captain Beatty"},{"question":"A machine that tries to kill Montag","answer":"The Hound"},{"question":"The book Montag memorized","answer":"Book of Ecclesiastes"},{"question":"Poem that Montag reads","answer":"Dover Beach"},{"question":"Temperature at which paper burns","answer":"451 degrees Farenheit"},{"question":"Most important girl in the story","answer":"Clarisse McClellan"},{"question":"Author of Fahrenheit 451 ","answer":"Ray Bradbury"},{"question":"Number of walls in Mildred's \"family\"","answer":"3"},{"question":"Clarisse makes Montag question this feeling","answer":"Happiness"},{"question":"Mildred ___, so techies were called. ","answer":"Ate too many sleeping pills"},{"question":"Leader of so-called \"criminals\" ","answer":"Granger"},{"question":"Montag original thoughts on burning","answer":"Pleasing"},{"question":"Montag convinced Faber to help him by...","answer":"Ripping pages out of the Bible"},{"question":"The Hound's weapon","answer":"A procaine needle"},{"question":"Name of fireman that Montag reported","answer":"Black"},{"question":"A(n) ___ man is killed instead of Montag","answer":"Innocent"}]
{"level":"info","message":"Marked asd as ready to play in room room17.","timestamp":"2018-03-12T01:07:16.719Z"}
{"room17":{"type":"double","gameInfo":{"leader":"tZUyEA7cVzktvdanAAAD","player2":"WcQWscUCHNdjP6HhAAAC"},"game":{},"ready":{"leader":true,"player2":true},"started":false,"abandoned":false},"level":"silly","message":"","timestamp":"2018-03-12T01:07:16.720Z"}
[{"question":"Main character","answer":"Guy Montag"},{"question":"Montag's wife","answer":"Mildred"},{"question":"Last Person killed by Montag","answer":"Captain Beatty"},{"question":"A machine that tries to kill Montag","answer":"The Hound"},{"question":"The book Montag memorized","answer":"Book of Ecclesiastes"},{"question":"Poem that Montag reads","answer":"Dover Beach"},{"question":"Temperature at which paper burns","answer":"451 degrees Farenheit"},{"question":"Most important girl in the story","answer":"Clarisse McClellan"},{"question":"Author of Fahrenheit 451 ","answer":"Ray Bradbury"},{"question":"Number of walls in Mildred's \"family\"","answer":"3"},{"question":"Clarisse makes Montag question this feeling","answer":"Happiness"},{"question":"Mildred ___, so techies were called. ","answer":"Ate too many sleeping pills"},{"question":"Leader of so-called \"criminals\" ","answer":"Granger"},{"question":"Montag original thoughts on burning","answer":"Pleasing"},{"question":"Montag convinced Faber to help him by...","answer":"Ripping pages out of the Bible"},{"question":"The Hound's weapon","answer":"A procaine needle"},{"question":"Name of fireman that Montag reported","answer":"Black"},{"question":"A(n) ___ man is killed instead of Montag","answer":"Innocent"}]
{"level":"info","message":"Started game in room room17.","timestamp":"2018-03-12T01:07:16.725Z"}
{"room17":{"type":"double","gameInfo":{"leader":"tZUyEA7cVzktvdanAAAD","player2":"WcQWscUCHNdjP6HhAAAC"},"game":{"turn":"leader","card1":null,"card2":null},"ready":{"leader":true,"player2":true},"started":1,"abandoned":false,"cards":["Dover Beach","Author of Fahrenheit 451 ","Pleasing","Black","Number of walls in Mildred's \"family\"","The Hound's weapon","Granger","Leader of so-called \"criminals\" ","Montag's wife","Montag original thoughts on burning","The book Montag memorized","A machine that tries to kill Montag","The Hound","Mildred ___, so techies were called. ","Temperature at which paper burns","Happiness","Most important girl in the story","Name of fireman that Montag reported","Ate too many sleeping pills","Main character","A procaine needle","Last Person killed by Montag","Ray Bradbury","3","A(n) ___ man is killed instead of Montag","Mildred","Clarisse McClellan","Ripping pages out of the Bible","Captain Beatty","Innocent","Guy Montag","Book of Ecclesiastes","Montag convinced Faber to help him by...","Clarisse makes Montag question this feeling","451 degrees Farenheit","Poem that Montag reads"]},"level":"silly","message":"","timestamp":"2018-03-12T01:07:16.729Z"}
{"level":"silly","message":"card click in room room17","timestamp":"2018-03-12T01:07:18.166Z"}
{"level":"silly","message":"told to flip","timestamp":"2018-03-12T01:07:18.167Z"}
{"room17":{"type":"double","gameInfo":{"leader":"tZUyEA7cVzktvdanAAAD","player2":"WcQWscUCHNdjP6HhAAAC"},"game":{"turn":"leader","card1":"Pleasing","card2":null},"ready":{"leader":true,"player2":true},"started":1,"abandoned":false,"cards":["Dover Beach","Author of Fahrenheit 451 ","Pleasing","Black","Number of walls in Mildred's \"family\"","The Hound's weapon","Granger","Leader of so-called \"criminals\" ","Montag's wife","Montag original thoughts on burning","The book Montag memorized","A machine that tries to kill Montag","The Hound","Mildred ___, so techies were called. ","Temperature at which paper burns","Happiness","Most important girl in the story","Name of fireman that Montag reported","Ate too many sleeping pills","Main character","A procaine needle","Last Person killed by Montag","Ray Bradbury","3","A(n) ___ man is killed instead of Montag","Mildred","Clarisse McClellan","Ripping pages out of the Bible","Captain Beatty","Innocent","Guy Montag","Book of Ecclesiastes","Montag convinced Faber to help him by...","Clarisse makes Montag question this feeling","451 degrees Farenheit","Poem that Montag reads"]},"level":"silly","message":"","timestamp":"2018-03-12T01:07:18.168Z"}
{"level":"silly","message":"card click in room room17","timestamp":"2018-03-12T01:07:20.076Z"}
{"level":"silly","message":"told to flip","timestamp":"2018-03-12T01:07:20.077Z"}
{"room17":{"type":"double","gameInfo":{"leader":"tZUyEA7cVzktvdanAAAD","player2":"WcQWscUCHNdjP6HhAAAC"},"game":{"turn":"leader","card1":"Pleasing","card2":null},"ready":{"leader":true,"player2":true},"started":1,"abandoned":false,"cards":["Dover Beach","Author of Fahrenheit 451 ","Pleasing","Black","Number of walls in Mildred's \"family\"","The Hound's weapon","Granger","Leader of so-called \"criminals\" ","Montag's wife","Montag original thoughts on burning","The book Montag memorized","A machine that tries to kill Montag","The Hound","Mildred ___, so techies were called. ","Temperature at which paper burns","Happiness","Most important girl in the story","Name of fireman that Montag reported","Ate too many sleeping pills","Main character","A procaine needle","Last Person killed by Montag","Ray Bradbury","3","A(n) ___ man is killed instead of Montag","Mildred","Clarisse McClellan","Ripping pages out of the Bible","Captain Beatty","Innocent","Guy Montag","Book of Ecclesiastes","Montag convinced Faber to help him by...","Clarisse makes Montag question this feeling","451 degrees Farenheit","Poem that Montag reads"]},"level":"silly","message":"","timestamp":"2018-03-12T01:07:20.078Z"}
{"level":"silly","message":"card click in room room17","timestamp":"2018-03-12T01:07:20.781Z"}
{"level":"silly","message":"told to flip","timestamp":"2018-03-12T01:07:20.782Z"}
{"room17":{"type":"double","gameInfo":{"leader":"tZUyEA7cVzktvdanAAAD","player2":"WcQWscUCHNdjP6HhAAAC"},"game":{"turn":"leader","card1":"Montag's wife","card2":null},"ready":{"leader":true,"player2":true},"started":1,"abandoned":false,"cards":["Dover Beach","Author of Fahrenheit 451 ","Pleasing","Black","Number of walls in Mildred's \"family\"","The Hound's weapon","Granger","Leader of so-called \"criminals\" ","Montag's wife","Montag original thoughts on burning","The book Montag memorized","A machine that tries to kill Montag","The Hound","Mildred ___, so techies were called. ","Temperature at which paper burns","Happiness","Most important girl in the story","Name of fireman that Montag reported","Ate too many sleeping pills","Main character","A procaine needle","Last Person killed by Montag","Ray Bradbury","3","A(n) ___ man is killed instead of Montag","Mildred","Clarisse McClellan","Ripping pages out of the Bible","Captain Beatty","Innocent","Guy Montag","Book of Ecclesiastes","Montag convinced Faber to help him by...","Clarisse makes Montag question this feeling","451 degrees Farenheit","Poem that Montag reads"]},"level":"silly","message":"","timestamp":"2018-03-12T01:07:20.782Z"}
{"level":"silly","message":"card click in room room17","timestamp":"2018-03-12T01:07:24.461Z"}
{"level":"silly","message":"told to flip","timestamp":"2018-03-12T01:07:24.462Z"}
{"room17":{"type":"double","gameInfo":{"leader":"tZUyEA7cVzktvdanAAAD","player2":"WcQWscUCHNdjP6HhAAAC"},"game":{"turn":"leader","card1":"Pleasing","card2":null},"ready":{"leader":true,"player2":true},"started":1,"abandoned":false,"cards":["Dover Beach","Author of Fahrenheit 451 ","Pleasing","Black","Number of walls in Mildred's \"family\"","The Hound's weapon","Granger","Leader of so-called \"criminals\" ","Montag's wife","Montag original thoughts on burning","The book Montag memorized","A machine that tries to kill Montag","The Hound","Mildred ___, so techies were called. ","Temperature at which paper burns","Happiness","Most important girl in the story","Name of fireman that Montag reported","Ate too many sleeping pills","Main character","A procaine needle","Last Person killed by Montag","Ray Bradbury","3","A(n) ___ man is killed instead of Montag","Mildred","Clarisse McClellan","Ripping pages out of the Bible","Captain Beatty","Innocent","Guy Montag","Book of Ecclesiastes","Montag convinced Faber to help him by...","Clarisse makes Montag question this feeling","451 degrees Farenheit","Poem that Montag reads"]},"level":"silly","message":"","timestamp":"2018-03-12T01:07:24.462Z"}
{"level":"info","message":"-1 user. Key: tZUyEA7cVzktvdanAAAD Total: 2","timestamp":"2018-03-12T01:08:01.099Z"}
{"level":"info","message":"Removed user asda from lobby clean","timestamp":"2018-03-12T01:08:01.099Z"}
{"level":"info","message":"Removed user asda from lobby main","timestamp":"2018-03-12T01:08:01.099Z"}
{"level":"info","message":"Deleting asda","timestamp":"2018-03-12T01:08:01.100Z"}
{"level":"info","message":"+1 user! Key: 0Mue2uPXYFTzX2M3AAAE Total: 2","timestamp":"2018-03-12T01:08:01.730Z"}
{"WcQWscUCHNdjP6HhAAAC":{"logged_in":true,"username":"asd"},"0Mue2uPXYFTzX2M3AAAE":{"logged_in":false},"level":"silly","message":"","timestamp":"2018-03-12T01:08:01.730Z"}
{"WcQWscUCHNdjP6HhAAAC":{"logged_in":true,"username":"asd"},"0Mue2uPXYFTzX2M3AAAE":{"logged_in":true,"username":"asdasd"},"level":"silly","message":"","timestamp":"2018-03-12T01:08:05.603Z"}
{"level":"info","message":"Login: asdasd","timestamp":"2018-03-12T01:08:05.604Z"}
{"level":"info","message":"Move asdasd to lobby 'main'.","timestamp":"2018-03-12T01:08:05.605Z"}
{"main":{"WcQWscUCHNdjP6HhAAAC":"asd","0Mue2uPXYFTzX2M3AAAE":"asdasd"},"level":"silly","message":"","timestamp":"2018-03-12T01:08:05.605Z"}
{"level":"info","message":"-1 user. Key: WcQWscUCHNdjP6HhAAAC Total: 2","timestamp":"2018-03-12T01:08:13.721Z"}
{"level":"info","message":"Removed user asd from lobby clean","timestamp":"2018-03-12T01:08:13.721Z"}
{"level":"info","message":"Removed user asd from lobby main","timestamp":"2018-03-12T01:08:13.721Z"}
{"level":"info","message":"Deleting asd","timestamp":"2018-03-12T01:08:13.721Z"}
{"level":"info","message":"+1 user! Key: jq___nUpGeW12ZMhAAAF Total: 2","timestamp":"2018-03-12T01:08:14.326Z"}
{"0Mue2uPXYFTzX2M3AAAE":{"logged_in":true,"username":"asdasd"},"jq___nUpGeW12ZMhAAAF":{"logged_in":false},"level":"silly","message":"","timestamp":"2018-03-12T01:08:14.326Z"}
{"0Mue2uPXYFTzX2M3AAAE":{"logged_in":true,"username":"asdasd"},"jq___nUpGeW12ZMhAAAF":{"logged_in":true,"username":"asdf"},"level":"silly","message":"","timestamp":"2018-03-12T01:08:16.836Z"}
{"level":"info","message":"Login: asdf","timestamp":"2018-03-12T01:08:16.837Z"}
{"level":"info","message":"Move asdf to lobby 'main'.","timestamp":"2018-03-12T01:08:16.837Z"}
{"main":{"0Mue2uPXYFTzX2M3AAAE":"asdasd","jq___nUpGeW12ZMhAAAF":"asdf"},"level":"silly","message":"","timestamp":"2018-03-12T01:08:16.838Z"}
{"room17":{"type":"double","gameInfo":{"leader":"tZUyEA7cVzktvdanAAAD","player2":"WcQWscUCHNdjP6HhAAAC"},"game":{"turn":"leader","card1":"Pleasing","card2":null},"ready":{"leader":true,"player2":true},"started":1,"abandoned":false,"cards":["Dover Beach","Author of Fahrenheit 451 ","Pleasing","Black","Number of walls in Mildred's \"family\"","The Hound's weapon","Granger","Leader of so-called \"criminals\" ","Montag's wife","Montag original thoughts on burning","The book Montag memorized","A machine that tries to kill Montag","The Hound","Mildred ___, so techies were called. ","Temperature at which paper burns","Happiness","Most important girl in the story","Name of fireman that Montag reported","Ate too many sleeping pills","Main character","A procaine needle","Last Person killed by Montag","Ray Bradbury","3","A(n) ___ man is killed instead of Montag","Mildred","Clarisse McClellan","Ripping pages out of the Bible","Captain Beatty","Innocent","Guy Montag","Book of Ecclesiastes","Montag convinced Faber to help him by...","Clarisse makes Montag question this feeling","451 degrees Farenheit","Poem that Montag reads"]},"room32":{"type":"double","gameInfo":{"leader":"jq___nUpGeW12ZMhAAAF","player2":null},"game":{},"ready":{"leader":false,"player2":false},"started":false,"abandoned":false},"level":"silly","message":"","timestamp":"2018-03-12T01:08:18.435Z"}
{"room17":{"type":"double","gameInfo":{"leader":"tZUyEA7cVzktvdanAAAD","player2":"WcQWscUCHNdjP6HhAAAC"},"game":{"turn":"leader","card1":"Pleasing","card2":null},"ready":{"leader":true,"player2":true},"started":1,"abandoned":false,"cards":["Dover Beach","Author of Fahrenheit 451 ","Pleasing","Black","Number of walls in Mildred's \"family\"","The Hound's weapon","Granger","Leader of so-called \"criminals\" ","Montag's wife","Montag original thoughts on burning","The book Montag memorized","A machine that tries to kill Montag","The Hound","Mildred ___, so techies were called. ","Temperature at which paper burns","Happiness","Most important girl in the story","Name of fireman that Montag reported","Ate too many sleeping pills","Main character","A procaine needle","Last Person killed by Montag","Ray Bradbury","3","A(n) ___ man is killed instead of Montag","Mildred","Clarisse McClellan","Ripping pages out of the Bible","Captain Beatty","Innocent","Guy Montag","Book of Ecclesiastes","Montag convinced Faber to help him by...","Clarisse makes Montag question this feeling","451 degrees Farenheit","Poem that Montag reads"]},"room32":{"type":"double","gameInfo":{"leader":"jq___nUpGeW12ZMhAAAF","player2":null},"game":{},"ready":{"leader":false,"player2":false},"started":false,"abandoned":false},"room51":{"type":"double","gameInfo":{"leader":"0Mue2uPXYFTzX2M3AAAE","player2":null},"game":{},"ready":{"leader":false,"player2":false},"started":false,"abandoned":false},"level":"silly","message":"","timestamp":"2018-03-12T01:08:28.870Z"}
{"level":"silly","message":"card click in room room32","timestamp":"2018-03-12T01:08:30.402Z"}
